[ 2018-11-03T15:22:11+08:00 ] ::1 /applicationServer/Home/User/login/coco/19980408
INFO: [ app_init ] --START--
INFO: Run Behavior\BuildLiteBehavior [ RunTime:0.000023s ]
INFO: [ app_init ] --END-- [ RunTime:0.003099s ]
INFO: [ app_begin ] --START--
INFO: Run Behavior\ReadHtmlCacheBehavior [ RunTime:0.003876s ]
INFO: [ app_begin ] --END-- [ RunTime:0.003984s ]
NOTIC: [8] Undefined index: HTTP_ACCEPT C:\wamp64\www\applicationServer\ThinkPHP\Library\Think\Controller\RestController.class.php 第 118 行.
NOTIC: [8] Undefined index: HTTP_ACCEPT C:\wamp64\www\applicationServer\ThinkPHP\Library\Think\Controller\RestController.class.php 第 118 行.
NOTIC: [8] Undefined index: HTTP_ACCEPT C:\wamp64\www\applicationServer\ThinkPHP\Library\Think\Controller\RestController.class.php 第 118 行.
NOTIC: [8] Undefined index: HTTP_ACCEPT C:\wamp64\www\applicationServer\ThinkPHP\Library\Think\Controller\RestController.class.php 第 118 行.
NOTIC: [8] Undefined index: HTTP_ACCEPT C:\wamp64\www\applicationServer\ThinkPHP\Library\Think\Controller\RestController.class.php 第 118 行.
NOTIC: [8] Undefined index: HTTP_ACCEPT C:\wamp64\www\applicationServer\ThinkPHP\Library\Think\Controller\RestController.class.php 第 118 行.
NOTIC: [8] Undefined index: HTTP_ACCEPT C:\wamp64\www\applicationServer\ThinkPHP\Library\Think\Controller\RestController.class.php 第 118 行.
NOTIC: [8] Undefined index: HTTP_ACCEPT C:\wamp64\www\applicationServer\ThinkPHP\Library\Think\Controller\RestController.class.php 第 118 行.
NOTIC: [8] Undefined index: HTTP_ACCEPT C:\wamp64\www\applicationServer\ThinkPHP\Library\Think\Controller\RestController.class.php 第 118 行.
NOTIC: [8] Undefined index: HTTP_ACCEPT C:\wamp64\www\applicationServer\ThinkPHP\Library\Think\Controller\RestController.class.php 第 118 行.
NOTIC: [8] Undefined index: HTTP_ACCEPT C:\wamp64\www\applicationServer\ThinkPHP\Library\Think\Controller\RestController.class.php 第 118 行.
NOTIC: [8] Undefined index: HTTP_ACCEPT C:\wamp64\www\applicationServer\ThinkPHP\Library\Think\Controller\RestController.class.php 第 118 行.
NOTIC: [8] Undefined index: HTTP_ACCEPT C:\wamp64\www\applicationServer\ThinkPHP\Library\Think\Controller\RestController.class.php 第 118 行.
NOTIC: [8] Undefined index: HTTP_ACCEPT C:\wamp64\www\applicationServer\ThinkPHP\Library\Think\Controller\RestController.class.php 第 118 行.
NOTIC: [8] Undefined index: HTTP_ACCEPT C:\wamp64\www\applicationServer\ThinkPHP\Library\Think\Controller\RestController.class.php 第 118 行.
NOTIC: [8] Undefined index: HTTP_ACCEPT C:\wamp64\www\applicationServer\ThinkPHP\Library\Think\Controller\RestController.class.php 第 118 行.
NOTIC: [8] Undefined index: HTTP_ACCEPT C:\wamp64\www\applicationServer\ThinkPHP\Library\Think\Controller\RestController.class.php 第 118 行.
NOTIC: [8] Undefined index: HTTP_ACCEPT C:\wamp64\www\applicationServer\ThinkPHP\Library\Think\Controller\RestController.class.php 第 118 行.
NOTIC: [8] Undefined index: HTTP_ACCEPT C:\wamp64\www\applicationServer\ThinkPHP\Library\Think\Controller\RestController.class.php 第 118 行.
NOTIC: [8] Undefined index: HTTP_ACCEPT C:\wamp64\www\applicationServer\ThinkPHP\Library\Think\Controller\RestController.class.php 第 118 行.
NOTIC: [8] Undefined index: HTTP_ACCEPT C:\wamp64\www\applicationServer\ThinkPHP\Library\Think\Controller\RestController.class.php 第 118 行.
NOTIC: [8] Undefined index: HTTP_ACCEPT C:\wamp64\www\applicationServer\ThinkPHP\Library\Think\Controller\RestController.class.php 第 118 行.
NOTIC: [8] Undefined index: HTTP_ACCEPT C:\wamp64\www\applicationServer\ThinkPHP\Library\Think\Controller\RestController.class.php 第 118 行.
NOTIC: [8] Undefined index: HTTP_ACCEPT C:\wamp64\www\applicationServer\ThinkPHP\Library\Think\Controller\RestController.class.php 第 118 行.
NOTIC: [8] Undefined index: HTTP_ACCEPT C:\wamp64\www\applicationServer\ThinkPHP\Library\Think\Controller\RestController.class.php 第 118 行.
NOTIC: [8] Undefined index: HTTP_ACCEPT C:\wamp64\www\applicationServer\ThinkPHP\Library\Think\Controller\RestController.class.php 第 118 行.
SQL: SHOW COLUMNS FROM `users` [ RunTime:0.0177s ]
SQL: SELECT COUNT(*) AS tp_count FROM `users` WHERE ( username='coco' and passwords='19980408' ) LIMIT 1   [ RunTime:0.0040s ]

[ 2018-11-03T15:22:11+08:00 ] ::1 /applicationServer/Home/User/Getintro/coco
INFO: [ app_init ] --START--
INFO: Run Behavior\BuildLiteBehavior [ RunTime:0.000015s ]
INFO: [ app_init ] --END-- [ RunTime:0.000669s ]
INFO: [ app_begin ] --START--
INFO: Run Behavior\ReadHtmlCacheBehavior [ RunTime:0.001615s ]
INFO: [ app_begin ] --END-- [ RunTime:0.001714s ]
NOTIC: [8] Undefined index: HTTP_ACCEPT C:\wamp64\www\applicationServer\ThinkPHP\Library\Think\Controller\RestController.class.php 第 118 行.
NOTIC: [8] Undefined index: HTTP_ACCEPT C:\wamp64\www\applicationServer\ThinkPHP\Library\Think\Controller\RestController.class.php 第 118 行.
NOTIC: [8] Undefined index: HTTP_ACCEPT C:\wamp64\www\applicationServer\ThinkPHP\Library\Think\Controller\RestController.class.php 第 118 行.
NOTIC: [8] Undefined index: HTTP_ACCEPT C:\wamp64\www\applicationServer\ThinkPHP\Library\Think\Controller\RestController.class.php 第 118 行.
NOTIC: [8] Undefined index: HTTP_ACCEPT C:\wamp64\www\applicationServer\ThinkPHP\Library\Think\Controller\RestController.class.php 第 118 行.
NOTIC: [8] Undefined index: HTTP_ACCEPT C:\wamp64\www\applicationServer\ThinkPHP\Library\Think\Controller\RestController.class.php 第 118 行.
NOTIC: [8] Undefined index: HTTP_ACCEPT C:\wamp64\www\applicationServer\ThinkPHP\Library\Think\Controller\RestController.class.php 第 118 行.
NOTIC: [8] Undefined index: HTTP_ACCEPT C:\wamp64\www\applicationServer\ThinkPHP\Library\Think\Controller\RestController.class.php 第 118 行.
NOTIC: [8] Undefined index: HTTP_ACCEPT C:\wamp64\www\applicationServer\ThinkPHP\Library\Think\Controller\RestController.class.php 第 118 行.
NOTIC: [8] Undefined index: HTTP_ACCEPT C:\wamp64\www\applicationServer\ThinkPHP\Library\Think\Controller\RestController.class.php 第 118 行.
NOTIC: [8] Undefined index: HTTP_ACCEPT C:\wamp64\www\applicationServer\ThinkPHP\Library\Think\Controller\RestController.class.php 第 118 行.
NOTIC: [8] Undefined index: HTTP_ACCEPT C:\wamp64\www\applicationServer\ThinkPHP\Library\Think\Controller\RestController.class.php 第 118 行.
NOTIC: [8] Undefined index: HTTP_ACCEPT C:\wamp64\www\applicationServer\ThinkPHP\Library\Think\Controller\RestController.class.php 第 118 行.
NOTIC: [8] Undefined index: HTTP_ACCEPT C:\wamp64\www\applicationServer\ThinkPHP\Library\Think\Controller\RestController.class.php 第 118 行.
NOTIC: [8] Undefined index: HTTP_ACCEPT C:\wamp64\www\applicationServer\ThinkPHP\Library\Think\Controller\RestController.class.php 第 118 行.
NOTIC: [8] Undefined index: HTTP_ACCEPT C:\wamp64\www\applicationServer\ThinkPHP\Library\Think\Controller\RestController.class.php 第 118 行.
NOTIC: [8] Undefined index: HTTP_ACCEPT C:\wamp64\www\applicationServer\ThinkPHP\Library\Think\Controller\RestController.class.php 第 118 行.
NOTIC: [8] Undefined index: HTTP_ACCEPT C:\wamp64\www\applicationServer\ThinkPHP\Library\Think\Controller\RestController.class.php 第 118 行.
NOTIC: [8] Undefined index: HTTP_ACCEPT C:\wamp64\www\applicationServer\ThinkPHP\Library\Think\Controller\RestController.class.php 第 118 行.
NOTIC: [8] Undefined index: HTTP_ACCEPT C:\wamp64\www\applicationServer\ThinkPHP\Library\Think\Controller\RestController.class.php 第 118 行.
NOTIC: [8] Undefined index: HTTP_ACCEPT C:\wamp64\www\applicationServer\ThinkPHP\Library\Think\Controller\RestController.class.php 第 118 行.
NOTIC: [8] Undefined index: HTTP_ACCEPT C:\wamp64\www\applicationServer\ThinkPHP\Library\Think\Controller\RestController.class.php 第 118 行.
NOTIC: [8] Undefined index: HTTP_ACCEPT C:\wamp64\www\applicationServer\ThinkPHP\Library\Think\Controller\RestController.class.php 第 118 行.
NOTIC: [8] Undefined index: HTTP_ACCEPT C:\wamp64\www\applicationServer\ThinkPHP\Library\Think\Controller\RestController.class.php 第 118 行.
NOTIC: [8] Undefined index: HTTP_ACCEPT C:\wamp64\www\applicationServer\ThinkPHP\Library\Think\Controller\RestController.class.php 第 118 行.
NOTIC: [8] Undefined index: HTTP_ACCEPT C:\wamp64\www\applicationServer\ThinkPHP\Library\Think\Controller\RestController.class.php 第 118 行.
SQL: SHOW COLUMNS FROM `users` [ RunTime:0.0064s ]
SQL: SELECT * FROM `users` WHERE ( username='coco' )  [ RunTime:0.0007s ]

[ 2018-11-03T15:22:24+08:00 ] ::1 /applicationServer/Home/Blog/GetBlogList/coco
INFO: [ app_init ] --START--
INFO: Run Behavior\BuildLiteBehavior [ RunTime:0.000021s ]
INFO: [ app_init ] --END-- [ RunTime:0.000891s ]
INFO: [ app_begin ] --START--
INFO: Run Behavior\ReadHtmlCacheBehavior [ RunTime:0.001560s ]
INFO: [ app_begin ] --END-- [ RunTime:0.001647s ]
NOTIC: [8] Undefined index: HTTP_ACCEPT C:\wamp64\www\applicationServer\ThinkPHP\Library\Think\Controller\RestController.class.php 第 118 行.
NOTIC: [8] Undefined index: HTTP_ACCEPT C:\wamp64\www\applicationServer\ThinkPHP\Library\Think\Controller\RestController.class.php 第 118 行.
NOTIC: [8] Undefined index: HTTP_ACCEPT C:\wamp64\www\applicationServer\ThinkPHP\Library\Think\Controller\RestController.class.php 第 118 行.
NOTIC: [8] Undefined index: HTTP_ACCEPT C:\wamp64\www\applicationServer\ThinkPHP\Library\Think\Controller\RestController.class.php 第 118 行.
NOTIC: [8] Undefined index: HTTP_ACCEPT C:\wamp64\www\applicationServer\ThinkPHP\Library\Think\Controller\RestController.class.php 第 118 行.
NOTIC: [8] Undefined index: HTTP_ACCEPT C:\wamp64\www\applicationServer\ThinkPHP\Library\Think\Controller\RestController.class.php 第 118 行.
NOTIC: [8] Undefined index: HTTP_ACCEPT C:\wamp64\www\applicationServer\ThinkPHP\Library\Think\Controller\RestController.class.php 第 118 行.
NOTIC: [8] Undefined index: HTTP_ACCEPT C:\wamp64\www\applicationServer\ThinkPHP\Library\Think\Controller\RestController.class.php 第 118 行.
NOTIC: [8] Undefined index: HTTP_ACCEPT C:\wamp64\www\applicationServer\ThinkPHP\Library\Think\Controller\RestController.class.php 第 118 行.
NOTIC: [8] Undefined index: HTTP_ACCEPT C:\wamp64\www\applicationServer\ThinkPHP\Library\Think\Controller\RestController.class.php 第 118 行.
NOTIC: [8] Undefined index: HTTP_ACCEPT C:\wamp64\www\applicationServer\ThinkPHP\Library\Think\Controller\RestController.class.php 第 118 行.
NOTIC: [8] Undefined index: HTTP_ACCEPT C:\wamp64\www\applicationServer\ThinkPHP\Library\Think\Controller\RestController.class.php 第 118 行.
NOTIC: [8] Undefined index: HTTP_ACCEPT C:\wamp64\www\applicationServer\ThinkPHP\Library\Think\Controller\RestController.class.php 第 118 行.
NOTIC: [8] Undefined index: HTTP_ACCEPT C:\wamp64\www\applicationServer\ThinkPHP\Library\Think\Controller\RestController.class.php 第 118 行.
NOTIC: [8] Undefined index: HTTP_ACCEPT C:\wamp64\www\applicationServer\ThinkPHP\Library\Think\Controller\RestController.class.php 第 118 行.
NOTIC: [8] Undefined index: HTTP_ACCEPT C:\wamp64\www\applicationServer\ThinkPHP\Library\Think\Controller\RestController.class.php 第 118 行.
NOTIC: [8] Undefined index: HTTP_ACCEPT C:\wamp64\www\applicationServer\ThinkPHP\Library\Think\Controller\RestController.class.php 第 118 行.
NOTIC: [8] Undefined index: HTTP_ACCEPT C:\wamp64\www\applicationServer\ThinkPHP\Library\Think\Controller\RestController.class.php 第 118 行.
NOTIC: [8] Undefined index: HTTP_ACCEPT C:\wamp64\www\applicationServer\ThinkPHP\Library\Think\Controller\RestController.class.php 第 118 行.
NOTIC: [8] Undefined index: HTTP_ACCEPT C:\wamp64\www\applicationServer\ThinkPHP\Library\Think\Controller\RestController.class.php 第 118 行.
NOTIC: [8] Undefined index: HTTP_ACCEPT C:\wamp64\www\applicationServer\ThinkPHP\Library\Think\Controller\RestController.class.php 第 118 行.
NOTIC: [8] Undefined index: HTTP_ACCEPT C:\wamp64\www\applicationServer\ThinkPHP\Library\Think\Controller\RestController.class.php 第 118 行.
NOTIC: [8] Undefined index: HTTP_ACCEPT C:\wamp64\www\applicationServer\ThinkPHP\Library\Think\Controller\RestController.class.php 第 118 行.
NOTIC: [8] Undefined index: HTTP_ACCEPT C:\wamp64\www\applicationServer\ThinkPHP\Library\Think\Controller\RestController.class.php 第 118 行.
NOTIC: [8] Undefined index: HTTP_ACCEPT C:\wamp64\www\applicationServer\ThinkPHP\Library\Think\Controller\RestController.class.php 第 118 行.
NOTIC: [8] Undefined index: HTTP_ACCEPT C:\wamp64\www\applicationServer\ThinkPHP\Library\Think\Controller\RestController.class.php 第 118 行.
SQL: SHOW COLUMNS FROM `blog` [ RunTime:0.0015s ]
SQL: SELECT * FROM `blog` WHERE ( username='coco' ) ORDER BY title  [ RunTime:0.0018s ]

[ 2018-11-03T15:22:24+08:00 ] ::1 /applicationServer/Home/Blog/GetContentOfBlogID/b687cd56-6eec-4d2b-a420-37d802dad96d
INFO: [ app_init ] --START--
INFO: Run Behavior\BuildLiteBehavior [ RunTime:0.000014s ]
INFO: [ app_init ] --END-- [ RunTime:0.000555s ]
INFO: [ app_begin ] --START--
INFO: Run Behavior\ReadHtmlCacheBehavior [ RunTime:0.001233s ]
INFO: [ app_begin ] --END-- [ RunTime:0.001359s ]
NOTIC: [8] Undefined index: HTTP_ACCEPT C:\wamp64\www\applicationServer\ThinkPHP\Library\Think\Controller\RestController.class.php 第 118 行.
NOTIC: [8] Undefined index: HTTP_ACCEPT C:\wamp64\www\applicationServer\ThinkPHP\Library\Think\Controller\RestController.class.php 第 118 行.
NOTIC: [8] Undefined index: HTTP_ACCEPT C:\wamp64\www\applicationServer\ThinkPHP\Library\Think\Controller\RestController.class.php 第 118 行.
NOTIC: [8] Undefined index: HTTP_ACCEPT C:\wamp64\www\applicationServer\ThinkPHP\Library\Think\Controller\RestController.class.php 第 118 行.
NOTIC: [8] Undefined index: HTTP_ACCEPT C:\wamp64\www\applicationServer\ThinkPHP\Library\Think\Controller\RestController.class.php 第 118 行.
NOTIC: [8] Undefined index: HTTP_ACCEPT C:\wamp64\www\applicationServer\ThinkPHP\Library\Think\Controller\RestController.class.php 第 118 行.
NOTIC: [8] Undefined index: HTTP_ACCEPT C:\wamp64\www\applicationServer\ThinkPHP\Library\Think\Controller\RestController.class.php 第 118 行.
NOTIC: [8] Undefined index: HTTP_ACCEPT C:\wamp64\www\applicationServer\ThinkPHP\Library\Think\Controller\RestController.class.php 第 118 行.
NOTIC: [8] Undefined index: HTTP_ACCEPT C:\wamp64\www\applicationServer\ThinkPHP\Library\Think\Controller\RestController.class.php 第 118 行.
NOTIC: [8] Undefined index: HTTP_ACCEPT C:\wamp64\www\applicationServer\ThinkPHP\Library\Think\Controller\RestController.class.php 第 118 行.
NOTIC: [8] Undefined index: HTTP_ACCEPT C:\wamp64\www\applicationServer\ThinkPHP\Library\Think\Controller\RestController.class.php 第 118 行.
NOTIC: [8] Undefined index: HTTP_ACCEPT C:\wamp64\www\applicationServer\ThinkPHP\Library\Think\Controller\RestController.class.php 第 118 行.
NOTIC: [8] Undefined index: HTTP_ACCEPT C:\wamp64\www\applicationServer\ThinkPHP\Library\Think\Controller\RestController.class.php 第 118 行.
NOTIC: [8] Undefined index: HTTP_ACCEPT C:\wamp64\www\applicationServer\ThinkPHP\Library\Think\Controller\RestController.class.php 第 118 行.
NOTIC: [8] Undefined index: HTTP_ACCEPT C:\wamp64\www\applicationServer\ThinkPHP\Library\Think\Controller\RestController.class.php 第 118 行.
NOTIC: [8] Undefined index: HTTP_ACCEPT C:\wamp64\www\applicationServer\ThinkPHP\Library\Think\Controller\RestController.class.php 第 118 行.
NOTIC: [8] Undefined index: HTTP_ACCEPT C:\wamp64\www\applicationServer\ThinkPHP\Library\Think\Controller\RestController.class.php 第 118 行.
NOTIC: [8] Undefined index: HTTP_ACCEPT C:\wamp64\www\applicationServer\ThinkPHP\Library\Think\Controller\RestController.class.php 第 118 行.
NOTIC: [8] Undefined index: HTTP_ACCEPT C:\wamp64\www\applicationServer\ThinkPHP\Library\Think\Controller\RestController.class.php 第 118 行.
NOTIC: [8] Undefined index: HTTP_ACCEPT C:\wamp64\www\applicationServer\ThinkPHP\Library\Think\Controller\RestController.class.php 第 118 行.
NOTIC: [8] Undefined index: HTTP_ACCEPT C:\wamp64\www\applicationServer\ThinkPHP\Library\Think\Controller\RestController.class.php 第 118 行.
NOTIC: [8] Undefined index: HTTP_ACCEPT C:\wamp64\www\applicationServer\ThinkPHP\Library\Think\Controller\RestController.class.php 第 118 行.
NOTIC: [8] Undefined index: HTTP_ACCEPT C:\wamp64\www\applicationServer\ThinkPHP\Library\Think\Controller\RestController.class.php 第 118 行.
NOTIC: [8] Undefined index: HTTP_ACCEPT C:\wamp64\www\applicationServer\ThinkPHP\Library\Think\Controller\RestController.class.php 第 118 行.
NOTIC: [8] Undefined index: HTTP_ACCEPT C:\wamp64\www\applicationServer\ThinkPHP\Library\Think\Controller\RestController.class.php 第 118 行.
NOTIC: [8] Undefined index: HTTP_ACCEPT C:\wamp64\www\applicationServer\ThinkPHP\Library\Think\Controller\RestController.class.php 第 118 行.
SQL: SHOW COLUMNS FROM `blog` [ RunTime:0.0049s ]
SQL: SELECT * FROM `blog` WHERE ( blogID='b687cd56-6eec-4d2b-a420-37d802dad96d' ) ORDER BY content  [ RunTime:0.0008s ]

[ 2018-11-03T15:22:28+08:00 ] ::1 /applicationServer/Home/User/Getintro/coco
INFO: [ app_init ] --START--
INFO: Run Behavior\BuildLiteBehavior [ RunTime:0.000014s ]
INFO: [ app_init ] --END-- [ RunTime:0.000547s ]
INFO: [ app_begin ] --START--
INFO: Run Behavior\ReadHtmlCacheBehavior [ RunTime:0.001639s ]
INFO: [ app_begin ] --END-- [ RunTime:0.001727s ]
NOTIC: [8] Undefined index: HTTP_ACCEPT C:\wamp64\www\applicationServer\ThinkPHP\Library\Think\Controller\RestController.class.php 第 118 行.
NOTIC: [8] Undefined index: HTTP_ACCEPT C:\wamp64\www\applicationServer\ThinkPHP\Library\Think\Controller\RestController.class.php 第 118 行.
NOTIC: [8] Undefined index: HTTP_ACCEPT C:\wamp64\www\applicationServer\ThinkPHP\Library\Think\Controller\RestController.class.php 第 118 行.
NOTIC: [8] Undefined index: HTTP_ACCEPT C:\wamp64\www\applicationServer\ThinkPHP\Library\Think\Controller\RestController.class.php 第 118 行.
NOTIC: [8] Undefined index: HTTP_ACCEPT C:\wamp64\www\applicationServer\ThinkPHP\Library\Think\Controller\RestController.class.php 第 118 行.
NOTIC: [8] Undefined index: HTTP_ACCEPT C:\wamp64\www\applicationServer\ThinkPHP\Library\Think\Controller\RestController.class.php 第 118 行.
NOTIC: [8] Undefined index: HTTP_ACCEPT C:\wamp64\www\applicationServer\ThinkPHP\Library\Think\Controller\RestController.class.php 第 118 行.
NOTIC: [8] Undefined index: HTTP_ACCEPT C:\wamp64\www\applicationServer\ThinkPHP\Library\Think\Controller\RestController.class.php 第 118 行.
NOTIC: [8] Undefined index: HTTP_ACCEPT C:\wamp64\www\applicationServer\ThinkPHP\Library\Think\Controller\RestController.class.php 第 118 行.
NOTIC: [8] Undefined index: HTTP_ACCEPT C:\wamp64\www\applicationServer\ThinkPHP\Library\Think\Controller\RestController.class.php 第 118 行.
NOTIC: [8] Undefined index: HTTP_ACCEPT C:\wamp64\www\applicationServer\ThinkPHP\Library\Think\Controller\RestController.class.php 第 118 行.
NOTIC: [8] Undefined index: HTTP_ACCEPT C:\wamp64\www\applicationServer\ThinkPHP\Library\Think\Controller\RestController.class.php 第 118 行.
NOTIC: [8] Undefined index: HTTP_ACCEPT C:\wamp64\www\applicationServer\ThinkPHP\Library\Think\Controller\RestController.class.php 第 118 行.
NOTIC: [8] Undefined index: HTTP_ACCEPT C:\wamp64\www\applicationServer\ThinkPHP\Library\Think\Controller\RestController.class.php 第 118 行.
NOTIC: [8] Undefined index: HTTP_ACCEPT C:\wamp64\www\applicationServer\ThinkPHP\Library\Think\Controller\RestController.class.php 第 118 行.
NOTIC: [8] Undefined index: HTTP_ACCEPT C:\wamp64\www\applicationServer\ThinkPHP\Library\Think\Controller\RestController.class.php 第 118 行.
NOTIC: [8] Undefined index: HTTP_ACCEPT C:\wamp64\www\applicationServer\ThinkPHP\Library\Think\Controller\RestController.class.php 第 118 行.
NOTIC: [8] Undefined index: HTTP_ACCEPT C:\wamp64\www\applicationServer\ThinkPHP\Library\Think\Controller\RestController.class.php 第 118 行.
NOTIC: [8] Undefined index: HTTP_ACCEPT C:\wamp64\www\applicationServer\ThinkPHP\Library\Think\Controller\RestController.class.php 第 118 行.
NOTIC: [8] Undefined index: HTTP_ACCEPT C:\wamp64\www\applicationServer\ThinkPHP\Library\Think\Controller\RestController.class.php 第 118 行.
NOTIC: [8] Undefined index: HTTP_ACCEPT C:\wamp64\www\applicationServer\ThinkPHP\Library\Think\Controller\RestController.class.php 第 118 行.
NOTIC: [8] Undefined index: HTTP_ACCEPT C:\wamp64\www\applicationServer\ThinkPHP\Library\Think\Controller\RestController.class.php 第 118 行.
NOTIC: [8] Undefined index: HTTP_ACCEPT C:\wamp64\www\applicationServer\ThinkPHP\Library\Think\Controller\RestController.class.php 第 118 行.
NOTIC: [8] Undefined index: HTTP_ACCEPT C:\wamp64\www\applicationServer\ThinkPHP\Library\Think\Controller\RestController.class.php 第 118 行.
NOTIC: [8] Undefined index: HTTP_ACCEPT C:\wamp64\www\applicationServer\ThinkPHP\Library\Think\Controller\RestController.class.php 第 118 行.
NOTIC: [8] Undefined index: HTTP_ACCEPT C:\wamp64\www\applicationServer\ThinkPHP\Library\Think\Controller\RestController.class.php 第 118 行.
SQL: SHOW COLUMNS FROM `users` [ RunTime:0.0026s ]
SQL: SELECT * FROM `users` WHERE ( username='coco' )  [ RunTime:0.0005s ]

[ 2018-11-03T15:22:50+08:00 ] ::1 /applicationServer/Home/Blog/Newblog
INFO: [ app_init ] --START--
INFO: Run Behavior\BuildLiteBehavior [ RunTime:0.000013s ]
INFO: [ app_init ] --END-- [ RunTime:0.000516s ]
INFO: [ app_begin ] --START--
INFO: Run Behavior\ReadHtmlCacheBehavior [ RunTime:0.001032s ]
INFO: [ app_begin ] --END-- [ RunTime:0.001102s ]
NOTIC: [8] Undefined index: HTTP_ACCEPT C:\wamp64\www\applicationServer\ThinkPHP\Library\Think\Controller\RestController.class.php 第 118 行.
NOTIC: [8] Undefined index: HTTP_ACCEPT C:\wamp64\www\applicationServer\ThinkPHP\Library\Think\Controller\RestController.class.php 第 118 行.
NOTIC: [8] Undefined index: HTTP_ACCEPT C:\wamp64\www\applicationServer\ThinkPHP\Library\Think\Controller\RestController.class.php 第 118 行.
NOTIC: [8] Undefined index: HTTP_ACCEPT C:\wamp64\www\applicationServer\ThinkPHP\Library\Think\Controller\RestController.class.php 第 118 行.
NOTIC: [8] Undefined index: HTTP_ACCEPT C:\wamp64\www\applicationServer\ThinkPHP\Library\Think\Controller\RestController.class.php 第 118 行.
NOTIC: [8] Undefined index: HTTP_ACCEPT C:\wamp64\www\applicationServer\ThinkPHP\Library\Think\Controller\RestController.class.php 第 118 行.
NOTIC: [8] Undefined index: HTTP_ACCEPT C:\wamp64\www\applicationServer\ThinkPHP\Library\Think\Controller\RestController.class.php 第 118 行.
NOTIC: [8] Undefined index: HTTP_ACCEPT C:\wamp64\www\applicationServer\ThinkPHP\Library\Think\Controller\RestController.class.php 第 118 行.
NOTIC: [8] Undefined index: HTTP_ACCEPT C:\wamp64\www\applicationServer\ThinkPHP\Library\Think\Controller\RestController.class.php 第 118 行.
NOTIC: [8] Undefined index: HTTP_ACCEPT C:\wamp64\www\applicationServer\ThinkPHP\Library\Think\Controller\RestController.class.php 第 118 行.
NOTIC: [8] Undefined index: HTTP_ACCEPT C:\wamp64\www\applicationServer\ThinkPHP\Library\Think\Controller\RestController.class.php 第 118 行.
NOTIC: [8] Undefined index: HTTP_ACCEPT C:\wamp64\www\applicationServer\ThinkPHP\Library\Think\Controller\RestController.class.php 第 118 行.
NOTIC: [8] Undefined index: HTTP_ACCEPT C:\wamp64\www\applicationServer\ThinkPHP\Library\Think\Controller\RestController.class.php 第 118 行.
NOTIC: [8] Undefined index: HTTP_ACCEPT C:\wamp64\www\applicationServer\ThinkPHP\Library\Think\Controller\RestController.class.php 第 118 行.
NOTIC: [8] Undefined index: HTTP_ACCEPT C:\wamp64\www\applicationServer\ThinkPHP\Library\Think\Controller\RestController.class.php 第 118 行.
NOTIC: [8] Undefined index: HTTP_ACCEPT C:\wamp64\www\applicationServer\ThinkPHP\Library\Think\Controller\RestController.class.php 第 118 行.
NOTIC: [8] Undefined index: HTTP_ACCEPT C:\wamp64\www\applicationServer\ThinkPHP\Library\Think\Controller\RestController.class.php 第 118 行.
NOTIC: [8] Undefined index: HTTP_ACCEPT C:\wamp64\www\applicationServer\ThinkPHP\Library\Think\Controller\RestController.class.php 第 118 行.
NOTIC: [8] Undefined index: HTTP_ACCEPT C:\wamp64\www\applicationServer\ThinkPHP\Library\Think\Controller\RestController.class.php 第 118 行.
NOTIC: [8] Undefined index: HTTP_ACCEPT C:\wamp64\www\applicationServer\ThinkPHP\Library\Think\Controller\RestController.class.php 第 118 行.
NOTIC: [8] Undefined index: HTTP_ACCEPT C:\wamp64\www\applicationServer\ThinkPHP\Library\Think\Controller\RestController.class.php 第 118 行.
NOTIC: [8] Undefined index: HTTP_ACCEPT C:\wamp64\www\applicationServer\ThinkPHP\Library\Think\Controller\RestController.class.php 第 118 行.
NOTIC: [8] Undefined index: HTTP_ACCEPT C:\wamp64\www\applicationServer\ThinkPHP\Library\Think\Controller\RestController.class.php 第 118 行.
NOTIC: [8] Undefined index: HTTP_ACCEPT C:\wamp64\www\applicationServer\ThinkPHP\Library\Think\Controller\RestController.class.php 第 118 行.
NOTIC: [8] Undefined index: HTTP_ACCEPT C:\wamp64\www\applicationServer\ThinkPHP\Library\Think\Controller\RestController.class.php 第 118 行.
NOTIC: [8] Undefined index: HTTP_ACCEPT C:\wamp64\www\applicationServer\ThinkPHP\Library\Think\Controller\RestController.class.php 第 118 行.
NOTIC: [8] Undefined property: stdClass::$userid C:\wamp64\www\applicationServer\Application\Home\Controller\BlogController.class.php 第 25 行.
SQL: SHOW COLUMNS FROM `blog` [ RunTime:0.0027s ]
NOTIC: [8] Undefined index: validate C:\wamp64\www\applicationServer\ThinkPHP\Library\Think\Model.class.php 第 1185 行.
NOTIC: [8] Undefined index: auto C:\wamp64\www\applicationServer\ThinkPHP\Library\Think\Model.class.php 第 1128 行.
SQL: INSERT INTO `blog` (`blogID`,`blogtype`,`userID`,`username`,`title`,`content`) VALUES ('a58942a4-01b5-4bd5-83d5-b249522861a1','心情',NULL,'coco','嘿嘿嘿','哈哈哈哈哈哈哈哈哈哈哈哈或或或或或或或或或或或或或或或或或或或或或或或或或或或或或或或或或或或或或或或') [ RunTime:0.0024s ]

[ 2018-11-03T15:22:52+08:00 ] ::1 /applicationServer/Home/User/Getintro/coco
INFO: [ app_init ] --START--
INFO: Run Behavior\BuildLiteBehavior [ RunTime:0.000018s ]
INFO: [ app_init ] --END-- [ RunTime:0.000625s ]
INFO: [ app_begin ] --START--
INFO: Run Behavior\ReadHtmlCacheBehavior [ RunTime:0.000963s ]
INFO: [ app_begin ] --END-- [ RunTime:0.001019s ]
NOTIC: [8] Undefined index: HTTP_ACCEPT C:\wamp64\www\applicationServer\ThinkPHP\Library\Think\Controller\RestController.class.php 第 118 行.
NOTIC: [8] Undefined index: HTTP_ACCEPT C:\wamp64\www\applicationServer\ThinkPHP\Library\Think\Controller\RestController.class.php 第 118 行.
NOTIC: [8] Undefined index: HTTP_ACCEPT C:\wamp64\www\applicationServer\ThinkPHP\Library\Think\Controller\RestController.class.php 第 118 行.
NOTIC: [8] Undefined index: HTTP_ACCEPT C:\wamp64\www\applicationServer\ThinkPHP\Library\Think\Controller\RestController.class.php 第 118 行.
NOTIC: [8] Undefined index: HTTP_ACCEPT C:\wamp64\www\applicationServer\ThinkPHP\Library\Think\Controller\RestController.class.php 第 118 行.
NOTIC: [8] Undefined index: HTTP_ACCEPT C:\wamp64\www\applicationServer\ThinkPHP\Library\Think\Controller\RestController.class.php 第 118 行.
NOTIC: [8] Undefined index: HTTP_ACCEPT C:\wamp64\www\applicationServer\ThinkPHP\Library\Think\Controller\RestController.class.php 第 118 行.
NOTIC: [8] Undefined index: HTTP_ACCEPT C:\wamp64\www\applicationServer\ThinkPHP\Library\Think\Controller\RestController.class.php 第 118 行.
NOTIC: [8] Undefined index: HTTP_ACCEPT C:\wamp64\www\applicationServer\ThinkPHP\Library\Think\Controller\RestController.class.php 第 118 行.
NOTIC: [8] Undefined index: HTTP_ACCEPT C:\wamp64\www\applicationServer\ThinkPHP\Library\Think\Controller\RestController.class.php 第 118 行.
NOTIC: [8] Undefined index: HTTP_ACCEPT C:\wamp64\www\applicationServer\ThinkPHP\Library\Think\Controller\RestController.class.php 第 118 行.
NOTIC: [8] Undefined index: HTTP_ACCEPT C:\wamp64\www\applicationServer\ThinkPHP\Library\Think\Controller\RestController.class.php 第 118 行.
NOTIC: [8] Undefined index: HTTP_ACCEPT C:\wamp64\www\applicationServer\ThinkPHP\Library\Think\Controller\RestController.class.php 第 118 行.
NOTIC: [8] Undefined index: HTTP_ACCEPT C:\wamp64\www\applicationServer\ThinkPHP\Library\Think\Controller\RestController.class.php 第 118 行.
NOTIC: [8] Undefined index: HTTP_ACCEPT C:\wamp64\www\applicationServer\ThinkPHP\Library\Think\Controller\RestController.class.php 第 118 行.
NOTIC: [8] Undefined index: HTTP_ACCEPT C:\wamp64\www\applicationServer\ThinkPHP\Library\Think\Controller\RestController.class.php 第 118 行.
NOTIC: [8] Undefined index: HTTP_ACCEPT C:\wamp64\www\applicationServer\ThinkPHP\Library\Think\Controller\RestController.class.php 第 118 行.
NOTIC: [8] Undefined index: HTTP_ACCEPT C:\wamp64\www\applicationServer\ThinkPHP\Library\Think\Controller\RestController.class.php 第 118 行.
NOTIC: [8] Undefined index: HTTP_ACCEPT C:\wamp64\www\applicationServer\ThinkPHP\Library\Think\Controller\RestController.class.php 第 118 行.
NOTIC: [8] Undefined index: HTTP_ACCEPT C:\wamp64\www\applicationServer\ThinkPHP\Library\Think\Controller\RestController.class.php 第 118 行.
NOTIC: [8] Undefined index: HTTP_ACCEPT C:\wamp64\www\applicationServer\ThinkPHP\Library\Think\Controller\RestController.class.php 第 118 行.
NOTIC: [8] Undefined index: HTTP_ACCEPT C:\wamp64\www\applicationServer\ThinkPHP\Library\Think\Controller\RestController.class.php 第 118 行.
NOTIC: [8] Undefined index: HTTP_ACCEPT C:\wamp64\www\applicationServer\ThinkPHP\Library\Think\Controller\RestController.class.php 第 118 行.
NOTIC: [8] Undefined index: HTTP_ACCEPT C:\wamp64\www\applicationServer\ThinkPHP\Library\Think\Controller\RestController.class.php 第 118 行.
NOTIC: [8] Undefined index: HTTP_ACCEPT C:\wamp64\www\applicationServer\ThinkPHP\Library\Think\Controller\RestController.class.php 第 118 行.
NOTIC: [8] Undefined index: HTTP_ACCEPT C:\wamp64\www\applicationServer\ThinkPHP\Library\Think\Controller\RestController.class.php 第 118 行.
SQL: SHOW COLUMNS FROM `users` [ RunTime:0.0017s ]
SQL: SELECT * FROM `users` WHERE ( username='coco' )  [ RunTime:0.0007s ]

[ 2018-11-03T15:22:56+08:00 ] ::1 /applicationServer/Home/Blog/GetBlogList/coco
INFO: [ app_init ] --START--
INFO: Run Behavior\BuildLiteBehavior [ RunTime:0.000012s ]
INFO: [ app_init ] --END-- [ RunTime:0.000478s ]
INFO: [ app_begin ] --START--
INFO: Run Behavior\ReadHtmlCacheBehavior [ RunTime:0.000915s ]
INFO: [ app_begin ] --END-- [ RunTime:0.000964s ]
NOTIC: [8] Undefined index: HTTP_ACCEPT C:\wamp64\www\applicationServer\ThinkPHP\Library\Think\Controller\RestController.class.php 第 118 行.
NOTIC: [8] Undefined index: HTTP_ACCEPT C:\wamp64\www\applicationServer\ThinkPHP\Library\Think\Controller\RestController.class.php 第 118 行.
NOTIC: [8] Undefined index: HTTP_ACCEPT C:\wamp64\www\applicationServer\ThinkPHP\Library\Think\Controller\RestController.class.php 第 118 行.
NOTIC: [8] Undefined index: HTTP_ACCEPT C:\wamp64\www\applicationServer\ThinkPHP\Library\Think\Controller\RestController.class.php 第 118 行.
NOTIC: [8] Undefined index: HTTP_ACCEPT C:\wamp64\www\applicationServer\ThinkPHP\Library\Think\Controller\RestController.class.php 第 118 行.
NOTIC: [8] Undefined index: HTTP_ACCEPT C:\wamp64\www\applicationServer\ThinkPHP\Library\Think\Controller\RestController.class.php 第 118 行.
NOTIC: [8] Undefined index: HTTP_ACCEPT C:\wamp64\www\applicationServer\ThinkPHP\Library\Think\Controller\RestController.class.php 第 118 行.
NOTIC: [8] Undefined index: HTTP_ACCEPT C:\wamp64\www\applicationServer\ThinkPHP\Library\Think\Controller\RestController.class.php 第 118 行.
NOTIC: [8] Undefined index: HTTP_ACCEPT C:\wamp64\www\applicationServer\ThinkPHP\Library\Think\Controller\RestController.class.php 第 118 行.
NOTIC: [8] Undefined index: HTTP_ACCEPT C:\wamp64\www\applicationServer\ThinkPHP\Library\Think\Controller\RestController.class.php 第 118 行.
NOTIC: [8] Undefined index: HTTP_ACCEPT C:\wamp64\www\applicationServer\ThinkPHP\Library\Think\Controller\RestController.class.php 第 118 行.
NOTIC: [8] Undefined index: HTTP_ACCEPT C:\wamp64\www\applicationServer\ThinkPHP\Library\Think\Controller\RestController.class.php 第 118 行.
NOTIC: [8] Undefined index: HTTP_ACCEPT C:\wamp64\www\applicationServer\ThinkPHP\Library\Think\Controller\RestController.class.php 第 118 行.
NOTIC: [8] Undefined index: HTTP_ACCEPT C:\wamp64\www\applicationServer\ThinkPHP\Library\Think\Controller\RestController.class.php 第 118 行.
NOTIC: [8] Undefined index: HTTP_ACCEPT C:\wamp64\www\applicationServer\ThinkPHP\Library\Think\Controller\RestController.class.php 第 118 行.
NOTIC: [8] Undefined index: HTTP_ACCEPT C:\wamp64\www\applicationServer\ThinkPHP\Library\Think\Controller\RestController.class.php 第 118 行.
NOTIC: [8] Undefined index: HTTP_ACCEPT C:\wamp64\www\applicationServer\ThinkPHP\Library\Think\Controller\RestController.class.php 第 118 行.
NOTIC: [8] Undefined index: HTTP_ACCEPT C:\wamp64\www\applicationServer\ThinkPHP\Library\Think\Controller\RestController.class.php 第 118 行.
NOTIC: [8] Undefined index: HTTP_ACCEPT C:\wamp64\www\applicationServer\ThinkPHP\Library\Think\Controller\RestController.class.php 第 118 行.
NOTIC: [8] Undefined index: HTTP_ACCEPT C:\wamp64\www\applicationServer\ThinkPHP\Library\Think\Controller\RestController.class.php 第 118 行.
NOTIC: [8] Undefined index: HTTP_ACCEPT C:\wamp64\www\applicationServer\ThinkPHP\Library\Think\Controller\RestController.class.php 第 118 行.
NOTIC: [8] Undefined index: HTTP_ACCEPT C:\wamp64\www\applicationServer\ThinkPHP\Library\Think\Controller\RestController.class.php 第 118 行.
NOTIC: [8] Undefined index: HTTP_ACCEPT C:\wamp64\www\applicationServer\ThinkPHP\Library\Think\Controller\RestController.class.php 第 118 行.
NOTIC: [8] Undefined index: HTTP_ACCEPT C:\wamp64\www\applicationServer\ThinkPHP\Library\Think\Controller\RestController.class.php 第 118 行.
NOTIC: [8] Undefined index: HTTP_ACCEPT C:\wamp64\www\applicationServer\ThinkPHP\Library\Think\Controller\RestController.class.php 第 118 行.
NOTIC: [8] Undefined index: HTTP_ACCEPT C:\wamp64\www\applicationServer\ThinkPHP\Library\Think\Controller\RestController.class.php 第 118 行.
SQL: SHOW COLUMNS FROM `blog` [ RunTime:0.0036s ]
SQL: SELECT * FROM `blog` WHERE ( username='coco' ) ORDER BY title  [ RunTime:0.0013s ]

[ 2018-11-03T15:22:56+08:00 ] ::1 /applicationServer/Home/Blog/GetContentOfBlogID/a58942a4-01b5-4bd5-83d5-b249522861a1
INFO: [ app_init ] --START--
INFO: Run Behavior\BuildLiteBehavior [ RunTime:0.000024s ]
INFO: [ app_init ] --END-- [ RunTime:0.001053s ]
INFO: [ app_begin ] --START--
INFO: Run Behavior\ReadHtmlCacheBehavior [ RunTime:0.001697s ]
INFO: [ app_begin ] --END-- [ RunTime:0.001792s ]
NOTIC: [8] Undefined index: HTTP_ACCEPT C:\wamp64\www\applicationServer\ThinkPHP\Library\Think\Controller\RestController.class.php 第 118 行.
NOTIC: [8] Undefined index: HTTP_ACCEPT C:\wamp64\www\applicationServer\ThinkPHP\Library\Think\Controller\RestController.class.php 第 118 行.
NOTIC: [8] Undefined index: HTTP_ACCEPT C:\wamp64\www\applicationServer\ThinkPHP\Library\Think\Controller\RestController.class.php 第 118 行.
NOTIC: [8] Undefined index: HTTP_ACCEPT C:\wamp64\www\applicationServer\ThinkPHP\Library\Think\Controller\RestController.class.php 第 118 行.
NOTIC: [8] Undefined index: HTTP_ACCEPT C:\wamp64\www\applicationServer\ThinkPHP\Library\Think\Controller\RestController.class.php 第 118 行.
NOTIC: [8] Undefined index: HTTP_ACCEPT C:\wamp64\www\applicationServer\ThinkPHP\Library\Think\Controller\RestController.class.php 第 118 行.
NOTIC: [8] Undefined index: HTTP_ACCEPT C:\wamp64\www\applicationServer\ThinkPHP\Library\Think\Controller\RestController.class.php 第 118 行.
NOTIC: [8] Undefined index: HTTP_ACCEPT C:\wamp64\www\applicationServer\ThinkPHP\Library\Think\Controller\RestController.class.php 第 118 行.
NOTIC: [8] Undefined index: HTTP_ACCEPT C:\wamp64\www\applicationServer\ThinkPHP\Library\Think\Controller\RestController.class.php 第 118 行.
NOTIC: [8] Undefined index: HTTP_ACCEPT C:\wamp64\www\applicationServer\ThinkPHP\Library\Think\Controller\RestController.class.php 第 118 行.
NOTIC: [8] Undefined index: HTTP_ACCEPT C:\wamp64\www\applicationServer\ThinkPHP\Library\Think\Controller\RestController.class.php 第 118 行.
NOTIC: [8] Undefined index: HTTP_ACCEPT C:\wamp64\www\applicationServer\ThinkPHP\Library\Think\Controller\RestController.class.php 第 118 行.
NOTIC: [8] Undefined index: HTTP_ACCEPT C:\wamp64\www\applicationServer\ThinkPHP\Library\Think\Controller\RestController.class.php 第 118 行.
NOTIC: [8] Undefined index: HTTP_ACCEPT C:\wamp64\www\applicationServer\ThinkPHP\Library\Think\Controller\RestController.class.php 第 118 行.
NOTIC: [8] Undefined index: HTTP_ACCEPT C:\wamp64\www\applicationServer\ThinkPHP\Library\Think\Controller\RestController.class.php 第 118 行.
NOTIC: [8] Undefined index: HTTP_ACCEPT C:\wamp64\www\applicationServer\ThinkPHP\Library\Think\Controller\RestController.class.php 第 118 行.
NOTIC: [8] Undefined index: HTTP_ACCEPT C:\wamp64\www\applicationServer\ThinkPHP\Library\Think\Controller\RestController.class.php 第 118 行.
NOTIC: [8] Undefined index: HTTP_ACCEPT C:\wamp64\www\applicationServer\ThinkPHP\Library\Think\Controller\RestController.class.php 第 118 行.
NOTIC: [8] Undefined index: HTTP_ACCEPT C:\wamp64\www\applicationServer\ThinkPHP\Library\Think\Controller\RestController.class.php 第 118 行.
NOTIC: [8] Undefined index: HTTP_ACCEPT C:\wamp64\www\applicationServer\ThinkPHP\Library\Think\Controller\RestController.class.php 第 118 行.
NOTIC: [8] Undefined index: HTTP_ACCEPT C:\wamp64\www\applicationServer\ThinkPHP\Library\Think\Controller\RestController.class.php 第 118 行.
NOTIC: [8] Undefined index: HTTP_ACCEPT C:\wamp64\www\applicationServer\ThinkPHP\Library\Think\Controller\RestController.class.php 第 118 行.
NOTIC: [8] Undefined index: HTTP_ACCEPT C:\wamp64\www\applicationServer\ThinkPHP\Library\Think\Controller\RestController.class.php 第 118 行.
NOTIC: [8] Undefined index: HTTP_ACCEPT C:\wamp64\www\applicationServer\ThinkPHP\Library\Think\Controller\RestController.class.php 第 118 行.
NOTIC: [8] Undefined index: HTTP_ACCEPT C:\wamp64\www\applicationServer\ThinkPHP\Library\Think\Controller\RestController.class.php 第 118 行.
NOTIC: [8] Undefined index: HTTP_ACCEPT C:\wamp64\www\applicationServer\ThinkPHP\Library\Think\Controller\RestController.class.php 第 118 行.
SQL: SHOW COLUMNS FROM `blog` [ RunTime:0.0014s ]
SQL: SELECT * FROM `blog` WHERE ( blogID='a58942a4-01b5-4bd5-83d5-b249522861a1' ) ORDER BY content  [ RunTime:0.0005s ]

[ 2018-11-03T15:23:02+08:00 ] ::1 /applicationServer/Home/User/Getintro/coco
INFO: [ app_init ] --START--
INFO: Run Behavior\BuildLiteBehavior [ RunTime:0.000015s ]
INFO: [ app_init ] --END-- [ RunTime:0.000621s ]
INFO: [ app_begin ] --START--
INFO: Run Behavior\ReadHtmlCacheBehavior [ RunTime:0.002854s ]
INFO: [ app_begin ] --END-- [ RunTime:0.002963s ]
NOTIC: [8] Undefined index: HTTP_ACCEPT C:\wamp64\www\applicationServer\ThinkPHP\Library\Think\Controller\RestController.class.php 第 118 行.
NOTIC: [8] Undefined index: HTTP_ACCEPT C:\wamp64\www\applicationServer\ThinkPHP\Library\Think\Controller\RestController.class.php 第 118 行.
NOTIC: [8] Undefined index: HTTP_ACCEPT C:\wamp64\www\applicationServer\ThinkPHP\Library\Think\Controller\RestController.class.php 第 118 行.
NOTIC: [8] Undefined index: HTTP_ACCEPT C:\wamp64\www\applicationServer\ThinkPHP\Library\Think\Controller\RestController.class.php 第 118 行.
NOTIC: [8] Undefined index: HTTP_ACCEPT C:\wamp64\www\applicationServer\ThinkPHP\Library\Think\Controller\RestController.class.php 第 118 行.
NOTIC: [8] Undefined index: HTTP_ACCEPT C:\wamp64\www\applicationServer\ThinkPHP\Library\Think\Controller\RestController.class.php 第 118 行.
NOTIC: [8] Undefined index: HTTP_ACCEPT C:\wamp64\www\applicationServer\ThinkPHP\Library\Think\Controller\RestController.class.php 第 118 行.
NOTIC: [8] Undefined index: HTTP_ACCEPT C:\wamp64\www\applicationServer\ThinkPHP\Library\Think\Controller\RestController.class.php 第 118 行.
NOTIC: [8] Undefined index: HTTP_ACCEPT C:\wamp64\www\applicationServer\ThinkPHP\Library\Think\Controller\RestController.class.php 第 118 行.
NOTIC: [8] Undefined index: HTTP_ACCEPT C:\wamp64\www\applicationServer\ThinkPHP\Library\Think\Controller\RestController.class.php 第 118 行.
NOTIC: [8] Undefined index: HTTP_ACCEPT C:\wamp64\www\applicationServer\ThinkPHP\Library\Think\Controller\RestController.class.php 第 118 行.
NOTIC: [8] Undefined index: HTTP_ACCEPT C:\wamp64\www\applicationServer\ThinkPHP\Library\Think\Controller\RestController.class.php 第 118 行.
NOTIC: [8] Undefined index: HTTP_ACCEPT C:\wamp64\www\applicationServer\ThinkPHP\Library\Think\Controller\RestController.class.php 第 118 行.
NOTIC: [8] Undefined index: HTTP_ACCEPT C:\wamp64\www\applicationServer\ThinkPHP\Library\Think\Controller\RestController.class.php 第 118 行.
NOTIC: [8] Undefined index: HTTP_ACCEPT C:\wamp64\www\applicationServer\ThinkPHP\Library\Think\Controller\RestController.class.php 第 118 行.
NOTIC: [8] Undefined index: HTTP_ACCEPT C:\wamp64\www\applicationServer\ThinkPHP\Library\Think\Controller\RestController.class.php 第 118 行.
NOTIC: [8] Undefined index: HTTP_ACCEPT C:\wamp64\www\applicationServer\ThinkPHP\Library\Think\Controller\RestController.class.php 第 118 行.
NOTIC: [8] Undefined index: HTTP_ACCEPT C:\wamp64\www\applicationServer\ThinkPHP\Library\Think\Controller\RestController.class.php 第 118 行.
NOTIC: [8] Undefined index: HTTP_ACCEPT C:\wamp64\www\applicationServer\ThinkPHP\Library\Think\Controller\RestController.class.php 第 118 行.
NOTIC: [8] Undefined index: HTTP_ACCEPT C:\wamp64\www\applicationServer\ThinkPHP\Library\Think\Controller\RestController.class.php 第 118 行.
NOTIC: [8] Undefined index: HTTP_ACCEPT C:\wamp64\www\applicationServer\ThinkPHP\Library\Think\Controller\RestController.class.php 第 118 行.
NOTIC: [8] Undefined index: HTTP_ACCEPT C:\wamp64\www\applicationServer\ThinkPHP\Library\Think\Controller\RestController.class.php 第 118 行.
NOTIC: [8] Undefined index: HTTP_ACCEPT C:\wamp64\www\applicationServer\ThinkPHP\Library\Think\Controller\RestController.class.php 第 118 行.
NOTIC: [8] Undefined index: HTTP_ACCEPT C:\wamp64\www\applicationServer\ThinkPHP\Library\Think\Controller\RestController.class.php 第 118 行.
NOTIC: [8] Undefined index: HTTP_ACCEPT C:\wamp64\www\applicationServer\ThinkPHP\Library\Think\Controller\RestController.class.php 第 118 行.
NOTIC: [8] Undefined index: HTTP_ACCEPT C:\wamp64\www\applicationServer\ThinkPHP\Library\Think\Controller\RestController.class.php 第 118 行.
SQL: SHOW COLUMNS FROM `users` [ RunTime:0.0012s ]
SQL: SELECT * FROM `users` WHERE ( username='coco' )  [ RunTime:0.0006s ]

[ 2018-11-03T15:23:11+08:00 ] ::1 /applicationServer/Home/Blog/GetTitleAndUsername/%E5%BC%80%E5%BF%83
INFO: [ app_init ] --START--
INFO: Run Behavior\BuildLiteBehavior [ RunTime:0.000014s ]
INFO: [ app_init ] --END-- [ RunTime:0.000644s ]
INFO: [ app_begin ] --START--
INFO: Run Behavior\ReadHtmlCacheBehavior [ RunTime:0.001539s ]
INFO: [ app_begin ] --END-- [ RunTime:0.001603s ]
NOTIC: [8] Undefined index: HTTP_ACCEPT C:\wamp64\www\applicationServer\ThinkPHP\Library\Think\Controller\RestController.class.php 第 118 行.
NOTIC: [8] Undefined index: HTTP_ACCEPT C:\wamp64\www\applicationServer\ThinkPHP\Library\Think\Controller\RestController.class.php 第 118 行.
NOTIC: [8] Undefined index: HTTP_ACCEPT C:\wamp64\www\applicationServer\ThinkPHP\Library\Think\Controller\RestController.class.php 第 118 行.
NOTIC: [8] Undefined index: HTTP_ACCEPT C:\wamp64\www\applicationServer\ThinkPHP\Library\Think\Controller\RestController.class.php 第 118 行.
NOTIC: [8] Undefined index: HTTP_ACCEPT C:\wamp64\www\applicationServer\ThinkPHP\Library\Think\Controller\RestController.class.php 第 118 行.
NOTIC: [8] Undefined index: HTTP_ACCEPT C:\wamp64\www\applicationServer\ThinkPHP\Library\Think\Controller\RestController.class.php 第 118 行.
NOTIC: [8] Undefined index: HTTP_ACCEPT C:\wamp64\www\applicationServer\ThinkPHP\Library\Think\Controller\RestController.class.php 第 118 行.
NOTIC: [8] Undefined index: HTTP_ACCEPT C:\wamp64\www\applicationServer\ThinkPHP\Library\Think\Controller\RestController.class.php 第 118 行.
NOTIC: [8] Undefined index: HTTP_ACCEPT C:\wamp64\www\applicationServer\ThinkPHP\Library\Think\Controller\RestController.class.php 第 118 行.
NOTIC: [8] Undefined index: HTTP_ACCEPT C:\wamp64\www\applicationServer\ThinkPHP\Library\Think\Controller\RestController.class.php 第 118 行.
NOTIC: [8] Undefined index: HTTP_ACCEPT C:\wamp64\www\applicationServer\ThinkPHP\Library\Think\Controller\RestController.class.php 第 118 行.
NOTIC: [8] Undefined index: HTTP_ACCEPT C:\wamp64\www\applicationServer\ThinkPHP\Library\Think\Controller\RestController.class.php 第 118 行.
NOTIC: [8] Undefined index: HTTP_ACCEPT C:\wamp64\www\applicationServer\ThinkPHP\Library\Think\Controller\RestController.class.php 第 118 行.
NOTIC: [8] Undefined index: HTTP_ACCEPT C:\wamp64\www\applicationServer\ThinkPHP\Library\Think\Controller\RestController.class.php 第 118 行.
NOTIC: [8] Undefined index: HTTP_ACCEPT C:\wamp64\www\applicationServer\ThinkPHP\Library\Think\Controller\RestController.class.php 第 118 行.
NOTIC: [8] Undefined index: HTTP_ACCEPT C:\wamp64\www\applicationServer\ThinkPHP\Library\Think\Controller\RestController.class.php 第 118 行.
NOTIC: [8] Undefined index: HTTP_ACCEPT C:\wamp64\www\applicationServer\ThinkPHP\Library\Think\Controller\RestController.class.php 第 118 行.
NOTIC: [8] Undefined index: HTTP_ACCEPT C:\wamp64\www\applicationServer\ThinkPHP\Library\Think\Controller\RestController.class.php 第 118 行.
NOTIC: [8] Undefined index: HTTP_ACCEPT C:\wamp64\www\applicationServer\ThinkPHP\Library\Think\Controller\RestController.class.php 第 118 行.
NOTIC: [8] Undefined index: HTTP_ACCEPT C:\wamp64\www\applicationServer\ThinkPHP\Library\Think\Controller\RestController.class.php 第 118 行.
NOTIC: [8] Undefined index: HTTP_ACCEPT C:\wamp64\www\applicationServer\ThinkPHP\Library\Think\Controller\RestController.class.php 第 118 行.
NOTIC: [8] Undefined index: HTTP_ACCEPT C:\wamp64\www\applicationServer\ThinkPHP\Library\Think\Controller\RestController.class.php 第 118 行.
NOTIC: [8] Undefined index: HTTP_ACCEPT C:\wamp64\www\applicationServer\ThinkPHP\Library\Think\Controller\RestController.class.php 第 118 行.
NOTIC: [8] Undefined index: HTTP_ACCEPT C:\wamp64\www\applicationServer\ThinkPHP\Library\Think\Controller\RestController.class.php 第 118 行.
NOTIC: [8] Undefined index: HTTP_ACCEPT C:\wamp64\www\applicationServer\ThinkPHP\Library\Think\Controller\RestController.class.php 第 118 行.
NOTIC: [8] Undefined index: HTTP_ACCEPT C:\wamp64\www\applicationServer\ThinkPHP\Library\Think\Controller\RestController.class.php 第 118 行.
SQL: SHOW COLUMNS FROM `blog` [ RunTime:0.0022s ]
SQL: SELECT COUNT(*) AS tp_count FROM `blog` WHERE ( title='开心' ) LIMIT 1   [ RunTime:0.0007s ]
SQL: SELECT `blogID`,`title`,`username` FROM `blog` WHERE ( title='开心' ) LIMIT 3   [ RunTime:0.0007s ]

[ 2018-11-03T15:23:14+08:00 ] ::1 /applicationServer/Home/Blog/GetBlog/31b7e30d-10e3-4da0-b4fa-b7e347974cf5
INFO: [ app_init ] --START--
INFO: Run Behavior\BuildLiteBehavior [ RunTime:0.000014s ]
INFO: [ app_init ] --END-- [ RunTime:0.000587s ]
INFO: [ app_begin ] --START--
INFO: Run Behavior\ReadHtmlCacheBehavior [ RunTime:0.001241s ]
INFO: [ app_begin ] --END-- [ RunTime:0.001341s ]
NOTIC: [8] Undefined index: HTTP_ACCEPT C:\wamp64\www\applicationServer\ThinkPHP\Library\Think\Controller\RestController.class.php 第 118 行.
NOTIC: [8] Undefined index: HTTP_ACCEPT C:\wamp64\www\applicationServer\ThinkPHP\Library\Think\Controller\RestController.class.php 第 118 行.
NOTIC: [8] Undefined index: HTTP_ACCEPT C:\wamp64\www\applicationServer\ThinkPHP\Library\Think\Controller\RestController.class.php 第 118 行.
NOTIC: [8] Undefined index: HTTP_ACCEPT C:\wamp64\www\applicationServer\ThinkPHP\Library\Think\Controller\RestController.class.php 第 118 行.
NOTIC: [8] Undefined index: HTTP_ACCEPT C:\wamp64\www\applicationServer\ThinkPHP\Library\Think\Controller\RestController.class.php 第 118 行.
NOTIC: [8] Undefined index: HTTP_ACCEPT C:\wamp64\www\applicationServer\ThinkPHP\Library\Think\Controller\RestController.class.php 第 118 行.
NOTIC: [8] Undefined index: HTTP_ACCEPT C:\wamp64\www\applicationServer\ThinkPHP\Library\Think\Controller\RestController.class.php 第 118 行.
NOTIC: [8] Undefined index: HTTP_ACCEPT C:\wamp64\www\applicationServer\ThinkPHP\Library\Think\Controller\RestController.class.php 第 118 行.
NOTIC: [8] Undefined index: HTTP_ACCEPT C:\wamp64\www\applicationServer\ThinkPHP\Library\Think\Controller\RestController.class.php 第 118 行.
NOTIC: [8] Undefined index: HTTP_ACCEPT C:\wamp64\www\applicationServer\ThinkPHP\Library\Think\Controller\RestController.class.php 第 118 行.
NOTIC: [8] Undefined index: HTTP_ACCEPT C:\wamp64\www\applicationServer\ThinkPHP\Library\Think\Controller\RestController.class.php 第 118 行.
NOTIC: [8] Undefined index: HTTP_ACCEPT C:\wamp64\www\applicationServer\ThinkPHP\Library\Think\Controller\RestController.class.php 第 118 行.
NOTIC: [8] Undefined index: HTTP_ACCEPT C:\wamp64\www\applicationServer\ThinkPHP\Library\Think\Controller\RestController.class.php 第 118 行.
NOTIC: [8] Undefined index: HTTP_ACCEPT C:\wamp64\www\applicationServer\ThinkPHP\Library\Think\Controller\RestController.class.php 第 118 行.
NOTIC: [8] Undefined index: HTTP_ACCEPT C:\wamp64\www\applicationServer\ThinkPHP\Library\Think\Controller\RestController.class.php 第 118 行.
NOTIC: [8] Undefined index: HTTP_ACCEPT C:\wamp64\www\applicationServer\ThinkPHP\Library\Think\Controller\RestController.class.php 第 118 行.
NOTIC: [8] Undefined index: HTTP_ACCEPT C:\wamp64\www\applicationServer\ThinkPHP\Library\Think\Controller\RestController.class.php 第 118 行.
NOTIC: [8] Undefined index: HTTP_ACCEPT C:\wamp64\www\applicationServer\ThinkPHP\Library\Think\Controller\RestController.class.php 第 118 行.
NOTIC: [8] Undefined index: HTTP_ACCEPT C:\wamp64\www\applicationServer\ThinkPHP\Library\Think\Controller\RestController.class.php 第 118 行.
NOTIC: [8] Undefined index: HTTP_ACCEPT C:\wamp64\www\applicationServer\ThinkPHP\Library\Think\Controller\RestController.class.php 第 118 行.
NOTIC: [8] Undefined index: HTTP_ACCEPT C:\wamp64\www\applicationServer\ThinkPHP\Library\Think\Controller\RestController.class.php 第 118 行.
NOTIC: [8] Undefined index: HTTP_ACCEPT C:\wamp64\www\applicationServer\ThinkPHP\Library\Think\Controller\RestController.class.php 第 118 行.
NOTIC: [8] Undefined index: HTTP_ACCEPT C:\wamp64\www\applicationServer\ThinkPHP\Library\Think\Controller\RestController.class.php 第 118 行.
NOTIC: [8] Undefined index: HTTP_ACCEPT C:\wamp64\www\applicationServer\ThinkPHP\Library\Think\Controller\RestController.class.php 第 118 行.
NOTIC: [8] Undefined index: HTTP_ACCEPT C:\wamp64\www\applicationServer\ThinkPHP\Library\Think\Controller\RestController.class.php 第 118 行.
NOTIC: [8] Undefined index: HTTP_ACCEPT C:\wamp64\www\applicationServer\ThinkPHP\Library\Think\Controller\RestController.class.php 第 118 行.
SQL: SHOW COLUMNS FROM `blog` [ RunTime:0.0015s ]
SQL: SELECT * FROM `blog` WHERE ( blogID='31b7e30d-10e3-4da0-b4fa-b7e347974cf5' )  [ RunTime:0.0006s ]

[ 2018-11-03T15:23:16+08:00 ] ::1 /applicationServer/Home/Reply/GetReplyList/31b7e30d-10e3-4da0-b4fa-b7e347974cf5
INFO: [ app_init ] --START--
INFO: Run Behavior\BuildLiteBehavior [ RunTime:0.000014s ]
INFO: [ app_init ] --END-- [ RunTime:0.000581s ]
INFO: [ app_begin ] --START--
INFO: Run Behavior\ReadHtmlCacheBehavior [ RunTime:0.001129s ]
INFO: [ app_begin ] --END-- [ RunTime:0.001192s ]
NOTIC: [8] Undefined index: HTTP_ACCEPT C:\wamp64\www\applicationServer\ThinkPHP\Library\Think\Controller\RestController.class.php 第 118 行.
NOTIC: [8] Undefined index: HTTP_ACCEPT C:\wamp64\www\applicationServer\ThinkPHP\Library\Think\Controller\RestController.class.php 第 118 行.
NOTIC: [8] Undefined index: HTTP_ACCEPT C:\wamp64\www\applicationServer\ThinkPHP\Library\Think\Controller\RestController.class.php 第 118 行.
NOTIC: [8] Undefined index: HTTP_ACCEPT C:\wamp64\www\applicationServer\ThinkPHP\Library\Think\Controller\RestController.class.php 第 118 行.
NOTIC: [8] Undefined index: HTTP_ACCEPT C:\wamp64\www\applicationServer\ThinkPHP\Library\Think\Controller\RestController.class.php 第 118 行.
NOTIC: [8] Undefined index: HTTP_ACCEPT C:\wamp64\www\applicationServer\ThinkPHP\Library\Think\Controller\RestController.class.php 第 118 行.
NOTIC: [8] Undefined index: HTTP_ACCEPT C:\wamp64\www\applicationServer\ThinkPHP\Library\Think\Controller\RestController.class.php 第 118 行.
NOTIC: [8] Undefined index: HTTP_ACCEPT C:\wamp64\www\applicationServer\ThinkPHP\Library\Think\Controller\RestController.class.php 第 118 行.
NOTIC: [8] Undefined index: HTTP_ACCEPT C:\wamp64\www\applicationServer\ThinkPHP\Library\Think\Controller\RestController.class.php 第 118 行.
NOTIC: [8] Undefined index: HTTP_ACCEPT C:\wamp64\www\applicationServer\ThinkPHP\Library\Think\Controller\RestController.class.php 第 118 行.
NOTIC: [8] Undefined index: HTTP_ACCEPT C:\wamp64\www\applicationServer\ThinkPHP\Library\Think\Controller\RestController.class.php 第 118 行.
NOTIC: [8] Undefined index: HTTP_ACCEPT C:\wamp64\www\applicationServer\ThinkPHP\Library\Think\Controller\RestController.class.php 第 118 行.
NOTIC: [8] Undefined index: HTTP_ACCEPT C:\wamp64\www\applicationServer\ThinkPHP\Library\Think\Controller\RestController.class.php 第 118 行.
NOTIC: [8] Undefined index: HTTP_ACCEPT C:\wamp64\www\applicationServer\ThinkPHP\Library\Think\Controller\RestController.class.php 第 118 行.
NOTIC: [8] Undefined index: HTTP_ACCEPT C:\wamp64\www\applicationServer\ThinkPHP\Library\Think\Controller\RestController.class.php 第 118 行.
NOTIC: [8] Undefined index: HTTP_ACCEPT C:\wamp64\www\applicationServer\ThinkPHP\Library\Think\Controller\RestController.class.php 第 118 行.
NOTIC: [8] Undefined index: HTTP_ACCEPT C:\wamp64\www\applicationServer\ThinkPHP\Library\Think\Controller\RestController.class.php 第 118 行.
NOTIC: [8] Undefined index: HTTP_ACCEPT C:\wamp64\www\applicationServer\ThinkPHP\Library\Think\Controller\RestController.class.php 第 118 行.
NOTIC: [8] Undefined index: HTTP_ACCEPT C:\wamp64\www\applicationServer\ThinkPHP\Library\Think\Controller\RestController.class.php 第 118 行.
NOTIC: [8] Undefined index: HTTP_ACCEPT C:\wamp64\www\applicationServer\ThinkPHP\Library\Think\Controller\RestController.class.php 第 118 行.
NOTIC: [8] Undefined index: HTTP_ACCEPT C:\wamp64\www\applicationServer\ThinkPHP\Library\Think\Controller\RestController.class.php 第 118 行.
NOTIC: [8] Undefined index: HTTP_ACCEPT C:\wamp64\www\applicationServer\ThinkPHP\Library\Think\Controller\RestController.class.php 第 118 行.
NOTIC: [8] Undefined index: HTTP_ACCEPT C:\wamp64\www\applicationServer\ThinkPHP\Library\Think\Controller\RestController.class.php 第 118 行.
NOTIC: [8] Undefined index: HTTP_ACCEPT C:\wamp64\www\applicationServer\ThinkPHP\Library\Think\Controller\RestController.class.php 第 118 行.
NOTIC: [8] Undefined index: HTTP_ACCEPT C:\wamp64\www\applicationServer\ThinkPHP\Library\Think\Controller\RestController.class.php 第 118 行.
NOTIC: [8] Undefined index: HTTP_ACCEPT C:\wamp64\www\applicationServer\ThinkPHP\Library\Think\Controller\RestController.class.php 第 118 行.
SQL: SHOW COLUMNS FROM `reply` [ RunTime:0.0044s ]
SQL: SELECT COUNT(*) AS tp_count FROM `reply` WHERE ( blogID='31b7e30d-10e3-4da0-b4fa-b7e347974cf5' ) LIMIT 1   [ RunTime:0.0011s ]

[ 2018-11-03T15:23:21+08:00 ] ::1 /applicationServer/Home/Reply/Newreply
INFO: [ app_init ] --START--
INFO: Run Behavior\BuildLiteBehavior [ RunTime:0.000029s ]
INFO: [ app_init ] --END-- [ RunTime:0.000881s ]
INFO: [ app_begin ] --START--
INFO: Run Behavior\ReadHtmlCacheBehavior [ RunTime:0.001654s ]
INFO: [ app_begin ] --END-- [ RunTime:0.001746s ]
NOTIC: [8] Undefined index: HTTP_ACCEPT C:\wamp64\www\applicationServer\ThinkPHP\Library\Think\Controller\RestController.class.php 第 118 行.
NOTIC: [8] Undefined index: HTTP_ACCEPT C:\wamp64\www\applicationServer\ThinkPHP\Library\Think\Controller\RestController.class.php 第 118 行.
NOTIC: [8] Undefined index: HTTP_ACCEPT C:\wamp64\www\applicationServer\ThinkPHP\Library\Think\Controller\RestController.class.php 第 118 行.
NOTIC: [8] Undefined index: HTTP_ACCEPT C:\wamp64\www\applicationServer\ThinkPHP\Library\Think\Controller\RestController.class.php 第 118 行.
NOTIC: [8] Undefined index: HTTP_ACCEPT C:\wamp64\www\applicationServer\ThinkPHP\Library\Think\Controller\RestController.class.php 第 118 行.
NOTIC: [8] Undefined index: HTTP_ACCEPT C:\wamp64\www\applicationServer\ThinkPHP\Library\Think\Controller\RestController.class.php 第 118 行.
NOTIC: [8] Undefined index: HTTP_ACCEPT C:\wamp64\www\applicationServer\ThinkPHP\Library\Think\Controller\RestController.class.php 第 118 行.
NOTIC: [8] Undefined index: HTTP_ACCEPT C:\wamp64\www\applicationServer\ThinkPHP\Library\Think\Controller\RestController.class.php 第 118 行.
NOTIC: [8] Undefined index: HTTP_ACCEPT C:\wamp64\www\applicationServer\ThinkPHP\Library\Think\Controller\RestController.class.php 第 118 行.
NOTIC: [8] Undefined index: HTTP_ACCEPT C:\wamp64\www\applicationServer\ThinkPHP\Library\Think\Controller\RestController.class.php 第 118 行.
NOTIC: [8] Undefined index: HTTP_ACCEPT C:\wamp64\www\applicationServer\ThinkPHP\Library\Think\Controller\RestController.class.php 第 118 行.
NOTIC: [8] Undefined index: HTTP_ACCEPT C:\wamp64\www\applicationServer\ThinkPHP\Library\Think\Controller\RestController.class.php 第 118 行.
NOTIC: [8] Undefined index: HTTP_ACCEPT C:\wamp64\www\applicationServer\ThinkPHP\Library\Think\Controller\RestController.class.php 第 118 行.
NOTIC: [8] Undefined index: HTTP_ACCEPT C:\wamp64\www\applicationServer\ThinkPHP\Library\Think\Controller\RestController.class.php 第 118 行.
NOTIC: [8] Undefined index: HTTP_ACCEPT C:\wamp64\www\applicationServer\ThinkPHP\Library\Think\Controller\RestController.class.php 第 118 行.
NOTIC: [8] Undefined index: HTTP_ACCEPT C:\wamp64\www\applicationServer\ThinkPHP\Library\Think\Controller\RestController.class.php 第 118 行.
NOTIC: [8] Undefined index: HTTP_ACCEPT C:\wamp64\www\applicationServer\ThinkPHP\Library\Think\Controller\RestController.class.php 第 118 行.
NOTIC: [8] Undefined index: HTTP_ACCEPT C:\wamp64\www\applicationServer\ThinkPHP\Library\Think\Controller\RestController.class.php 第 118 行.
NOTIC: [8] Undefined index: HTTP_ACCEPT C:\wamp64\www\applicationServer\ThinkPHP\Library\Think\Controller\RestController.class.php 第 118 行.
NOTIC: [8] Undefined index: HTTP_ACCEPT C:\wamp64\www\applicationServer\ThinkPHP\Library\Think\Controller\RestController.class.php 第 118 行.
NOTIC: [8] Undefined index: HTTP_ACCEPT C:\wamp64\www\applicationServer\ThinkPHP\Library\Think\Controller\RestController.class.php 第 118 行.
NOTIC: [8] Undefined index: HTTP_ACCEPT C:\wamp64\www\applicationServer\ThinkPHP\Library\Think\Controller\RestController.class.php 第 118 行.
NOTIC: [8] Undefined index: HTTP_ACCEPT C:\wamp64\www\applicationServer\ThinkPHP\Library\Think\Controller\RestController.class.php 第 118 行.
NOTIC: [8] Undefined index: HTTP_ACCEPT C:\wamp64\www\applicationServer\ThinkPHP\Library\Think\Controller\RestController.class.php 第 118 行.
NOTIC: [8] Undefined index: HTTP_ACCEPT C:\wamp64\www\applicationServer\ThinkPHP\Library\Think\Controller\RestController.class.php 第 118 行.
NOTIC: [8] Undefined index: HTTP_ACCEPT C:\wamp64\www\applicationServer\ThinkPHP\Library\Think\Controller\RestController.class.php 第 118 行.
NOTIC: [8] Undefined property: stdClass::$userID C:\wamp64\www\applicationServer\Application\Home\Controller\ReplyController.class.php 第 30 行.
SQL: SHOW COLUMNS FROM `reply` [ RunTime:0.0019s ]
NOTIC: [8] Undefined index: validate C:\wamp64\www\applicationServer\ThinkPHP\Library\Think\Model.class.php 第 1185 行.
NOTIC: [8] Undefined index: auto C:\wamp64\www\applicationServer\ThinkPHP\Library\Think\Model.class.php 第 1128 行.
SQL: INSERT INTO `reply` (`replyID`,`blogID`,`userID`,`username`,`content`) VALUES ('3b0b11b2-61e5-42b6-ad2d-aa811ad325f6','31b7e30d-10e3-4da0-b4fa-b7e347974cf5',NULL,'coco','你好啊') [ RunTime:0.0031s ]

[ 2018-11-03T15:23:21+08:00 ] ::1 /applicationServer/Home/Reply/GetReplyList/31b7e30d-10e3-4da0-b4fa-b7e347974cf5
INFO: [ app_init ] --START--
INFO: Run Behavior\BuildLiteBehavior [ RunTime:0.000023s ]
INFO: [ app_init ] --END-- [ RunTime:0.001327s ]
INFO: [ app_begin ] --START--
INFO: Run Behavior\ReadHtmlCacheBehavior [ RunTime:0.002491s ]
INFO: [ app_begin ] --END-- [ RunTime:0.002653s ]
NOTIC: [8] Undefined index: HTTP_ACCEPT C:\wamp64\www\applicationServer\ThinkPHP\Library\Think\Controller\RestController.class.php 第 118 行.
NOTIC: [8] Undefined index: HTTP_ACCEPT C:\wamp64\www\applicationServer\ThinkPHP\Library\Think\Controller\RestController.class.php 第 118 行.
NOTIC: [8] Undefined index: HTTP_ACCEPT C:\wamp64\www\applicationServer\ThinkPHP\Library\Think\Controller\RestController.class.php 第 118 行.
NOTIC: [8] Undefined index: HTTP_ACCEPT C:\wamp64\www\applicationServer\ThinkPHP\Library\Think\Controller\RestController.class.php 第 118 行.
NOTIC: [8] Undefined index: HTTP_ACCEPT C:\wamp64\www\applicationServer\ThinkPHP\Library\Think\Controller\RestController.class.php 第 118 行.
NOTIC: [8] Undefined index: HTTP_ACCEPT C:\wamp64\www\applicationServer\ThinkPHP\Library\Think\Controller\RestController.class.php 第 118 行.
NOTIC: [8] Undefined index: HTTP_ACCEPT C:\wamp64\www\applicationServer\ThinkPHP\Library\Think\Controller\RestController.class.php 第 118 行.
NOTIC: [8] Undefined index: HTTP_ACCEPT C:\wamp64\www\applicationServer\ThinkPHP\Library\Think\Controller\RestController.class.php 第 118 行.
NOTIC: [8] Undefined index: HTTP_ACCEPT C:\wamp64\www\applicationServer\ThinkPHP\Library\Think\Controller\RestController.class.php 第 118 行.
NOTIC: [8] Undefined index: HTTP_ACCEPT C:\wamp64\www\applicationServer\ThinkPHP\Library\Think\Controller\RestController.class.php 第 118 行.
NOTIC: [8] Undefined index: HTTP_ACCEPT C:\wamp64\www\applicationServer\ThinkPHP\Library\Think\Controller\RestController.class.php 第 118 行.
NOTIC: [8] Undefined index: HTTP_ACCEPT C:\wamp64\www\applicationServer\ThinkPHP\Library\Think\Controller\RestController.class.php 第 118 行.
NOTIC: [8] Undefined index: HTTP_ACCEPT C:\wamp64\www\applicationServer\ThinkPHP\Library\Think\Controller\RestController.class.php 第 118 行.
NOTIC: [8] Undefined index: HTTP_ACCEPT C:\wamp64\www\applicationServer\ThinkPHP\Library\Think\Controller\RestController.class.php 第 118 行.
NOTIC: [8] Undefined index: HTTP_ACCEPT C:\wamp64\www\applicationServer\ThinkPHP\Library\Think\Controller\RestController.class.php 第 118 行.
NOTIC: [8] Undefined index: HTTP_ACCEPT C:\wamp64\www\applicationServer\ThinkPHP\Library\Think\Controller\RestController.class.php 第 118 行.
NOTIC: [8] Undefined index: HTTP_ACCEPT C:\wamp64\www\applicationServer\ThinkPHP\Library\Think\Controller\RestController.class.php 第 118 行.
NOTIC: [8] Undefined index: HTTP_ACCEPT C:\wamp64\www\applicationServer\ThinkPHP\Library\Think\Controller\RestController.class.php 第 118 行.
NOTIC: [8] Undefined index: HTTP_ACCEPT C:\wamp64\www\applicationServer\ThinkPHP\Library\Think\Controller\RestController.class.php 第 118 行.
NOTIC: [8] Undefined index: HTTP_ACCEPT C:\wamp64\www\applicationServer\ThinkPHP\Library\Think\Controller\RestController.class.php 第 118 行.
NOTIC: [8] Undefined index: HTTP_ACCEPT C:\wamp64\www\applicationServer\ThinkPHP\Library\Think\Controller\RestController.class.php 第 118 行.
NOTIC: [8] Undefined index: HTTP_ACCEPT C:\wamp64\www\applicationServer\ThinkPHP\Library\Think\Controller\RestController.class.php 第 118 行.
NOTIC: [8] Undefined index: HTTP_ACCEPT C:\wamp64\www\applicationServer\ThinkPHP\Library\Think\Controller\RestController.class.php 第 118 行.
NOTIC: [8] Undefined index: HTTP_ACCEPT C:\wamp64\www\applicationServer\ThinkPHP\Library\Think\Controller\RestController.class.php 第 118 行.
NOTIC: [8] Undefined index: HTTP_ACCEPT C:\wamp64\www\applicationServer\ThinkPHP\Library\Think\Controller\RestController.class.php 第 118 行.
NOTIC: [8] Undefined index: HTTP_ACCEPT C:\wamp64\www\applicationServer\ThinkPHP\Library\Think\Controller\RestController.class.php 第 118 行.
SQL: SHOW COLUMNS FROM `reply` [ RunTime:0.0013s ]
SQL: SELECT COUNT(*) AS tp_count FROM `reply` WHERE ( blogID='31b7e30d-10e3-4da0-b4fa-b7e347974cf5' ) LIMIT 1   [ RunTime:0.0006s ]
SQL: SELECT `username`,`content` FROM `reply` WHERE ( blogID='31b7e30d-10e3-4da0-b4fa-b7e347974cf5' )  [ RunTime:0.0005s ]

[ 2018-11-03T15:23:25+08:00 ] ::1 /applicationServer/Home/Blog/GetBlog/31b7e30d-10e3-4da0-b4fa-b7e347974cf5
INFO: [ app_init ] --START--
INFO: Run Behavior\BuildLiteBehavior [ RunTime:0.000013s ]
INFO: [ app_init ] --END-- [ RunTime:0.000508s ]
INFO: [ app_begin ] --START--
INFO: Run Behavior\ReadHtmlCacheBehavior [ RunTime:0.000947s ]
INFO: [ app_begin ] --END-- [ RunTime:0.000996s ]
NOTIC: [8] Undefined index: HTTP_ACCEPT C:\wamp64\www\applicationServer\ThinkPHP\Library\Think\Controller\RestController.class.php 第 118 行.
NOTIC: [8] Undefined index: HTTP_ACCEPT C:\wamp64\www\applicationServer\ThinkPHP\Library\Think\Controller\RestController.class.php 第 118 行.
NOTIC: [8] Undefined index: HTTP_ACCEPT C:\wamp64\www\applicationServer\ThinkPHP\Library\Think\Controller\RestController.class.php 第 118 行.
NOTIC: [8] Undefined index: HTTP_ACCEPT C:\wamp64\www\applicationServer\ThinkPHP\Library\Think\Controller\RestController.class.php 第 118 行.
NOTIC: [8] Undefined index: HTTP_ACCEPT C:\wamp64\www\applicationServer\ThinkPHP\Library\Think\Controller\RestController.class.php 第 118 行.
NOTIC: [8] Undefined index: HTTP_ACCEPT C:\wamp64\www\applicationServer\ThinkPHP\Library\Think\Controller\RestController.class.php 第 118 行.
NOTIC: [8] Undefined index: HTTP_ACCEPT C:\wamp64\www\applicationServer\ThinkPHP\Library\Think\Controller\RestController.class.php 第 118 行.
NOTIC: [8] Undefined index: HTTP_ACCEPT C:\wamp64\www\applicationServer\ThinkPHP\Library\Think\Controller\RestController.class.php 第 118 行.
NOTIC: [8] Undefined index: HTTP_ACCEPT C:\wamp64\www\applicationServer\ThinkPHP\Library\Think\Controller\RestController.class.php 第 118 行.
NOTIC: [8] Undefined index: HTTP_ACCEPT C:\wamp64\www\applicationServer\ThinkPHP\Library\Think\Controller\RestController.class.php 第 118 行.
NOTIC: [8] Undefined index: HTTP_ACCEPT C:\wamp64\www\applicationServer\ThinkPHP\Library\Think\Controller\RestController.class.php 第 118 行.
NOTIC: [8] Undefined index: HTTP_ACCEPT C:\wamp64\www\applicationServer\ThinkPHP\Library\Think\Controller\RestController.class.php 第 118 行.
NOTIC: [8] Undefined index: HTTP_ACCEPT C:\wamp64\www\applicationServer\ThinkPHP\Library\Think\Controller\RestController.class.php 第 118 行.
NOTIC: [8] Undefined index: HTTP_ACCEPT C:\wamp64\www\applicationServer\ThinkPHP\Library\Think\Controller\RestController.class.php 第 118 行.
NOTIC: [8] Undefined index: HTTP_ACCEPT C:\wamp64\www\applicationServer\ThinkPHP\Library\Think\Controller\RestController.class.php 第 118 行.
NOTIC: [8] Undefined index: HTTP_ACCEPT C:\wamp64\www\applicationServer\ThinkPHP\Library\Think\Controller\RestController.class.php 第 118 行.
NOTIC: [8] Undefined index: HTTP_ACCEPT C:\wamp64\www\applicationServer\ThinkPHP\Library\Think\Controller\RestController.class.php 第 118 行.
NOTIC: [8] Undefined index: HTTP_ACCEPT C:\wamp64\www\applicationServer\ThinkPHP\Library\Think\Controller\RestController.class.php 第 118 行.
NOTIC: [8] Undefined index: HTTP_ACCEPT C:\wamp64\www\applicationServer\ThinkPHP\Library\Think\Controller\RestController.class.php 第 118 行.
NOTIC: [8] Undefined index: HTTP_ACCEPT C:\wamp64\www\applicationServer\ThinkPHP\Library\Think\Controller\RestController.class.php 第 118 行.
NOTIC: [8] Undefined index: HTTP_ACCEPT C:\wamp64\www\applicationServer\ThinkPHP\Library\Think\Controller\RestController.class.php 第 118 行.
NOTIC: [8] Undefined index: HTTP_ACCEPT C:\wamp64\www\applicationServer\ThinkPHP\Library\Think\Controller\RestController.class.php 第 118 行.
NOTIC: [8] Undefined index: HTTP_ACCEPT C:\wamp64\www\applicationServer\ThinkPHP\Library\Think\Controller\RestController.class.php 第 118 行.
NOTIC: [8] Undefined index: HTTP_ACCEPT C:\wamp64\www\applicationServer\ThinkPHP\Library\Think\Controller\RestController.class.php 第 118 行.
NOTIC: [8] Undefined index: HTTP_ACCEPT C:\wamp64\www\applicationServer\ThinkPHP\Library\Think\Controller\RestController.class.php 第 118 行.
NOTIC: [8] Undefined index: HTTP_ACCEPT C:\wamp64\www\applicationServer\ThinkPHP\Library\Think\Controller\RestController.class.php 第 118 行.
SQL: SHOW COLUMNS FROM `blog` [ RunTime:0.0012s ]
SQL: SELECT * FROM `blog` WHERE ( blogID='31b7e30d-10e3-4da0-b4fa-b7e347974cf5' )  [ RunTime:0.0006s ]

[ 2018-11-03T15:23:28+08:00 ] ::1 /applicationServer/Home/User/Getintro/coco
INFO: [ app_init ] --START--
INFO: Run Behavior\BuildLiteBehavior [ RunTime:0.000013s ]
INFO: [ app_init ] --END-- [ RunTime:0.000514s ]
INFO: [ app_begin ] --START--
INFO: Run Behavior\ReadHtmlCacheBehavior [ RunTime:0.000994s ]
INFO: [ app_begin ] --END-- [ RunTime:0.001049s ]
NOTIC: [8] Undefined index: HTTP_ACCEPT C:\wamp64\www\applicationServer\ThinkPHP\Library\Think\Controller\RestController.class.php 第 118 行.
NOTIC: [8] Undefined index: HTTP_ACCEPT C:\wamp64\www\applicationServer\ThinkPHP\Library\Think\Controller\RestController.class.php 第 118 行.
NOTIC: [8] Undefined index: HTTP_ACCEPT C:\wamp64\www\applicationServer\ThinkPHP\Library\Think\Controller\RestController.class.php 第 118 行.
NOTIC: [8] Undefined index: HTTP_ACCEPT C:\wamp64\www\applicationServer\ThinkPHP\Library\Think\Controller\RestController.class.php 第 118 行.
NOTIC: [8] Undefined index: HTTP_ACCEPT C:\wamp64\www\applicationServer\ThinkPHP\Library\Think\Controller\RestController.class.php 第 118 行.
NOTIC: [8] Undefined index: HTTP_ACCEPT C:\wamp64\www\applicationServer\ThinkPHP\Library\Think\Controller\RestController.class.php 第 118 行.
NOTIC: [8] Undefined index: HTTP_ACCEPT C:\wamp64\www\applicationServer\ThinkPHP\Library\Think\Controller\RestController.class.php 第 118 行.
NOTIC: [8] Undefined index: HTTP_ACCEPT C:\wamp64\www\applicationServer\ThinkPHP\Library\Think\Controller\RestController.class.php 第 118 行.
NOTIC: [8] Undefined index: HTTP_ACCEPT C:\wamp64\www\applicationServer\ThinkPHP\Library\Think\Controller\RestController.class.php 第 118 行.
NOTIC: [8] Undefined index: HTTP_ACCEPT C:\wamp64\www\applicationServer\ThinkPHP\Library\Think\Controller\RestController.class.php 第 118 行.
NOTIC: [8] Undefined index: HTTP_ACCEPT C:\wamp64\www\applicationServer\ThinkPHP\Library\Think\Controller\RestController.class.php 第 118 行.
NOTIC: [8] Undefined index: HTTP_ACCEPT C:\wamp64\www\applicationServer\ThinkPHP\Library\Think\Controller\RestController.class.php 第 118 行.
NOTIC: [8] Undefined index: HTTP_ACCEPT C:\wamp64\www\applicationServer\ThinkPHP\Library\Think\Controller\RestController.class.php 第 118 行.
NOTIC: [8] Undefined index: HTTP_ACCEPT C:\wamp64\www\applicationServer\ThinkPHP\Library\Think\Controller\RestController.class.php 第 118 行.
NOTIC: [8] Undefined index: HTTP_ACCEPT C:\wamp64\www\applicationServer\ThinkPHP\Library\Think\Controller\RestController.class.php 第 118 行.
NOTIC: [8] Undefined index: HTTP_ACCEPT C:\wamp64\www\applicationServer\ThinkPHP\Library\Think\Controller\RestController.class.php 第 118 行.
NOTIC: [8] Undefined index: HTTP_ACCEPT C:\wamp64\www\applicationServer\ThinkPHP\Library\Think\Controller\RestController.class.php 第 118 行.
NOTIC: [8] Undefined index: HTTP_ACCEPT C:\wamp64\www\applicationServer\ThinkPHP\Library\Think\Controller\RestController.class.php 第 118 行.
NOTIC: [8] Undefined index: HTTP_ACCEPT C:\wamp64\www\applicationServer\ThinkPHP\Library\Think\Controller\RestController.class.php 第 118 行.
NOTIC: [8] Undefined index: HTTP_ACCEPT C:\wamp64\www\applicationServer\ThinkPHP\Library\Think\Controller\RestController.class.php 第 118 行.
NOTIC: [8] Undefined index: HTTP_ACCEPT C:\wamp64\www\applicationServer\ThinkPHP\Library\Think\Controller\RestController.class.php 第 118 行.
NOTIC: [8] Undefined index: HTTP_ACCEPT C:\wamp64\www\applicationServer\ThinkPHP\Library\Think\Controller\RestController.class.php 第 118 行.
NOTIC: [8] Undefined index: HTTP_ACCEPT C:\wamp64\www\applicationServer\ThinkPHP\Library\Think\Controller\RestController.class.php 第 118 行.
NOTIC: [8] Undefined index: HTTP_ACCEPT C:\wamp64\www\applicationServer\ThinkPHP\Library\Think\Controller\RestController.class.php 第 118 行.
NOTIC: [8] Undefined index: HTTP_ACCEPT C:\wamp64\www\applicationServer\ThinkPHP\Library\Think\Controller\RestController.class.php 第 118 行.
NOTIC: [8] Undefined index: HTTP_ACCEPT C:\wamp64\www\applicationServer\ThinkPHP\Library\Think\Controller\RestController.class.php 第 118 行.
SQL: SHOW COLUMNS FROM `users` [ RunTime:0.0007s ]
SQL: SELECT * FROM `users` WHERE ( username='coco' )  [ RunTime:0.0004s ]

[ 2018-11-03T15:23:37+08:00 ] ::1 /applicationServer/Home/User/Newintro/coco/%E5%95%A6%E5%95%A6%E5%95%A6
INFO: [ app_init ] --START--
INFO: Run Behavior\BuildLiteBehavior [ RunTime:0.000020s ]
INFO: [ app_init ] --END-- [ RunTime:0.000913s ]
INFO: [ app_begin ] --START--
INFO: Run Behavior\ReadHtmlCacheBehavior [ RunTime:0.002073s ]
INFO: [ app_begin ] --END-- [ RunTime:0.002259s ]
NOTIC: [8] Undefined index: HTTP_ACCEPT C:\wamp64\www\applicationServer\ThinkPHP\Library\Think\Controller\RestController.class.php 第 118 行.
NOTIC: [8] Undefined index: HTTP_ACCEPT C:\wamp64\www\applicationServer\ThinkPHP\Library\Think\Controller\RestController.class.php 第 118 行.
NOTIC: [8] Undefined index: HTTP_ACCEPT C:\wamp64\www\applicationServer\ThinkPHP\Library\Think\Controller\RestController.class.php 第 118 行.
NOTIC: [8] Undefined index: HTTP_ACCEPT C:\wamp64\www\applicationServer\ThinkPHP\Library\Think\Controller\RestController.class.php 第 118 行.
NOTIC: [8] Undefined index: HTTP_ACCEPT C:\wamp64\www\applicationServer\ThinkPHP\Library\Think\Controller\RestController.class.php 第 118 行.
NOTIC: [8] Undefined index: HTTP_ACCEPT C:\wamp64\www\applicationServer\ThinkPHP\Library\Think\Controller\RestController.class.php 第 118 行.
NOTIC: [8] Undefined index: HTTP_ACCEPT C:\wamp64\www\applicationServer\ThinkPHP\Library\Think\Controller\RestController.class.php 第 118 行.
NOTIC: [8] Undefined index: HTTP_ACCEPT C:\wamp64\www\applicationServer\ThinkPHP\Library\Think\Controller\RestController.class.php 第 118 行.
NOTIC: [8] Undefined index: HTTP_ACCEPT C:\wamp64\www\applicationServer\ThinkPHP\Library\Think\Controller\RestController.class.php 第 118 行.
NOTIC: [8] Undefined index: HTTP_ACCEPT C:\wamp64\www\applicationServer\ThinkPHP\Library\Think\Controller\RestController.class.php 第 118 行.
NOTIC: [8] Undefined index: HTTP_ACCEPT C:\wamp64\www\applicationServer\ThinkPHP\Library\Think\Controller\RestController.class.php 第 118 行.
NOTIC: [8] Undefined index: HTTP_ACCEPT C:\wamp64\www\applicationServer\ThinkPHP\Library\Think\Controller\RestController.class.php 第 118 行.
NOTIC: [8] Undefined index: HTTP_ACCEPT C:\wamp64\www\applicationServer\ThinkPHP\Library\Think\Controller\RestController.class.php 第 118 行.
NOTIC: [8] Undefined index: HTTP_ACCEPT C:\wamp64\www\applicationServer\ThinkPHP\Library\Think\Controller\RestController.class.php 第 118 行.
NOTIC: [8] Undefined index: HTTP_ACCEPT C:\wamp64\www\applicationServer\ThinkPHP\Library\Think\Controller\RestController.class.php 第 118 行.
NOTIC: [8] Undefined index: HTTP_ACCEPT C:\wamp64\www\applicationServer\ThinkPHP\Library\Think\Controller\RestController.class.php 第 118 行.
NOTIC: [8] Undefined index: HTTP_ACCEPT C:\wamp64\www\applicationServer\ThinkPHP\Library\Think\Controller\RestController.class.php 第 118 行.
NOTIC: [8] Undefined index: HTTP_ACCEPT C:\wamp64\www\applicationServer\ThinkPHP\Library\Think\Controller\RestController.class.php 第 118 行.
NOTIC: [8] Undefined index: HTTP_ACCEPT C:\wamp64\www\applicationServer\ThinkPHP\Library\Think\Controller\RestController.class.php 第 118 行.
NOTIC: [8] Undefined index: HTTP_ACCEPT C:\wamp64\www\applicationServer\ThinkPHP\Library\Think\Controller\RestController.class.php 第 118 行.
NOTIC: [8] Undefined index: HTTP_ACCEPT C:\wamp64\www\applicationServer\ThinkPHP\Library\Think\Controller\RestController.class.php 第 118 行.
NOTIC: [8] Undefined index: HTTP_ACCEPT C:\wamp64\www\applicationServer\ThinkPHP\Library\Think\Controller\RestController.class.php 第 118 行.
NOTIC: [8] Undefined index: HTTP_ACCEPT C:\wamp64\www\applicationServer\ThinkPHP\Library\Think\Controller\RestController.class.php 第 118 行.
NOTIC: [8] Undefined index: HTTP_ACCEPT C:\wamp64\www\applicationServer\ThinkPHP\Library\Think\Controller\RestController.class.php 第 118 行.
NOTIC: [8] Undefined index: HTTP_ACCEPT C:\wamp64\www\applicationServer\ThinkPHP\Library\Think\Controller\RestController.class.php 第 118 行.
NOTIC: [8] Undefined index: HTTP_ACCEPT C:\wamp64\www\applicationServer\ThinkPHP\Library\Think\Controller\RestController.class.php 第 118 行.
SQL: SHOW COLUMNS FROM `users` [ RunTime:0.0020s ]
NOTIC: [2] Illegal offset type in isset or empty C:\wamp64\www\applicationServer\ThinkPHP\Library\Think\Model.class.php 第 445 行.
SQL: UPDATE `users` SET `introduction`='啦啦啦' WHERE ( username='coco' ) [ RunTime:0.0034s ]

[ 2018-11-03T15:23:39+08:00 ] ::1 /applicationServer/Home/User/Getintro/coco
INFO: [ app_init ] --START--
INFO: Run Behavior\BuildLiteBehavior [ RunTime:0.000015s ]
INFO: [ app_init ] --END-- [ RunTime:0.000642s ]
INFO: [ app_begin ] --START--
INFO: Run Behavior\ReadHtmlCacheBehavior [ RunTime:0.001748s ]
INFO: [ app_begin ] --END-- [ RunTime:0.001846s ]
NOTIC: [8] Undefined index: HTTP_ACCEPT C:\wamp64\www\applicationServer\ThinkPHP\Library\Think\Controller\RestController.class.php 第 118 行.
NOTIC: [8] Undefined index: HTTP_ACCEPT C:\wamp64\www\applicationServer\ThinkPHP\Library\Think\Controller\RestController.class.php 第 118 行.
NOTIC: [8] Undefined index: HTTP_ACCEPT C:\wamp64\www\applicationServer\ThinkPHP\Library\Think\Controller\RestController.class.php 第 118 行.
NOTIC: [8] Undefined index: HTTP_ACCEPT C:\wamp64\www\applicationServer\ThinkPHP\Library\Think\Controller\RestController.class.php 第 118 行.
NOTIC: [8] Undefined index: HTTP_ACCEPT C:\wamp64\www\applicationServer\ThinkPHP\Library\Think\Controller\RestController.class.php 第 118 行.
NOTIC: [8] Undefined index: HTTP_ACCEPT C:\wamp64\www\applicationServer\ThinkPHP\Library\Think\Controller\RestController.class.php 第 118 行.
NOTIC: [8] Undefined index: HTTP_ACCEPT C:\wamp64\www\applicationServer\ThinkPHP\Library\Think\Controller\RestController.class.php 第 118 行.
NOTIC: [8] Undefined index: HTTP_ACCEPT C:\wamp64\www\applicationServer\ThinkPHP\Library\Think\Controller\RestController.class.php 第 118 行.
NOTIC: [8] Undefined index: HTTP_ACCEPT C:\wamp64\www\applicationServer\ThinkPHP\Library\Think\Controller\RestController.class.php 第 118 行.
NOTIC: [8] Undefined index: HTTP_ACCEPT C:\wamp64\www\applicationServer\ThinkPHP\Library\Think\Controller\RestController.class.php 第 118 行.
NOTIC: [8] Undefined index: HTTP_ACCEPT C:\wamp64\www\applicationServer\ThinkPHP\Library\Think\Controller\RestController.class.php 第 118 行.
NOTIC: [8] Undefined index: HTTP_ACCEPT C:\wamp64\www\applicationServer\ThinkPHP\Library\Think\Controller\RestController.class.php 第 118 行.
NOTIC: [8] Undefined index: HTTP_ACCEPT C:\wamp64\www\applicationServer\ThinkPHP\Library\Think\Controller\RestController.class.php 第 118 行.
NOTIC: [8] Undefined index: HTTP_ACCEPT C:\wamp64\www\applicationServer\ThinkPHP\Library\Think\Controller\RestController.class.php 第 118 行.
NOTIC: [8] Undefined index: HTTP_ACCEPT C:\wamp64\www\applicationServer\ThinkPHP\Library\Think\Controller\RestController.class.php 第 118 行.
NOTIC: [8] Undefined index: HTTP_ACCEPT C:\wamp64\www\applicationServer\ThinkPHP\Library\Think\Controller\RestController.class.php 第 118 行.
NOTIC: [8] Undefined index: HTTP_ACCEPT C:\wamp64\www\applicationServer\ThinkPHP\Library\Think\Controller\RestController.class.php 第 118 行.
NOTIC: [8] Undefined index: HTTP_ACCEPT C:\wamp64\www\applicationServer\ThinkPHP\Library\Think\Controller\RestController.class.php 第 118 行.
NOTIC: [8] Undefined index: HTTP_ACCEPT C:\wamp64\www\applicationServer\ThinkPHP\Library\Think\Controller\RestController.class.php 第 118 行.
NOTIC: [8] Undefined index: HTTP_ACCEPT C:\wamp64\www\applicationServer\ThinkPHP\Library\Think\Controller\RestController.class.php 第 118 行.
NOTIC: [8] Undefined index: HTTP_ACCEPT C:\wamp64\www\applicationServer\ThinkPHP\Library\Think\Controller\RestController.class.php 第 118 行.
NOTIC: [8] Undefined index: HTTP_ACCEPT C:\wamp64\www\applicationServer\ThinkPHP\Library\Think\Controller\RestController.class.php 第 118 行.
NOTIC: [8] Undefined index: HTTP_ACCEPT C:\wamp64\www\applicationServer\ThinkPHP\Library\Think\Controller\RestController.class.php 第 118 行.
NOTIC: [8] Undefined index: HTTP_ACCEPT C:\wamp64\www\applicationServer\ThinkPHP\Library\Think\Controller\RestController.class.php 第 118 行.
NOTIC: [8] Undefined index: HTTP_ACCEPT C:\wamp64\www\applicationServer\ThinkPHP\Library\Think\Controller\RestController.class.php 第 118 行.
NOTIC: [8] Undefined index: HTTP_ACCEPT C:\wamp64\www\applicationServer\ThinkPHP\Library\Think\Controller\RestController.class.php 第 118 行.
SQL: SHOW COLUMNS FROM `users` [ RunTime:0.0013s ]
SQL: SELECT * FROM `users` WHERE ( username='coco' )  [ RunTime:0.0006s ]

[ 2018-11-03T15:23:45+08:00 ] ::1 /applicationServer/Home/Blog/GetBlogList/coco
INFO: [ app_init ] --START--
INFO: Run Behavior\BuildLiteBehavior [ RunTime:0.000013s ]
INFO: [ app_init ] --END-- [ RunTime:0.000525s ]
INFO: [ app_begin ] --START--
INFO: Run Behavior\ReadHtmlCacheBehavior [ RunTime:0.001406s ]
INFO: [ app_begin ] --END-- [ RunTime:0.001514s ]
NOTIC: [8] Undefined index: HTTP_ACCEPT C:\wamp64\www\applicationServer\ThinkPHP\Library\Think\Controller\RestController.class.php 第 118 行.
NOTIC: [8] Undefined index: HTTP_ACCEPT C:\wamp64\www\applicationServer\ThinkPHP\Library\Think\Controller\RestController.class.php 第 118 行.
NOTIC: [8] Undefined index: HTTP_ACCEPT C:\wamp64\www\applicationServer\ThinkPHP\Library\Think\Controller\RestController.class.php 第 118 行.
NOTIC: [8] Undefined index: HTTP_ACCEPT C:\wamp64\www\applicationServer\ThinkPHP\Library\Think\Controller\RestController.class.php 第 118 行.
NOTIC: [8] Undefined index: HTTP_ACCEPT C:\wamp64\www\applicationServer\ThinkPHP\Library\Think\Controller\RestController.class.php 第 118 行.
NOTIC: [8] Undefined index: HTTP_ACCEPT C:\wamp64\www\applicationServer\ThinkPHP\Library\Think\Controller\RestController.class.php 第 118 行.
NOTIC: [8] Undefined index: HTTP_ACCEPT C:\wamp64\www\applicationServer\ThinkPHP\Library\Think\Controller\RestController.class.php 第 118 行.
NOTIC: [8] Undefined index: HTTP_ACCEPT C:\wamp64\www\applicationServer\ThinkPHP\Library\Think\Controller\RestController.class.php 第 118 行.
NOTIC: [8] Undefined index: HTTP_ACCEPT C:\wamp64\www\applicationServer\ThinkPHP\Library\Think\Controller\RestController.class.php 第 118 行.
NOTIC: [8] Undefined index: HTTP_ACCEPT C:\wamp64\www\applicationServer\ThinkPHP\Library\Think\Controller\RestController.class.php 第 118 行.
NOTIC: [8] Undefined index: HTTP_ACCEPT C:\wamp64\www\applicationServer\ThinkPHP\Library\Think\Controller\RestController.class.php 第 118 行.
NOTIC: [8] Undefined index: HTTP_ACCEPT C:\wamp64\www\applicationServer\ThinkPHP\Library\Think\Controller\RestController.class.php 第 118 行.
NOTIC: [8] Undefined index: HTTP_ACCEPT C:\wamp64\www\applicationServer\ThinkPHP\Library\Think\Controller\RestController.class.php 第 118 行.
NOTIC: [8] Undefined index: HTTP_ACCEPT C:\wamp64\www\applicationServer\ThinkPHP\Library\Think\Controller\RestController.class.php 第 118 行.
NOTIC: [8] Undefined index: HTTP_ACCEPT C:\wamp64\www\applicationServer\ThinkPHP\Library\Think\Controller\RestController.class.php 第 118 行.
NOTIC: [8] Undefined index: HTTP_ACCEPT C:\wamp64\www\applicationServer\ThinkPHP\Library\Think\Controller\RestController.class.php 第 118 行.
NOTIC: [8] Undefined index: HTTP_ACCEPT C:\wamp64\www\applicationServer\ThinkPHP\Library\Think\Controller\RestController.class.php 第 118 行.
NOTIC: [8] Undefined index: HTTP_ACCEPT C:\wamp64\www\applicationServer\ThinkPHP\Library\Think\Controller\RestController.class.php 第 118 行.
NOTIC: [8] Undefined index: HTTP_ACCEPT C:\wamp64\www\applicationServer\ThinkPHP\Library\Think\Controller\RestController.class.php 第 118 行.
NOTIC: [8] Undefined index: HTTP_ACCEPT C:\wamp64\www\applicationServer\ThinkPHP\Library\Think\Controller\RestController.class.php 第 118 行.
NOTIC: [8] Undefined index: HTTP_ACCEPT C:\wamp64\www\applicationServer\ThinkPHP\Library\Think\Controller\RestController.class.php 第 118 行.
NOTIC: [8] Undefined index: HTTP_ACCEPT C:\wamp64\www\applicationServer\ThinkPHP\Library\Think\Controller\RestController.class.php 第 118 行.
NOTIC: [8] Undefined index: HTTP_ACCEPT C:\wamp64\www\applicationServer\ThinkPHP\Library\Think\Controller\RestController.class.php 第 118 行.
NOTIC: [8] Undefined index: HTTP_ACCEPT C:\wamp64\www\applicationServer\ThinkPHP\Library\Think\Controller\RestController.class.php 第 118 行.
NOTIC: [8] Undefined index: HTTP_ACCEPT C:\wamp64\www\applicationServer\ThinkPHP\Library\Think\Controller\RestController.class.php 第 118 行.
NOTIC: [8] Undefined index: HTTP_ACCEPT C:\wamp64\www\applicationServer\ThinkPHP\Library\Think\Controller\RestController.class.php 第 118 行.
SQL: SHOW COLUMNS FROM `blog` [ RunTime:0.0026s ]
SQL: SELECT * FROM `blog` WHERE ( username='coco' ) ORDER BY title  [ RunTime:0.0006s ]

[ 2018-11-03T15:23:45+08:00 ] ::1 /applicationServer/Home/Blog/GetContentOfBlogID/a58942a4-01b5-4bd5-83d5-b249522861a1
INFO: [ app_init ] --START--
INFO: Run Behavior\BuildLiteBehavior [ RunTime:0.000019s ]
INFO: [ app_init ] --END-- [ RunTime:0.000874s ]
INFO: [ app_begin ] --START--
INFO: Run Behavior\ReadHtmlCacheBehavior [ RunTime:0.001705s ]
INFO: [ app_begin ] --END-- [ RunTime:0.001798s ]
NOTIC: [8] Undefined index: HTTP_ACCEPT C:\wamp64\www\applicationServer\ThinkPHP\Library\Think\Controller\RestController.class.php 第 118 行.
NOTIC: [8] Undefined index: HTTP_ACCEPT C:\wamp64\www\applicationServer\ThinkPHP\Library\Think\Controller\RestController.class.php 第 118 行.
NOTIC: [8] Undefined index: HTTP_ACCEPT C:\wamp64\www\applicationServer\ThinkPHP\Library\Think\Controller\RestController.class.php 第 118 行.
NOTIC: [8] Undefined index: HTTP_ACCEPT C:\wamp64\www\applicationServer\ThinkPHP\Library\Think\Controller\RestController.class.php 第 118 行.
NOTIC: [8] Undefined index: HTTP_ACCEPT C:\wamp64\www\applicationServer\ThinkPHP\Library\Think\Controller\RestController.class.php 第 118 行.
NOTIC: [8] Undefined index: HTTP_ACCEPT C:\wamp64\www\applicationServer\ThinkPHP\Library\Think\Controller\RestController.class.php 第 118 行.
NOTIC: [8] Undefined index: HTTP_ACCEPT C:\wamp64\www\applicationServer\ThinkPHP\Library\Think\Controller\RestController.class.php 第 118 行.
NOTIC: [8] Undefined index: HTTP_ACCEPT C:\wamp64\www\applicationServer\ThinkPHP\Library\Think\Controller\RestController.class.php 第 118 行.
NOTIC: [8] Undefined index: HTTP_ACCEPT C:\wamp64\www\applicationServer\ThinkPHP\Library\Think\Controller\RestController.class.php 第 118 行.
NOTIC: [8] Undefined index: HTTP_ACCEPT C:\wamp64\www\applicationServer\ThinkPHP\Library\Think\Controller\RestController.class.php 第 118 行.
NOTIC: [8] Undefined index: HTTP_ACCEPT C:\wamp64\www\applicationServer\ThinkPHP\Library\Think\Controller\RestController.class.php 第 118 行.
NOTIC: [8] Undefined index: HTTP_ACCEPT C:\wamp64\www\applicationServer\ThinkPHP\Library\Think\Controller\RestController.class.php 第 118 行.
NOTIC: [8] Undefined index: HTTP_ACCEPT C:\wamp64\www\applicationServer\ThinkPHP\Library\Think\Controller\RestController.class.php 第 118 行.
NOTIC: [8] Undefined index: HTTP_ACCEPT C:\wamp64\www\applicationServer\ThinkPHP\Library\Think\Controller\RestController.class.php 第 118 行.
NOTIC: [8] Undefined index: HTTP_ACCEPT C:\wamp64\www\applicationServer\ThinkPHP\Library\Think\Controller\RestController.class.php 第 118 行.
NOTIC: [8] Undefined index: HTTP_ACCEPT C:\wamp64\www\applicationServer\ThinkPHP\Library\Think\Controller\RestController.class.php 第 118 行.
NOTIC: [8] Undefined index: HTTP_ACCEPT C:\wamp64\www\applicationServer\ThinkPHP\Library\Think\Controller\RestController.class.php 第 118 行.
NOTIC: [8] Undefined index: HTTP_ACCEPT C:\wamp64\www\applicationServer\ThinkPHP\Library\Think\Controller\RestController.class.php 第 118 行.
NOTIC: [8] Undefined index: HTTP_ACCEPT C:\wamp64\www\applicationServer\ThinkPHP\Library\Think\Controller\RestController.class.php 第 118 行.
NOTIC: [8] Undefined index: HTTP_ACCEPT C:\wamp64\www\applicationServer\ThinkPHP\Library\Think\Controller\RestController.class.php 第 118 行.
NOTIC: [8] Undefined index: HTTP_ACCEPT C:\wamp64\www\applicationServer\ThinkPHP\Library\Think\Controller\RestController.class.php 第 118 行.
NOTIC: [8] Undefined index: HTTP_ACCEPT C:\wamp64\www\applicationServer\ThinkPHP\Library\Think\Controller\RestController.class.php 第 118 行.
NOTIC: [8] Undefined index: HTTP_ACCEPT C:\wamp64\www\applicationServer\ThinkPHP\Library\Think\Controller\RestController.class.php 第 118 行.
NOTIC: [8] Undefined index: HTTP_ACCEPT C:\wamp64\www\applicationServer\ThinkPHP\Library\Think\Controller\RestController.class.php 第 118 行.
NOTIC: [8] Undefined index: HTTP_ACCEPT C:\wamp64\www\applicationServer\ThinkPHP\Library\Think\Controller\RestController.class.php 第 118 行.
NOTIC: [8] Undefined index: HTTP_ACCEPT C:\wamp64\www\applicationServer\ThinkPHP\Library\Think\Controller\RestController.class.php 第 118 行.
SQL: SHOW COLUMNS FROM `blog` [ RunTime:0.0019s ]
SQL: SELECT * FROM `blog` WHERE ( blogID='a58942a4-01b5-4bd5-83d5-b249522861a1' ) ORDER BY content  [ RunTime:0.0006s ]

[ 2018-11-03T15:23:47+08:00 ] ::1 /applicationServer/Home/User/Getintro/coco
INFO: [ app_init ] --START--
INFO: Run Behavior\BuildLiteBehavior [ RunTime:0.000015s ]
INFO: [ app_init ] --END-- [ RunTime:0.000577s ]
INFO: [ app_begin ] --START--
INFO: Run Behavior\ReadHtmlCacheBehavior [ RunTime:0.001720s ]
INFO: [ app_begin ] --END-- [ RunTime:0.001803s ]
NOTIC: [8] Undefined index: HTTP_ACCEPT C:\wamp64\www\applicationServer\ThinkPHP\Library\Think\Controller\RestController.class.php 第 118 行.
NOTIC: [8] Undefined index: HTTP_ACCEPT C:\wamp64\www\applicationServer\ThinkPHP\Library\Think\Controller\RestController.class.php 第 118 行.
NOTIC: [8] Undefined index: HTTP_ACCEPT C:\wamp64\www\applicationServer\ThinkPHP\Library\Think\Controller\RestController.class.php 第 118 行.
NOTIC: [8] Undefined index: HTTP_ACCEPT C:\wamp64\www\applicationServer\ThinkPHP\Library\Think\Controller\RestController.class.php 第 118 行.
NOTIC: [8] Undefined index: HTTP_ACCEPT C:\wamp64\www\applicationServer\ThinkPHP\Library\Think\Controller\RestController.class.php 第 118 行.
NOTIC: [8] Undefined index: HTTP_ACCEPT C:\wamp64\www\applicationServer\ThinkPHP\Library\Think\Controller\RestController.class.php 第 118 行.
NOTIC: [8] Undefined index: HTTP_ACCEPT C:\wamp64\www\applicationServer\ThinkPHP\Library\Think\Controller\RestController.class.php 第 118 行.
NOTIC: [8] Undefined index: HTTP_ACCEPT C:\wamp64\www\applicationServer\ThinkPHP\Library\Think\Controller\RestController.class.php 第 118 行.
NOTIC: [8] Undefined index: HTTP_ACCEPT C:\wamp64\www\applicationServer\ThinkPHP\Library\Think\Controller\RestController.class.php 第 118 行.
NOTIC: [8] Undefined index: HTTP_ACCEPT C:\wamp64\www\applicationServer\ThinkPHP\Library\Think\Controller\RestController.class.php 第 118 行.
NOTIC: [8] Undefined index: HTTP_ACCEPT C:\wamp64\www\applicationServer\ThinkPHP\Library\Think\Controller\RestController.class.php 第 118 行.
NOTIC: [8] Undefined index: HTTP_ACCEPT C:\wamp64\www\applicationServer\ThinkPHP\Library\Think\Controller\RestController.class.php 第 118 行.
NOTIC: [8] Undefined index: HTTP_ACCEPT C:\wamp64\www\applicationServer\ThinkPHP\Library\Think\Controller\RestController.class.php 第 118 行.
NOTIC: [8] Undefined index: HTTP_ACCEPT C:\wamp64\www\applicationServer\ThinkPHP\Library\Think\Controller\RestController.class.php 第 118 行.
NOTIC: [8] Undefined index: HTTP_ACCEPT C:\wamp64\www\applicationServer\ThinkPHP\Library\Think\Controller\RestController.class.php 第 118 行.
NOTIC: [8] Undefined index: HTTP_ACCEPT C:\wamp64\www\applicationServer\ThinkPHP\Library\Think\Controller\RestController.class.php 第 118 行.
NOTIC: [8] Undefined index: HTTP_ACCEPT C:\wamp64\www\applicationServer\ThinkPHP\Library\Think\Controller\RestController.class.php 第 118 行.
NOTIC: [8] Undefined index: HTTP_ACCEPT C:\wamp64\www\applicationServer\ThinkPHP\Library\Think\Controller\RestController.class.php 第 118 行.
NOTIC: [8] Undefined index: HTTP_ACCEPT C:\wamp64\www\applicationServer\ThinkPHP\Library\Think\Controller\RestController.class.php 第 118 行.
NOTIC: [8] Undefined index: HTTP_ACCEPT C:\wamp64\www\applicationServer\ThinkPHP\Library\Think\Controller\RestController.class.php 第 118 行.
NOTIC: [8] Undefined index: HTTP_ACCEPT C:\wamp64\www\applicationServer\ThinkPHP\Library\Think\Controller\RestController.class.php 第 118 行.
NOTIC: [8] Undefined index: HTTP_ACCEPT C:\wamp64\www\applicationServer\ThinkPHP\Library\Think\Controller\RestController.class.php 第 118 行.
NOTIC: [8] Undefined index: HTTP_ACCEPT C:\wamp64\www\applicationServer\ThinkPHP\Library\Think\Controller\RestController.class.php 第 118 行.
NOTIC: [8] Undefined index: HTTP_ACCEPT C:\wamp64\www\applicationServer\ThinkPHP\Library\Think\Controller\RestController.class.php 第 118 行.
NOTIC: [8] Undefined index: HTTP_ACCEPT C:\wamp64\www\applicationServer\ThinkPHP\Library\Think\Controller\RestController.class.php 第 118 行.
NOTIC: [8] Undefined index: HTTP_ACCEPT C:\wamp64\www\applicationServer\ThinkPHP\Library\Think\Controller\RestController.class.php 第 118 行.
SQL: SHOW COLUMNS FROM `users` [ RunTime:0.0013s ]
SQL: SELECT * FROM `users` WHERE ( username='coco' )  [ RunTime:0.0015s ]

[ 2018-11-03T15:23:50+08:00 ] ::1 /applicationServer/Home/User/Getintro/coco
INFO: [ app_init ] --START--
INFO: Run Behavior\BuildLiteBehavior [ RunTime:0.000013s ]
INFO: [ app_init ] --END-- [ RunTime:0.000513s ]
INFO: [ app_begin ] --START--
INFO: Run Behavior\ReadHtmlCacheBehavior [ RunTime:0.001036s ]
INFO: [ app_begin ] --END-- [ RunTime:0.001109s ]
NOTIC: [8] Undefined index: HTTP_ACCEPT C:\wamp64\www\applicationServer\ThinkPHP\Library\Think\Controller\RestController.class.php 第 118 行.
NOTIC: [8] Undefined index: HTTP_ACCEPT C:\wamp64\www\applicationServer\ThinkPHP\Library\Think\Controller\RestController.class.php 第 118 行.
NOTIC: [8] Undefined index: HTTP_ACCEPT C:\wamp64\www\applicationServer\ThinkPHP\Library\Think\Controller\RestController.class.php 第 118 行.
NOTIC: [8] Undefined index: HTTP_ACCEPT C:\wamp64\www\applicationServer\ThinkPHP\Library\Think\Controller\RestController.class.php 第 118 行.
NOTIC: [8] Undefined index: HTTP_ACCEPT C:\wamp64\www\applicationServer\ThinkPHP\Library\Think\Controller\RestController.class.php 第 118 行.
NOTIC: [8] Undefined index: HTTP_ACCEPT C:\wamp64\www\applicationServer\ThinkPHP\Library\Think\Controller\RestController.class.php 第 118 行.
NOTIC: [8] Undefined index: HTTP_ACCEPT C:\wamp64\www\applicationServer\ThinkPHP\Library\Think\Controller\RestController.class.php 第 118 行.
NOTIC: [8] Undefined index: HTTP_ACCEPT C:\wamp64\www\applicationServer\ThinkPHP\Library\Think\Controller\RestController.class.php 第 118 行.
NOTIC: [8] Undefined index: HTTP_ACCEPT C:\wamp64\www\applicationServer\ThinkPHP\Library\Think\Controller\RestController.class.php 第 118 行.
NOTIC: [8] Undefined index: HTTP_ACCEPT C:\wamp64\www\applicationServer\ThinkPHP\Library\Think\Controller\RestController.class.php 第 118 行.
NOTIC: [8] Undefined index: HTTP_ACCEPT C:\wamp64\www\applicationServer\ThinkPHP\Library\Think\Controller\RestController.class.php 第 118 行.
NOTIC: [8] Undefined index: HTTP_ACCEPT C:\wamp64\www\applicationServer\ThinkPHP\Library\Think\Controller\RestController.class.php 第 118 行.
NOTIC: [8] Undefined index: HTTP_ACCEPT C:\wamp64\www\applicationServer\ThinkPHP\Library\Think\Controller\RestController.class.php 第 118 行.
NOTIC: [8] Undefined index: HTTP_ACCEPT C:\wamp64\www\applicationServer\ThinkPHP\Library\Think\Controller\RestController.class.php 第 118 行.
NOTIC: [8] Undefined index: HTTP_ACCEPT C:\wamp64\www\applicationServer\ThinkPHP\Library\Think\Controller\RestController.class.php 第 118 行.
NOTIC: [8] Undefined index: HTTP_ACCEPT C:\wamp64\www\applicationServer\ThinkPHP\Library\Think\Controller\RestController.class.php 第 118 行.
NOTIC: [8] Undefined index: HTTP_ACCEPT C:\wamp64\www\applicationServer\ThinkPHP\Library\Think\Controller\RestController.class.php 第 118 行.
NOTIC: [8] Undefined index: HTTP_ACCEPT C:\wamp64\www\applicationServer\ThinkPHP\Library\Think\Controller\RestController.class.php 第 118 行.
NOTIC: [8] Undefined index: HTTP_ACCEPT C:\wamp64\www\applicationServer\ThinkPHP\Library\Think\Controller\RestController.class.php 第 118 行.
NOTIC: [8] Undefined index: HTTP_ACCEPT C:\wamp64\www\applicationServer\ThinkPHP\Library\Think\Controller\RestController.class.php 第 118 行.
NOTIC: [8] Undefined index: HTTP_ACCEPT C:\wamp64\www\applicationServer\ThinkPHP\Library\Think\Controller\RestController.class.php 第 118 行.
NOTIC: [8] Undefined index: HTTP_ACCEPT C:\wamp64\www\applicationServer\ThinkPHP\Library\Think\Controller\RestController.class.php 第 118 行.
NOTIC: [8] Undefined index: HTTP_ACCEPT C:\wamp64\www\applicationServer\ThinkPHP\Library\Think\Controller\RestController.class.php 第 118 行.
NOTIC: [8] Undefined index: HTTP_ACCEPT C:\wamp64\www\applicationServer\ThinkPHP\Library\Think\Controller\RestController.class.php 第 118 行.
NOTIC: [8] Undefined index: HTTP_ACCEPT C:\wamp64\www\applicationServer\ThinkPHP\Library\Think\Controller\RestController.class.php 第 118 行.
NOTIC: [8] Undefined index: HTTP_ACCEPT C:\wamp64\www\applicationServer\ThinkPHP\Library\Think\Controller\RestController.class.php 第 118 行.
SQL: SHOW COLUMNS FROM `users` [ RunTime:0.0016s ]
SQL: SELECT * FROM `users` WHERE ( username='coco' )  [ RunTime:0.0004s ]

