[ 2018-10-23T00:01:23+08:00 ] ::1 /applicationServer/Home/Actor/GetActorlist
INFO: [ app_init ] --START--
INFO: Run Behavior\BuildLiteBehavior [ RunTime:0.000020s ]
INFO: [ app_init ] --END-- [ RunTime:0.001035s ]
INFO: [ app_begin ] --START--
INFO: Run Behavior\ReadHtmlCacheBehavior [ RunTime:0.002618s ]
INFO: [ app_begin ] --END-- [ RunTime:0.002735s ]

[ 2018-10-23T00:01:25+08:00 ] ::1 /applicationServer/Home/Actor/GetActorlist
INFO: [ app_init ] --START--
INFO: Run Behavior\BuildLiteBehavior [ RunTime:0.000012s ]
INFO: [ app_init ] --END-- [ RunTime:0.000459s ]
INFO: [ app_begin ] --START--
INFO: Run Behavior\ReadHtmlCacheBehavior [ RunTime:0.001376s ]
INFO: [ app_begin ] --END-- [ RunTime:0.001454s ]

[ 2018-10-23T00:01:56+08:00 ] ::1 /applicationServer/Home/Actor/GetActorlist
INFO: [ app_init ] --START--
INFO: Run Behavior\BuildLiteBehavior [ RunTime:0.000025s ]
INFO: [ app_init ] --END-- [ RunTime:0.002177s ]
INFO: [ app_begin ] --START--
INFO: Run Behavior\ReadHtmlCacheBehavior [ RunTime:0.001718s ]
INFO: [ app_begin ] --END-- [ RunTime:0.001785s ]

[ 2018-10-23T00:01:58+08:00 ] ::1 /applicationServer/Home/Actor/GetActorlist
INFO: [ app_init ] --START--
INFO: Run Behavior\BuildLiteBehavior [ RunTime:0.000014s ]
INFO: [ app_init ] --END-- [ RunTime:0.000652s ]
INFO: [ app_begin ] --START--
INFO: Run Behavior\ReadHtmlCacheBehavior [ RunTime:0.002279s ]
INFO: [ app_begin ] --END-- [ RunTime:0.002505s ]

[ 2018-10-23T00:02:16+08:00 ] ::1 /applicationServer/Home/Actor/GetActorlist
INFO: [ app_init ] --START--
INFO: Run Behavior\BuildLiteBehavior [ RunTime:0.000020s ]
INFO: [ app_init ] --END-- [ RunTime:0.000891s ]
INFO: [ app_begin ] --START--
INFO: Run Behavior\ReadHtmlCacheBehavior [ RunTime:0.001667s ]
INFO: [ app_begin ] --END-- [ RunTime:0.001786s ]

[ 2018-10-23T00:21:46+08:00 ] ::1 /applicationServer/Home/Actor/GetActorlist
INFO: [ app_init ] --START--
INFO: Run Behavior\BuildLiteBehavior [ RunTime:0.000030s ]
INFO: [ app_init ] --END-- [ RunTime:0.002976s ]
INFO: [ app_begin ] --START--
INFO: Run Behavior\ReadHtmlCacheBehavior [ RunTime:0.003503s ]
INFO: [ app_begin ] --END-- [ RunTime:0.003625s ]

[ 2018-10-23T00:21:52+08:00 ] ::1 /applicationServer/Home/Actor/GetActorlist
INFO: [ app_init ] --START--
INFO: Run Behavior\BuildLiteBehavior [ RunTime:0.000025s ]
INFO: [ app_init ] --END-- [ RunTime:0.001116s ]
INFO: [ app_begin ] --START--
INFO: Run Behavior\ReadHtmlCacheBehavior [ RunTime:0.002971s ]
INFO: [ app_begin ] --END-- [ RunTime:0.003133s ]

[ 2018-10-23T00:39:03+08:00 ] ::1 /applicationServer/
INFO: [ app_init ] --START--
INFO: Run Behavior\BuildLiteBehavior [ RunTime:0.000024s ]
INFO: [ app_init ] --END-- [ RunTime:0.003005s ]
INFO: [ app_begin ] --START--
INFO: Run Behavior\ReadHtmlCacheBehavior [ RunTime:0.002560s ]
INFO: [ app_begin ] --END-- [ RunTime:0.002679s ]

[ 2018-10-23T00:42:53+08:00 ] ::1 /applicationServer/
INFO: [ app_init ] --START--
INFO: Run Behavior\BuildLiteBehavior [ RunTime:0.000057s ]
INFO: [ app_init ] --END-- [ RunTime:0.001423s ]
INFO: [ app_begin ] --START--
INFO: Run Behavior\ReadHtmlCacheBehavior [ RunTime:0.003025s ]
INFO: [ app_begin ] --END-- [ RunTime:0.003375s ]
INFO: [ view_parse ] --START--
INFO: Run Behavior\ParseTemplateBehavior [ RunTime:0.004916s ]
INFO: [ view_parse ] --END-- [ RunTime:0.005127s ]
INFO: [ view_filter ] --START--
INFO: Run Behavior\WriteHtmlCacheBehavior [ RunTime:0.002201s ]
INFO: [ view_filter ] --END-- [ RunTime:0.002270s ]
INFO: [ app_end ] --START--
INFO: Run Behavior\ShowPageTraceBehavior [ RunTime:0.003126s ]
INFO: [ app_end ] --END-- [ RunTime:0.003225s ]

[ 2018-10-23T00:43:18+08:00 ] ::1 /applicationServer/Home/Actor/GetActorlist
INFO: [ app_init ] --START--
INFO: Run Behavior\BuildLiteBehavior [ RunTime:0.000014s ]
INFO: [ app_init ] --END-- [ RunTime:0.000595s ]
INFO: [ app_begin ] --START--
INFO: Run Behavior\ReadHtmlCacheBehavior [ RunTime:0.000917s ]
INFO: [ app_begin ] --END-- [ RunTime:0.001018s ]

[ 2018-10-23T00:53:46+08:00 ] ::1 /applicationServer/Home/Actor/GetActorlist
INFO: [ app_init ] --START--
INFO: Run Behavior\BuildLiteBehavior [ RunTime:0.000013s ]
INFO: [ app_init ] --END-- [ RunTime:0.000972s ]
INFO: [ app_begin ] --START--
INFO: Run Behavior\ReadHtmlCacheBehavior [ RunTime:0.002126s ]
INFO: [ app_begin ] --END-- [ RunTime:0.002210s ]

[ 2018-10-23T00:55:14+08:00 ] ::1 /applicationServer/Home/Actor/GetActorlist
INFO: [ app_init ] --START--
INFO: Run Behavior\BuildLiteBehavior [ RunTime:0.000022s ]
INFO: [ app_init ] --END-- [ RunTime:0.001201s ]
INFO: [ app_begin ] --START--
INFO: Run Behavior\ReadHtmlCacheBehavior [ RunTime:0.001602s ]
INFO: [ app_begin ] --END-- [ RunTime:0.001667s ]

[ 2018-10-23T00:55:22+08:00 ] ::1 /applicationServer/Home/Film/GetFilmListByActor/
INFO: [ app_init ] --START--
INFO: Run Behavior\BuildLiteBehavior [ RunTime:0.000021s ]
INFO: [ app_init ] --END-- [ RunTime:0.001080s ]
INFO: [ app_begin ] --START--
INFO: Run Behavior\ReadHtmlCacheBehavior [ RunTime:0.003202s ]
INFO: [ app_begin ] --END-- [ RunTime:0.003331s ]
ERR: 参数错误或者未定义:actorid

[ 2018-10-23T00:55:39+08:00 ] ::1 /applicationServer/Home/Actor/NewActor
INFO: [ app_init ] --START--
INFO: Run Behavior\BuildLiteBehavior [ RunTime:0.000023s ]
INFO: [ app_init ] --END-- [ RunTime:0.000896s ]
INFO: [ app_begin ] --START--
INFO: Run Behavior\ReadHtmlCacheBehavior [ RunTime:0.000873s ]
INFO: [ app_begin ] --END-- [ RunTime:0.000928s ]
NOTIC: [8] Undefined index: Content C:\wamp64\www\applicationServer\Application\Home\Controller\ActorController.class.php 第 18 行.
INFO: [ app_end ] --START--
INFO: Run Behavior\ShowPageTraceBehavior [ RunTime:0.002978s ]
INFO: [ app_end ] --END-- [ RunTime:0.003179s ]

[ 2018-10-23T00:55:49+08:00 ] ::1 /applicationServer/Home/Film/GetFilmListByActor/
INFO: [ app_init ] --START--
INFO: Run Behavior\BuildLiteBehavior [ RunTime:0.000012s ]
INFO: [ app_init ] --END-- [ RunTime:0.000458s ]
INFO: [ app_begin ] --START--
INFO: Run Behavior\ReadHtmlCacheBehavior [ RunTime:0.002810s ]
INFO: [ app_begin ] --END-- [ RunTime:0.002905s ]
ERR: 参数错误或者未定义:actorid

[ 2018-10-23T00:56:08+08:00 ] ::1 /applicationServer/Home/Actor/GetActorlist
INFO: [ app_init ] --START--
INFO: Run Behavior\BuildLiteBehavior [ RunTime:0.000020s ]
INFO: [ app_init ] --END-- [ RunTime:0.000740s ]
INFO: [ app_begin ] --START--
INFO: Run Behavior\ReadHtmlCacheBehavior [ RunTime:0.001648s ]
INFO: [ app_begin ] --END-- [ RunTime:0.001761s ]

[ 2018-10-23T01:17:47+08:00 ] ::1 /applicationServer/Home/Actor/GetActorlist
INFO: [ app_init ] --START--
INFO: Run Behavior\BuildLiteBehavior [ RunTime:0.000016s ]
INFO: [ app_init ] --END-- [ RunTime:0.003424s ]
INFO: [ app_begin ] --START--
INFO: Run Behavior\ReadHtmlCacheBehavior [ RunTime:0.001692s ]
INFO: [ app_begin ] --END-- [ RunTime:0.001780s ]

[ 2018-10-23T01:17:51+08:00 ] ::1 /applicationServer/Home/Actor/GetActorlist
INFO: [ app_init ] --START--
INFO: Run Behavior\BuildLiteBehavior [ RunTime:0.000021s ]
INFO: [ app_init ] --END-- [ RunTime:0.000778s ]
INFO: [ app_begin ] --START--
INFO: Run Behavior\ReadHtmlCacheBehavior [ RunTime:0.006778s ]
INFO: [ app_begin ] --END-- [ RunTime:0.006902s ]

[ 2018-10-23T01:17:56+08:00 ] ::1 /applicationServer/Home/Actor/GetActorlist
INFO: [ app_init ] --START--
INFO: Run Behavior\BuildLiteBehavior [ RunTime:0.000013s ]
INFO: [ app_init ] --END-- [ RunTime:0.000440s ]
INFO: [ app_begin ] --START--
INFO: Run Behavior\ReadHtmlCacheBehavior [ RunTime:0.002145s ]
INFO: [ app_begin ] --END-- [ RunTime:0.002725s ]

[ 2018-10-23T01:19:02+08:00 ] ::1 /applicationServer/Home/Actor/GetActorlist
INFO: [ app_init ] --START--
INFO: Run Behavior\BuildLiteBehavior [ RunTime:0.000020s ]
INFO: [ app_init ] --END-- [ RunTime:0.001101s ]
INFO: [ app_begin ] --START--
INFO: Run Behavior\ReadHtmlCacheBehavior [ RunTime:0.002184s ]
INFO: [ app_begin ] --END-- [ RunTime:0.002280s ]

[ 2018-10-23T01:19:04+08:00 ] ::1 /applicationServer/Home/Actor/GetActorlist
INFO: [ app_init ] --START--
INFO: Run Behavior\BuildLiteBehavior [ RunTime:0.000015s ]
INFO: [ app_init ] --END-- [ RunTime:0.000726s ]
INFO: [ app_begin ] --START--
INFO: Run Behavior\ReadHtmlCacheBehavior [ RunTime:0.001242s ]
INFO: [ app_begin ] --END-- [ RunTime:0.001350s ]

[ 2018-10-23T01:19:09+08:00 ] ::1 /applicationServer/Home/Actor/GetActorlist
INFO: [ app_init ] --START--
INFO: Run Behavior\BuildLiteBehavior [ RunTime:0.000028s ]
INFO: [ app_init ] --END-- [ RunTime:0.001244s ]
INFO: [ app_begin ] --START--
INFO: Run Behavior\ReadHtmlCacheBehavior [ RunTime:0.001763s ]
INFO: [ app_begin ] --END-- [ RunTime:0.001838s ]

[ 2018-10-23T01:19:21+08:00 ] ::1 /applicationServer/Home/Actor/GetActorlist
INFO: [ app_init ] --START--
INFO: Run Behavior\BuildLiteBehavior [ RunTime:0.000024s ]
INFO: [ app_init ] --END-- [ RunTime:0.002441s ]
INFO: [ app_begin ] --START--
INFO: Run Behavior\ReadHtmlCacheBehavior [ RunTime:0.001270s ]
INFO: [ app_begin ] --END-- [ RunTime:0.001364s ]

[ 2018-10-23T10:17:09+08:00 ] ::1 /applicationServer/Home/Actor/GetActorlist
INFO: [ app_init ] --START--
INFO: Run Behavior\BuildLiteBehavior [ RunTime:0.000016s ]
INFO: [ app_init ] --END-- [ RunTime:0.002994s ]
INFO: [ app_begin ] --START--
INFO: Run Behavior\ReadHtmlCacheBehavior [ RunTime:0.004653s ]
INFO: [ app_begin ] --END-- [ RunTime:0.004768s ]

[ 2018-10-23T10:17:22+08:00 ] ::1 /applicationServer/Home/Actor/GetActorlist
INFO: [ app_init ] --START--
INFO: Run Behavior\BuildLiteBehavior [ RunTime:0.000022s ]
INFO: [ app_init ] --END-- [ RunTime:0.000904s ]
INFO: [ app_begin ] --START--
INFO: Run Behavior\ReadHtmlCacheBehavior [ RunTime:0.002985s ]
INFO: [ app_begin ] --END-- [ RunTime:0.003091s ]

[ 2018-10-23T10:18:13+08:00 ] ::1 /applicationServer/Home/Actor/GetActorlist
INFO: [ app_init ] --START--
INFO: Run Behavior\BuildLiteBehavior [ RunTime:0.000013s ]
INFO: [ app_init ] --END-- [ RunTime:0.000854s ]
INFO: [ app_begin ] --START--
INFO: Run Behavior\ReadHtmlCacheBehavior [ RunTime:0.002915s ]
INFO: [ app_begin ] --END-- [ RunTime:0.003002s ]

[ 2018-10-23T10:18:28+08:00 ] ::1 /applicationServer/Home/Actor/NewActor
INFO: [ app_init ] --START--
INFO: Run Behavior\BuildLiteBehavior [ RunTime:0.000015s ]
INFO: [ app_init ] --END-- [ RunTime:0.000611s ]
INFO: [ app_begin ] --START--
INFO: Run Behavior\ReadHtmlCacheBehavior [ RunTime:0.001654s ]
INFO: [ app_begin ] --END-- [ RunTime:0.001803s ]
NOTIC: [8] Undefined index: Content C:\wamp64\www\applicationServer\Application\Home\Controller\ActorController.class.php 第 18 行.
INFO: [ app_end ] --START--
INFO: Run Behavior\ShowPageTraceBehavior [ RunTime:0.002654s ]
INFO: [ app_end ] --END-- [ RunTime:0.002772s ]

[ 2018-10-23T10:22:28+08:00 ] ::1 /applicationServer/Home/City/GetCity
INFO: [ app_init ] --START--
INFO: Run Behavior\BuildLiteBehavior [ RunTime:0.000015s ]
INFO: [ app_init ] --END-- [ RunTime:0.000703s ]
INFO: [ app_begin ] --START--
INFO: Run Behavior\ReadHtmlCacheBehavior [ RunTime:0.002199s ]
INFO: [ app_begin ] --END-- [ RunTime:0.002324s ]
NOTIC: [8] Undefined index: firstname C:\wamp64\www\applicationServer\Application\Home\Controller\CityController.class.php 第 31 行.

[ 2018-10-23T10:23:30+08:00 ] ::1 /applicationServer/Home/City/GetCity
INFO: [ app_init ] --START--
INFO: Run Behavior\BuildLiteBehavior [ RunTime:0.000025s ]
INFO: [ app_init ] --END-- [ RunTime:0.000969s ]
INFO: [ app_begin ] --START--
INFO: Run Behavior\ReadHtmlCacheBehavior [ RunTime:0.002168s ]
INFO: [ app_begin ] --END-- [ RunTime:0.002283s ]
NOTIC: [8] Undefined index: firstname C:\wamp64\www\applicationServer\Application\Home\Controller\CityController.class.php 第 31 行.

[ 2018-10-23T10:43:17+08:00 ] ::1 /applicationServer/Home/City/GetCity
INFO: [ app_init ] --START--
INFO: Run Behavior\BuildLiteBehavior [ RunTime:0.000030s ]
INFO: [ app_init ] --END-- [ RunTime:0.002341s ]
INFO: [ app_begin ] --START--
INFO: Run Behavior\ReadHtmlCacheBehavior [ RunTime:0.002686s ]
INFO: [ app_begin ] --END-- [ RunTime:0.002903s ]
NOTIC: [8] Undefined index: firstname C:\wamp64\www\applicationServer\Application\Home\Controller\CityController.class.php 第 31 行.

[ 2018-10-23T12:47:23+08:00 ] ::1 /applicationServer/Home/City/GetCity
INFO: [ app_init ] --START--
INFO: Run Behavior\BuildLiteBehavior [ RunTime:0.000027s ]
INFO: [ app_init ] --END-- [ RunTime:0.003610s ]
INFO: [ app_begin ] --START--
INFO: Run Behavior\ReadHtmlCacheBehavior [ RunTime:0.002281s ]
INFO: [ app_begin ] --END-- [ RunTime:0.002457s ]
NOTIC: [8] Undefined index: firstname C:\wamp64\www\applicationServer\Application\Home\Controller\CityController.class.php 第 31 行.
SQL: SHOW COLUMNS FROM `City` [ RunTime:0.0315s ]
SQL: SELECT * FROM `City` WHERE ( country_id='%s' ) ORDER BY City  [ RunTime:0.0070s ]

[ 2018-10-23T12:48:04+08:00 ] ::1 /applicationServer/Home/Actor/GetActorList
INFO: [ app_init ] --START--
INFO: Run Behavior\BuildLiteBehavior [ RunTime:0.000015s ]
INFO: [ app_init ] --END-- [ RunTime:0.000707s ]
INFO: [ app_begin ] --START--
INFO: Run Behavior\ReadHtmlCacheBehavior [ RunTime:0.001817s ]
INFO: [ app_begin ] --END-- [ RunTime:0.001925s ]
SQL: SHOW COLUMNS FROM `Actor` [ RunTime:0.0108s ]
SQL: SELECT `actor_id`,`first_name`,`last_name` FROM `Actor` ORDER BY last_name  [ RunTime:0.0029s ]

[ 2018-10-23T12:48:54+08:00 ] ::1 /applicationServer/Home/Actor/GetActorList
INFO: [ app_init ] --START--
INFO: Run Behavior\BuildLiteBehavior [ RunTime:0.000020s ]
INFO: [ app_init ] --END-- [ RunTime:0.000509s ]
INFO: [ app_begin ] --START--
INFO: Run Behavior\ReadHtmlCacheBehavior [ RunTime:0.002537s ]
INFO: [ app_begin ] --END-- [ RunTime:0.002783s ]
SQL: SHOW COLUMNS FROM `Actor` [ RunTime:0.0097s ]
SQL: SELECT `actor_id`,`first_name`,`last_name` FROM `Actor` ORDER BY last_name  [ RunTime:0.0041s ]

[ 2018-10-23T12:52:36+08:00 ] ::1 /applicationServer/Home/Actor/GetActorList
INFO: [ app_init ] --START--
INFO: Run Behavior\BuildLiteBehavior [ RunTime:0.000029s ]
INFO: [ app_init ] --END-- [ RunTime:0.002497s ]
INFO: [ app_begin ] --START--
INFO: Run Behavior\ReadHtmlCacheBehavior [ RunTime:0.002775s ]
INFO: [ app_begin ] --END-- [ RunTime:0.002898s ]
SQL: SHOW COLUMNS FROM `Actor` [ RunTime:0.0605s ]
SQL: SELECT `actor_id`,`first_name`,`last_name` FROM `Actor` ORDER BY last_name  [ RunTime:0.0062s ]

[ 2018-10-23T12:52:53+08:00 ] ::1 /applicationServer/Home/Actor/GetActorList
INFO: [ app_init ] --START--
INFO: Run Behavior\BuildLiteBehavior [ RunTime:0.000012s ]
INFO: [ app_init ] --END-- [ RunTime:0.000484s ]
INFO: [ app_begin ] --START--
INFO: Run Behavior\ReadHtmlCacheBehavior [ RunTime:0.000895s ]
INFO: [ app_begin ] --END-- [ RunTime:0.000952s ]
NOTIC: [8] Undefined index: HTTP_ACCEPT C:\wamp64\www\applicationServer\ThinkPHP\Library\Think\Controller\RestController.class.php 第 118 行.
NOTIC: [8] Undefined index: HTTP_ACCEPT C:\wamp64\www\applicationServer\ThinkPHP\Library\Think\Controller\RestController.class.php 第 118 行.
NOTIC: [8] Undefined index: HTTP_ACCEPT C:\wamp64\www\applicationServer\ThinkPHP\Library\Think\Controller\RestController.class.php 第 118 行.
NOTIC: [8] Undefined index: HTTP_ACCEPT C:\wamp64\www\applicationServer\ThinkPHP\Library\Think\Controller\RestController.class.php 第 118 行.
NOTIC: [8] Undefined index: HTTP_ACCEPT C:\wamp64\www\applicationServer\ThinkPHP\Library\Think\Controller\RestController.class.php 第 118 行.
NOTIC: [8] Undefined index: HTTP_ACCEPT C:\wamp64\www\applicationServer\ThinkPHP\Library\Think\Controller\RestController.class.php 第 118 行.
NOTIC: [8] Undefined index: HTTP_ACCEPT C:\wamp64\www\applicationServer\ThinkPHP\Library\Think\Controller\RestController.class.php 第 118 行.
NOTIC: [8] Undefined index: HTTP_ACCEPT C:\wamp64\www\applicationServer\ThinkPHP\Library\Think\Controller\RestController.class.php 第 118 行.
NOTIC: [8] Undefined index: HTTP_ACCEPT C:\wamp64\www\applicationServer\ThinkPHP\Library\Think\Controller\RestController.class.php 第 118 行.
NOTIC: [8] Undefined index: HTTP_ACCEPT C:\wamp64\www\applicationServer\ThinkPHP\Library\Think\Controller\RestController.class.php 第 118 行.
NOTIC: [8] Undefined index: HTTP_ACCEPT C:\wamp64\www\applicationServer\ThinkPHP\Library\Think\Controller\RestController.class.php 第 118 行.
NOTIC: [8] Undefined index: HTTP_ACCEPT C:\wamp64\www\applicationServer\ThinkPHP\Library\Think\Controller\RestController.class.php 第 118 行.
NOTIC: [8] Undefined index: HTTP_ACCEPT C:\wamp64\www\applicationServer\ThinkPHP\Library\Think\Controller\RestController.class.php 第 118 行.
NOTIC: [8] Undefined index: HTTP_ACCEPT C:\wamp64\www\applicationServer\ThinkPHP\Library\Think\Controller\RestController.class.php 第 118 行.
NOTIC: [8] Undefined index: HTTP_ACCEPT C:\wamp64\www\applicationServer\ThinkPHP\Library\Think\Controller\RestController.class.php 第 118 行.
NOTIC: [8] Undefined index: HTTP_ACCEPT C:\wamp64\www\applicationServer\ThinkPHP\Library\Think\Controller\RestController.class.php 第 118 行.
NOTIC: [8] Undefined index: HTTP_ACCEPT C:\wamp64\www\applicationServer\ThinkPHP\Library\Think\Controller\RestController.class.php 第 118 行.
NOTIC: [8] Undefined index: HTTP_ACCEPT C:\wamp64\www\applicationServer\ThinkPHP\Library\Think\Controller\RestController.class.php 第 118 行.
NOTIC: [8] Undefined index: HTTP_ACCEPT C:\wamp64\www\applicationServer\ThinkPHP\Library\Think\Controller\RestController.class.php 第 118 行.
NOTIC: [8] Undefined index: HTTP_ACCEPT C:\wamp64\www\applicationServer\ThinkPHP\Library\Think\Controller\RestController.class.php 第 118 行.
NOTIC: [8] Undefined index: HTTP_ACCEPT C:\wamp64\www\applicationServer\ThinkPHP\Library\Think\Controller\RestController.class.php 第 118 行.
NOTIC: [8] Undefined index: HTTP_ACCEPT C:\wamp64\www\applicationServer\ThinkPHP\Library\Think\Controller\RestController.class.php 第 118 行.
NOTIC: [8] Undefined index: HTTP_ACCEPT C:\wamp64\www\applicationServer\ThinkPHP\Library\Think\Controller\RestController.class.php 第 118 行.
NOTIC: [8] Undefined index: HTTP_ACCEPT C:\wamp64\www\applicationServer\ThinkPHP\Library\Think\Controller\RestController.class.php 第 118 行.
NOTIC: [8] Undefined index: HTTP_ACCEPT C:\wamp64\www\applicationServer\ThinkPHP\Library\Think\Controller\RestController.class.php 第 118 行.
NOTIC: [8] Undefined index: HTTP_ACCEPT C:\wamp64\www\applicationServer\ThinkPHP\Library\Think\Controller\RestController.class.php 第 118 行.
SQL: SHOW COLUMNS FROM `Actor` [ RunTime:0.0085s ]
SQL: SELECT `actor_id`,`first_name`,`last_name` FROM `Actor` ORDER BY last_name  [ RunTime:0.0011s ]

[ 2018-10-23T12:53:28+08:00 ] ::1 /applicationServer/Home/Film/GetFilmListByActor/58
INFO: [ app_init ] --START--
INFO: Run Behavior\BuildLiteBehavior [ RunTime:0.000013s ]
INFO: [ app_init ] --END-- [ RunTime:0.000460s ]
INFO: [ app_begin ] --START--
INFO: Run Behavior\ReadHtmlCacheBehavior [ RunTime:0.000872s ]
INFO: [ app_begin ] --END-- [ RunTime:0.000927s ]
NOTIC: [8] Undefined index: HTTP_ACCEPT C:\wamp64\www\applicationServer\ThinkPHP\Library\Think\Controller\RestController.class.php 第 118 行.
NOTIC: [8] Undefined index: HTTP_ACCEPT C:\wamp64\www\applicationServer\ThinkPHP\Library\Think\Controller\RestController.class.php 第 118 行.
NOTIC: [8] Undefined index: HTTP_ACCEPT C:\wamp64\www\applicationServer\ThinkPHP\Library\Think\Controller\RestController.class.php 第 118 行.
NOTIC: [8] Undefined index: HTTP_ACCEPT C:\wamp64\www\applicationServer\ThinkPHP\Library\Think\Controller\RestController.class.php 第 118 行.
NOTIC: [8] Undefined index: HTTP_ACCEPT C:\wamp64\www\applicationServer\ThinkPHP\Library\Think\Controller\RestController.class.php 第 118 行.
NOTIC: [8] Undefined index: HTTP_ACCEPT C:\wamp64\www\applicationServer\ThinkPHP\Library\Think\Controller\RestController.class.php 第 118 行.
NOTIC: [8] Undefined index: HTTP_ACCEPT C:\wamp64\www\applicationServer\ThinkPHP\Library\Think\Controller\RestController.class.php 第 118 行.
NOTIC: [8] Undefined index: HTTP_ACCEPT C:\wamp64\www\applicationServer\ThinkPHP\Library\Think\Controller\RestController.class.php 第 118 行.
NOTIC: [8] Undefined index: HTTP_ACCEPT C:\wamp64\www\applicationServer\ThinkPHP\Library\Think\Controller\RestController.class.php 第 118 行.
NOTIC: [8] Undefined index: HTTP_ACCEPT C:\wamp64\www\applicationServer\ThinkPHP\Library\Think\Controller\RestController.class.php 第 118 行.
NOTIC: [8] Undefined index: HTTP_ACCEPT C:\wamp64\www\applicationServer\ThinkPHP\Library\Think\Controller\RestController.class.php 第 118 行.
NOTIC: [8] Undefined index: HTTP_ACCEPT C:\wamp64\www\applicationServer\ThinkPHP\Library\Think\Controller\RestController.class.php 第 118 行.
NOTIC: [8] Undefined index: HTTP_ACCEPT C:\wamp64\www\applicationServer\ThinkPHP\Library\Think\Controller\RestController.class.php 第 118 行.
NOTIC: [8] Undefined index: HTTP_ACCEPT C:\wamp64\www\applicationServer\ThinkPHP\Library\Think\Controller\RestController.class.php 第 118 行.
NOTIC: [8] Undefined index: HTTP_ACCEPT C:\wamp64\www\applicationServer\ThinkPHP\Library\Think\Controller\RestController.class.php 第 118 行.
NOTIC: [8] Undefined index: HTTP_ACCEPT C:\wamp64\www\applicationServer\ThinkPHP\Library\Think\Controller\RestController.class.php 第 118 行.
NOTIC: [8] Undefined index: HTTP_ACCEPT C:\wamp64\www\applicationServer\ThinkPHP\Library\Think\Controller\RestController.class.php 第 118 行.
NOTIC: [8] Undefined index: HTTP_ACCEPT C:\wamp64\www\applicationServer\ThinkPHP\Library\Think\Controller\RestController.class.php 第 118 行.
NOTIC: [8] Undefined index: HTTP_ACCEPT C:\wamp64\www\applicationServer\ThinkPHP\Library\Think\Controller\RestController.class.php 第 118 行.
NOTIC: [8] Undefined index: HTTP_ACCEPT C:\wamp64\www\applicationServer\ThinkPHP\Library\Think\Controller\RestController.class.php 第 118 行.
NOTIC: [8] Undefined index: HTTP_ACCEPT C:\wamp64\www\applicationServer\ThinkPHP\Library\Think\Controller\RestController.class.php 第 118 行.
NOTIC: [8] Undefined index: HTTP_ACCEPT C:\wamp64\www\applicationServer\ThinkPHP\Library\Think\Controller\RestController.class.php 第 118 行.
NOTIC: [8] Undefined index: HTTP_ACCEPT C:\wamp64\www\applicationServer\ThinkPHP\Library\Think\Controller\RestController.class.php 第 118 行.
NOTIC: [8] Undefined index: HTTP_ACCEPT C:\wamp64\www\applicationServer\ThinkPHP\Library\Think\Controller\RestController.class.php 第 118 行.
NOTIC: [8] Undefined index: HTTP_ACCEPT C:\wamp64\www\applicationServer\ThinkPHP\Library\Think\Controller\RestController.class.php 第 118 行.
NOTIC: [8] Undefined index: HTTP_ACCEPT C:\wamp64\www\applicationServer\ThinkPHP\Library\Think\Controller\RestController.class.php 第 118 行.
SQL: SHOW COLUMNS FROM `film` [ RunTime:0.0603s ]
SQL: SELECT * FROM `film` Right Join film_actor on film.film_id=film_actor.film_id  WHERE ( actor_id='58' ) LIMIT 5   [ RunTime:0.0236s ]

[ 2018-10-23T12:54:50+08:00 ] ::1 /applicationServer/Home/Actor/NewActor
INFO: [ app_init ] --START--
INFO: Run Behavior\BuildLiteBehavior [ RunTime:0.000022s ]
INFO: [ app_init ] --END-- [ RunTime:0.001205s ]
INFO: [ app_begin ] --START--
INFO: Run Behavior\ReadHtmlCacheBehavior [ RunTime:0.001997s ]
INFO: [ app_begin ] --END-- [ RunTime:0.002077s ]
NOTIC: [8] Undefined index: Content C:\wamp64\www\applicationServer\Application\Home\Controller\ActorController.class.php 第 18 行.
INFO: [ app_end ] --START--
INFO: Run Behavior\ShowPageTraceBehavior [ RunTime:0.001763s ]
INFO: [ app_end ] --END-- [ RunTime:0.001867s ]

[ 2018-10-23T12:55:03+08:00 ] ::1 /applicationServer/Home/Actor/GetActorList
INFO: [ app_init ] --START--
INFO: Run Behavior\BuildLiteBehavior [ RunTime:0.000013s ]
INFO: [ app_init ] --END-- [ RunTime:0.000432s ]
INFO: [ app_begin ] --START--
INFO: Run Behavior\ReadHtmlCacheBehavior [ RunTime:0.000802s ]
INFO: [ app_begin ] --END-- [ RunTime:0.000854s ]
NOTIC: [8] Undefined index: HTTP_ACCEPT C:\wamp64\www\applicationServer\ThinkPHP\Library\Think\Controller\RestController.class.php 第 118 行.
NOTIC: [8] Undefined index: HTTP_ACCEPT C:\wamp64\www\applicationServer\ThinkPHP\Library\Think\Controller\RestController.class.php 第 118 行.
NOTIC: [8] Undefined index: HTTP_ACCEPT C:\wamp64\www\applicationServer\ThinkPHP\Library\Think\Controller\RestController.class.php 第 118 行.
NOTIC: [8] Undefined index: HTTP_ACCEPT C:\wamp64\www\applicationServer\ThinkPHP\Library\Think\Controller\RestController.class.php 第 118 行.
NOTIC: [8] Undefined index: HTTP_ACCEPT C:\wamp64\www\applicationServer\ThinkPHP\Library\Think\Controller\RestController.class.php 第 118 行.
NOTIC: [8] Undefined index: HTTP_ACCEPT C:\wamp64\www\applicationServer\ThinkPHP\Library\Think\Controller\RestController.class.php 第 118 行.
NOTIC: [8] Undefined index: HTTP_ACCEPT C:\wamp64\www\applicationServer\ThinkPHP\Library\Think\Controller\RestController.class.php 第 118 行.
NOTIC: [8] Undefined index: HTTP_ACCEPT C:\wamp64\www\applicationServer\ThinkPHP\Library\Think\Controller\RestController.class.php 第 118 行.
NOTIC: [8] Undefined index: HTTP_ACCEPT C:\wamp64\www\applicationServer\ThinkPHP\Library\Think\Controller\RestController.class.php 第 118 行.
NOTIC: [8] Undefined index: HTTP_ACCEPT C:\wamp64\www\applicationServer\ThinkPHP\Library\Think\Controller\RestController.class.php 第 118 行.
NOTIC: [8] Undefined index: HTTP_ACCEPT C:\wamp64\www\applicationServer\ThinkPHP\Library\Think\Controller\RestController.class.php 第 118 行.
NOTIC: [8] Undefined index: HTTP_ACCEPT C:\wamp64\www\applicationServer\ThinkPHP\Library\Think\Controller\RestController.class.php 第 118 行.
NOTIC: [8] Undefined index: HTTP_ACCEPT C:\wamp64\www\applicationServer\ThinkPHP\Library\Think\Controller\RestController.class.php 第 118 行.
NOTIC: [8] Undefined index: HTTP_ACCEPT C:\wamp64\www\applicationServer\ThinkPHP\Library\Think\Controller\RestController.class.php 第 118 行.
NOTIC: [8] Undefined index: HTTP_ACCEPT C:\wamp64\www\applicationServer\ThinkPHP\Library\Think\Controller\RestController.class.php 第 118 行.
NOTIC: [8] Undefined index: HTTP_ACCEPT C:\wamp64\www\applicationServer\ThinkPHP\Library\Think\Controller\RestController.class.php 第 118 行.
NOTIC: [8] Undefined index: HTTP_ACCEPT C:\wamp64\www\applicationServer\ThinkPHP\Library\Think\Controller\RestController.class.php 第 118 行.
NOTIC: [8] Undefined index: HTTP_ACCEPT C:\wamp64\www\applicationServer\ThinkPHP\Library\Think\Controller\RestController.class.php 第 118 行.
NOTIC: [8] Undefined index: HTTP_ACCEPT C:\wamp64\www\applicationServer\ThinkPHP\Library\Think\Controller\RestController.class.php 第 118 行.
NOTIC: [8] Undefined index: HTTP_ACCEPT C:\wamp64\www\applicationServer\ThinkPHP\Library\Think\Controller\RestController.class.php 第 118 行.
NOTIC: [8] Undefined index: HTTP_ACCEPT C:\wamp64\www\applicationServer\ThinkPHP\Library\Think\Controller\RestController.class.php 第 118 行.
NOTIC: [8] Undefined index: HTTP_ACCEPT C:\wamp64\www\applicationServer\ThinkPHP\Library\Think\Controller\RestController.class.php 第 118 行.
NOTIC: [8] Undefined index: HTTP_ACCEPT C:\wamp64\www\applicationServer\ThinkPHP\Library\Think\Controller\RestController.class.php 第 118 行.
NOTIC: [8] Undefined index: HTTP_ACCEPT C:\wamp64\www\applicationServer\ThinkPHP\Library\Think\Controller\RestController.class.php 第 118 行.
NOTIC: [8] Undefined index: HTTP_ACCEPT C:\wamp64\www\applicationServer\ThinkPHP\Library\Think\Controller\RestController.class.php 第 118 行.
NOTIC: [8] Undefined index: HTTP_ACCEPT C:\wamp64\www\applicationServer\ThinkPHP\Library\Think\Controller\RestController.class.php 第 118 行.
SQL: SHOW COLUMNS FROM `Actor` [ RunTime:0.0078s ]
SQL: SELECT `actor_id`,`first_name`,`last_name` FROM `Actor` ORDER BY last_name  [ RunTime:0.0009s ]

[ 2018-10-23T12:55:04+08:00 ] ::1 /applicationServer/Home/Film/GetFilmListByActor/58
INFO: [ app_init ] --START--
INFO: Run Behavior\BuildLiteBehavior [ RunTime:0.000028s ]
INFO: [ app_init ] --END-- [ RunTime:0.000728s ]
INFO: [ app_begin ] --START--
INFO: Run Behavior\ReadHtmlCacheBehavior [ RunTime:0.000895s ]
INFO: [ app_begin ] --END-- [ RunTime:0.000959s ]
NOTIC: [8] Undefined index: HTTP_ACCEPT C:\wamp64\www\applicationServer\ThinkPHP\Library\Think\Controller\RestController.class.php 第 118 行.
NOTIC: [8] Undefined index: HTTP_ACCEPT C:\wamp64\www\applicationServer\ThinkPHP\Library\Think\Controller\RestController.class.php 第 118 行.
NOTIC: [8] Undefined index: HTTP_ACCEPT C:\wamp64\www\applicationServer\ThinkPHP\Library\Think\Controller\RestController.class.php 第 118 行.
NOTIC: [8] Undefined index: HTTP_ACCEPT C:\wamp64\www\applicationServer\ThinkPHP\Library\Think\Controller\RestController.class.php 第 118 行.
NOTIC: [8] Undefined index: HTTP_ACCEPT C:\wamp64\www\applicationServer\ThinkPHP\Library\Think\Controller\RestController.class.php 第 118 行.
NOTIC: [8] Undefined index: HTTP_ACCEPT C:\wamp64\www\applicationServer\ThinkPHP\Library\Think\Controller\RestController.class.php 第 118 行.
NOTIC: [8] Undefined index: HTTP_ACCEPT C:\wamp64\www\applicationServer\ThinkPHP\Library\Think\Controller\RestController.class.php 第 118 行.
NOTIC: [8] Undefined index: HTTP_ACCEPT C:\wamp64\www\applicationServer\ThinkPHP\Library\Think\Controller\RestController.class.php 第 118 行.
NOTIC: [8] Undefined index: HTTP_ACCEPT C:\wamp64\www\applicationServer\ThinkPHP\Library\Think\Controller\RestController.class.php 第 118 行.
NOTIC: [8] Undefined index: HTTP_ACCEPT C:\wamp64\www\applicationServer\ThinkPHP\Library\Think\Controller\RestController.class.php 第 118 行.
NOTIC: [8] Undefined index: HTTP_ACCEPT C:\wamp64\www\applicationServer\ThinkPHP\Library\Think\Controller\RestController.class.php 第 118 行.
NOTIC: [8] Undefined index: HTTP_ACCEPT C:\wamp64\www\applicationServer\ThinkPHP\Library\Think\Controller\RestController.class.php 第 118 行.
NOTIC: [8] Undefined index: HTTP_ACCEPT C:\wamp64\www\applicationServer\ThinkPHP\Library\Think\Controller\RestController.class.php 第 118 行.
NOTIC: [8] Undefined index: HTTP_ACCEPT C:\wamp64\www\applicationServer\ThinkPHP\Library\Think\Controller\RestController.class.php 第 118 行.
NOTIC: [8] Undefined index: HTTP_ACCEPT C:\wamp64\www\applicationServer\ThinkPHP\Library\Think\Controller\RestController.class.php 第 118 行.
NOTIC: [8] Undefined index: HTTP_ACCEPT C:\wamp64\www\applicationServer\ThinkPHP\Library\Think\Controller\RestController.class.php 第 118 行.
NOTIC: [8] Undefined index: HTTP_ACCEPT C:\wamp64\www\applicationServer\ThinkPHP\Library\Think\Controller\RestController.class.php 第 118 行.
NOTIC: [8] Undefined index: HTTP_ACCEPT C:\wamp64\www\applicationServer\ThinkPHP\Library\Think\Controller\RestController.class.php 第 118 行.
NOTIC: [8] Undefined index: HTTP_ACCEPT C:\wamp64\www\applicationServer\ThinkPHP\Library\Think\Controller\RestController.class.php 第 118 行.
NOTIC: [8] Undefined index: HTTP_ACCEPT C:\wamp64\www\applicationServer\ThinkPHP\Library\Think\Controller\RestController.class.php 第 118 行.
NOTIC: [8] Undefined index: HTTP_ACCEPT C:\wamp64\www\applicationServer\ThinkPHP\Library\Think\Controller\RestController.class.php 第 118 行.
NOTIC: [8] Undefined index: HTTP_ACCEPT C:\wamp64\www\applicationServer\ThinkPHP\Library\Think\Controller\RestController.class.php 第 118 行.
NOTIC: [8] Undefined index: HTTP_ACCEPT C:\wamp64\www\applicationServer\ThinkPHP\Library\Think\Controller\RestController.class.php 第 118 行.
NOTIC: [8] Undefined index: HTTP_ACCEPT C:\wamp64\www\applicationServer\ThinkPHP\Library\Think\Controller\RestController.class.php 第 118 行.
NOTIC: [8] Undefined index: HTTP_ACCEPT C:\wamp64\www\applicationServer\ThinkPHP\Library\Think\Controller\RestController.class.php 第 118 行.
NOTIC: [8] Undefined index: HTTP_ACCEPT C:\wamp64\www\applicationServer\ThinkPHP\Library\Think\Controller\RestController.class.php 第 118 行.
SQL: SHOW COLUMNS FROM `film` [ RunTime:0.0076s ]
SQL: SELECT * FROM `film` Right Join film_actor on film.film_id=film_actor.film_id  WHERE ( actor_id='58' ) LIMIT 5   [ RunTime:0.0057s ]

[ 2018-10-23T12:55:14+08:00 ] ::1 /applicationServer/Home/Actor/NewActor
INFO: [ app_init ] --START--
INFO: Run Behavior\BuildLiteBehavior [ RunTime:0.000022s ]
INFO: [ app_init ] --END-- [ RunTime:0.000800s ]
INFO: [ app_begin ] --START--
INFO: Run Behavior\ReadHtmlCacheBehavior [ RunTime:0.000838s ]
INFO: [ app_begin ] --END-- [ RunTime:0.000895s ]
NOTIC: [8] Undefined index: HTTP_ACCEPT C:\wamp64\www\applicationServer\ThinkPHP\Library\Think\Controller\RestController.class.php 第 118 行.
NOTIC: [8] Undefined index: HTTP_ACCEPT C:\wamp64\www\applicationServer\ThinkPHP\Library\Think\Controller\RestController.class.php 第 118 行.
NOTIC: [8] Undefined index: HTTP_ACCEPT C:\wamp64\www\applicationServer\ThinkPHP\Library\Think\Controller\RestController.class.php 第 118 行.
NOTIC: [8] Undefined index: HTTP_ACCEPT C:\wamp64\www\applicationServer\ThinkPHP\Library\Think\Controller\RestController.class.php 第 118 行.
NOTIC: [8] Undefined index: HTTP_ACCEPT C:\wamp64\www\applicationServer\ThinkPHP\Library\Think\Controller\RestController.class.php 第 118 行.
NOTIC: [8] Undefined index: HTTP_ACCEPT C:\wamp64\www\applicationServer\ThinkPHP\Library\Think\Controller\RestController.class.php 第 118 行.
NOTIC: [8] Undefined index: HTTP_ACCEPT C:\wamp64\www\applicationServer\ThinkPHP\Library\Think\Controller\RestController.class.php 第 118 行.
NOTIC: [8] Undefined index: HTTP_ACCEPT C:\wamp64\www\applicationServer\ThinkPHP\Library\Think\Controller\RestController.class.php 第 118 行.
NOTIC: [8] Undefined index: HTTP_ACCEPT C:\wamp64\www\applicationServer\ThinkPHP\Library\Think\Controller\RestController.class.php 第 118 行.
NOTIC: [8] Undefined index: HTTP_ACCEPT C:\wamp64\www\applicationServer\ThinkPHP\Library\Think\Controller\RestController.class.php 第 118 行.
NOTIC: [8] Undefined index: HTTP_ACCEPT C:\wamp64\www\applicationServer\ThinkPHP\Library\Think\Controller\RestController.class.php 第 118 行.
NOTIC: [8] Undefined index: HTTP_ACCEPT C:\wamp64\www\applicationServer\ThinkPHP\Library\Think\Controller\RestController.class.php 第 118 行.
NOTIC: [8] Undefined index: HTTP_ACCEPT C:\wamp64\www\applicationServer\ThinkPHP\Library\Think\Controller\RestController.class.php 第 118 行.
NOTIC: [8] Undefined index: HTTP_ACCEPT C:\wamp64\www\applicationServer\ThinkPHP\Library\Think\Controller\RestController.class.php 第 118 行.
NOTIC: [8] Undefined index: HTTP_ACCEPT C:\wamp64\www\applicationServer\ThinkPHP\Library\Think\Controller\RestController.class.php 第 118 行.
NOTIC: [8] Undefined index: HTTP_ACCEPT C:\wamp64\www\applicationServer\ThinkPHP\Library\Think\Controller\RestController.class.php 第 118 行.
NOTIC: [8] Undefined index: HTTP_ACCEPT C:\wamp64\www\applicationServer\ThinkPHP\Library\Think\Controller\RestController.class.php 第 118 行.
NOTIC: [8] Undefined index: HTTP_ACCEPT C:\wamp64\www\applicationServer\ThinkPHP\Library\Think\Controller\RestController.class.php 第 118 行.
NOTIC: [8] Undefined index: HTTP_ACCEPT C:\wamp64\www\applicationServer\ThinkPHP\Library\Think\Controller\RestController.class.php 第 118 行.
NOTIC: [8] Undefined index: HTTP_ACCEPT C:\wamp64\www\applicationServer\ThinkPHP\Library\Think\Controller\RestController.class.php 第 118 行.
NOTIC: [8] Undefined index: HTTP_ACCEPT C:\wamp64\www\applicationServer\ThinkPHP\Library\Think\Controller\RestController.class.php 第 118 行.
NOTIC: [8] Undefined index: HTTP_ACCEPT C:\wamp64\www\applicationServer\ThinkPHP\Library\Think\Controller\RestController.class.php 第 118 行.
NOTIC: [8] Undefined index: HTTP_ACCEPT C:\wamp64\www\applicationServer\ThinkPHP\Library\Think\Controller\RestController.class.php 第 118 行.
NOTIC: [8] Undefined index: HTTP_ACCEPT C:\wamp64\www\applicationServer\ThinkPHP\Library\Think\Controller\RestController.class.php 第 118 行.
NOTIC: [8] Undefined index: HTTP_ACCEPT C:\wamp64\www\applicationServer\ThinkPHP\Library\Think\Controller\RestController.class.php 第 118 行.
NOTIC: [8] Undefined index: HTTP_ACCEPT C:\wamp64\www\applicationServer\ThinkPHP\Library\Think\Controller\RestController.class.php 第 118 行.
NOTIC: [8] Undefined index: Content C:\wamp64\www\applicationServer\Application\Home\Controller\ActorController.class.php 第 18 行.
INFO: [ app_end ] --START--
INFO: Run Behavior\ShowPageTraceBehavior [ RunTime:0.000964s ]
INFO: [ app_end ] --END-- [ RunTime:0.001046s ]

[ 2018-10-23T12:55:18+08:00 ] ::1 /applicationServer/Home/Actor/GetActorList
INFO: [ app_init ] --START--
INFO: Run Behavior\BuildLiteBehavior [ RunTime:0.000012s ]
INFO: [ app_init ] --END-- [ RunTime:0.000443s ]
INFO: [ app_begin ] --START--
INFO: Run Behavior\ReadHtmlCacheBehavior [ RunTime:0.000834s ]
INFO: [ app_begin ] --END-- [ RunTime:0.000884s ]
NOTIC: [8] Undefined index: HTTP_ACCEPT C:\wamp64\www\applicationServer\ThinkPHP\Library\Think\Controller\RestController.class.php 第 118 行.
NOTIC: [8] Undefined index: HTTP_ACCEPT C:\wamp64\www\applicationServer\ThinkPHP\Library\Think\Controller\RestController.class.php 第 118 行.
NOTIC: [8] Undefined index: HTTP_ACCEPT C:\wamp64\www\applicationServer\ThinkPHP\Library\Think\Controller\RestController.class.php 第 118 行.
NOTIC: [8] Undefined index: HTTP_ACCEPT C:\wamp64\www\applicationServer\ThinkPHP\Library\Think\Controller\RestController.class.php 第 118 行.
NOTIC: [8] Undefined index: HTTP_ACCEPT C:\wamp64\www\applicationServer\ThinkPHP\Library\Think\Controller\RestController.class.php 第 118 行.
NOTIC: [8] Undefined index: HTTP_ACCEPT C:\wamp64\www\applicationServer\ThinkPHP\Library\Think\Controller\RestController.class.php 第 118 行.
NOTIC: [8] Undefined index: HTTP_ACCEPT C:\wamp64\www\applicationServer\ThinkPHP\Library\Think\Controller\RestController.class.php 第 118 行.
NOTIC: [8] Undefined index: HTTP_ACCEPT C:\wamp64\www\applicationServer\ThinkPHP\Library\Think\Controller\RestController.class.php 第 118 行.
NOTIC: [8] Undefined index: HTTP_ACCEPT C:\wamp64\www\applicationServer\ThinkPHP\Library\Think\Controller\RestController.class.php 第 118 行.
NOTIC: [8] Undefined index: HTTP_ACCEPT C:\wamp64\www\applicationServer\ThinkPHP\Library\Think\Controller\RestController.class.php 第 118 行.
NOTIC: [8] Undefined index: HTTP_ACCEPT C:\wamp64\www\applicationServer\ThinkPHP\Library\Think\Controller\RestController.class.php 第 118 行.
NOTIC: [8] Undefined index: HTTP_ACCEPT C:\wamp64\www\applicationServer\ThinkPHP\Library\Think\Controller\RestController.class.php 第 118 行.
NOTIC: [8] Undefined index: HTTP_ACCEPT C:\wamp64\www\applicationServer\ThinkPHP\Library\Think\Controller\RestController.class.php 第 118 行.
NOTIC: [8] Undefined index: HTTP_ACCEPT C:\wamp64\www\applicationServer\ThinkPHP\Library\Think\Controller\RestController.class.php 第 118 行.
NOTIC: [8] Undefined index: HTTP_ACCEPT C:\wamp64\www\applicationServer\ThinkPHP\Library\Think\Controller\RestController.class.php 第 118 行.
NOTIC: [8] Undefined index: HTTP_ACCEPT C:\wamp64\www\applicationServer\ThinkPHP\Library\Think\Controller\RestController.class.php 第 118 行.
NOTIC: [8] Undefined index: HTTP_ACCEPT C:\wamp64\www\applicationServer\ThinkPHP\Library\Think\Controller\RestController.class.php 第 118 行.
NOTIC: [8] Undefined index: HTTP_ACCEPT C:\wamp64\www\applicationServer\ThinkPHP\Library\Think\Controller\RestController.class.php 第 118 行.
NOTIC: [8] Undefined index: HTTP_ACCEPT C:\wamp64\www\applicationServer\ThinkPHP\Library\Think\Controller\RestController.class.php 第 118 行.
NOTIC: [8] Undefined index: HTTP_ACCEPT C:\wamp64\www\applicationServer\ThinkPHP\Library\Think\Controller\RestController.class.php 第 118 行.
NOTIC: [8] Undefined index: HTTP_ACCEPT C:\wamp64\www\applicationServer\ThinkPHP\Library\Think\Controller\RestController.class.php 第 118 行.
NOTIC: [8] Undefined index: HTTP_ACCEPT C:\wamp64\www\applicationServer\ThinkPHP\Library\Think\Controller\RestController.class.php 第 118 行.
NOTIC: [8] Undefined index: HTTP_ACCEPT C:\wamp64\www\applicationServer\ThinkPHP\Library\Think\Controller\RestController.class.php 第 118 行.
NOTIC: [8] Undefined index: HTTP_ACCEPT C:\wamp64\www\applicationServer\ThinkPHP\Library\Think\Controller\RestController.class.php 第 118 行.
NOTIC: [8] Undefined index: HTTP_ACCEPT C:\wamp64\www\applicationServer\ThinkPHP\Library\Think\Controller\RestController.class.php 第 118 行.
NOTIC: [8] Undefined index: HTTP_ACCEPT C:\wamp64\www\applicationServer\ThinkPHP\Library\Think\Controller\RestController.class.php 第 118 行.
SQL: SHOW COLUMNS FROM `Actor` [ RunTime:0.0077s ]
SQL: SELECT `actor_id`,`first_name`,`last_name` FROM `Actor` ORDER BY last_name  [ RunTime:0.0010s ]

[ 2018-10-23T12:55:18+08:00 ] ::1 /applicationServer/Home/Film/GetFilmListByActor/58
INFO: [ app_init ] --START--
INFO: Run Behavior\BuildLiteBehavior [ RunTime:0.000085s ]
INFO: [ app_init ] --END-- [ RunTime:0.000954s ]
INFO: [ app_begin ] --START--
INFO: Run Behavior\ReadHtmlCacheBehavior [ RunTime:0.001726s ]
INFO: [ app_begin ] --END-- [ RunTime:0.001848s ]
NOTIC: [8] Undefined index: HTTP_ACCEPT C:\wamp64\www\applicationServer\ThinkPHP\Library\Think\Controller\RestController.class.php 第 118 行.
NOTIC: [8] Undefined index: HTTP_ACCEPT C:\wamp64\www\applicationServer\ThinkPHP\Library\Think\Controller\RestController.class.php 第 118 行.
NOTIC: [8] Undefined index: HTTP_ACCEPT C:\wamp64\www\applicationServer\ThinkPHP\Library\Think\Controller\RestController.class.php 第 118 行.
NOTIC: [8] Undefined index: HTTP_ACCEPT C:\wamp64\www\applicationServer\ThinkPHP\Library\Think\Controller\RestController.class.php 第 118 行.
NOTIC: [8] Undefined index: HTTP_ACCEPT C:\wamp64\www\applicationServer\ThinkPHP\Library\Think\Controller\RestController.class.php 第 118 行.
NOTIC: [8] Undefined index: HTTP_ACCEPT C:\wamp64\www\applicationServer\ThinkPHP\Library\Think\Controller\RestController.class.php 第 118 行.
NOTIC: [8] Undefined index: HTTP_ACCEPT C:\wamp64\www\applicationServer\ThinkPHP\Library\Think\Controller\RestController.class.php 第 118 行.
NOTIC: [8] Undefined index: HTTP_ACCEPT C:\wamp64\www\applicationServer\ThinkPHP\Library\Think\Controller\RestController.class.php 第 118 行.
NOTIC: [8] Undefined index: HTTP_ACCEPT C:\wamp64\www\applicationServer\ThinkPHP\Library\Think\Controller\RestController.class.php 第 118 行.
NOTIC: [8] Undefined index: HTTP_ACCEPT C:\wamp64\www\applicationServer\ThinkPHP\Library\Think\Controller\RestController.class.php 第 118 行.
NOTIC: [8] Undefined index: HTTP_ACCEPT C:\wamp64\www\applicationServer\ThinkPHP\Library\Think\Controller\RestController.class.php 第 118 行.
NOTIC: [8] Undefined index: HTTP_ACCEPT C:\wamp64\www\applicationServer\ThinkPHP\Library\Think\Controller\RestController.class.php 第 118 行.
NOTIC: [8] Undefined index: HTTP_ACCEPT C:\wamp64\www\applicationServer\ThinkPHP\Library\Think\Controller\RestController.class.php 第 118 行.
NOTIC: [8] Undefined index: HTTP_ACCEPT C:\wamp64\www\applicationServer\ThinkPHP\Library\Think\Controller\RestController.class.php 第 118 行.
NOTIC: [8] Undefined index: HTTP_ACCEPT C:\wamp64\www\applicationServer\ThinkPHP\Library\Think\Controller\RestController.class.php 第 118 行.
NOTIC: [8] Undefined index: HTTP_ACCEPT C:\wamp64\www\applicationServer\ThinkPHP\Library\Think\Controller\RestController.class.php 第 118 行.
NOTIC: [8] Undefined index: HTTP_ACCEPT C:\wamp64\www\applicationServer\ThinkPHP\Library\Think\Controller\RestController.class.php 第 118 行.
NOTIC: [8] Undefined index: HTTP_ACCEPT C:\wamp64\www\applicationServer\ThinkPHP\Library\Think\Controller\RestController.class.php 第 118 行.
NOTIC: [8] Undefined index: HTTP_ACCEPT C:\wamp64\www\applicationServer\ThinkPHP\Library\Think\Controller\RestController.class.php 第 118 行.
NOTIC: [8] Undefined index: HTTP_ACCEPT C:\wamp64\www\applicationServer\ThinkPHP\Library\Think\Controller\RestController.class.php 第 118 行.
NOTIC: [8] Undefined index: HTTP_ACCEPT C:\wamp64\www\applicationServer\ThinkPHP\Library\Think\Controller\RestController.class.php 第 118 行.
NOTIC: [8] Undefined index: HTTP_ACCEPT C:\wamp64\www\applicationServer\ThinkPHP\Library\Think\Controller\RestController.class.php 第 118 行.
NOTIC: [8] Undefined index: HTTP_ACCEPT C:\wamp64\www\applicationServer\ThinkPHP\Library\Think\Controller\RestController.class.php 第 118 行.
NOTIC: [8] Undefined index: HTTP_ACCEPT C:\wamp64\www\applicationServer\ThinkPHP\Library\Think\Controller\RestController.class.php 第 118 行.
NOTIC: [8] Undefined index: HTTP_ACCEPT C:\wamp64\www\applicationServer\ThinkPHP\Library\Think\Controller\RestController.class.php 第 118 行.
NOTIC: [8] Undefined index: HTTP_ACCEPT C:\wamp64\www\applicationServer\ThinkPHP\Library\Think\Controller\RestController.class.php 第 118 行.
SQL: SHOW COLUMNS FROM `film` [ RunTime:0.0112s ]
SQL: SELECT * FROM `film` Right Join film_actor on film.film_id=film_actor.film_id  WHERE ( actor_id='58' ) LIMIT 5   [ RunTime:0.0091s ]

[ 2018-10-23T12:55:30+08:00 ] ::1 /applicationServer/Home/Film/GetFilmListByActor/182
INFO: [ app_init ] --START--
INFO: Run Behavior\BuildLiteBehavior [ RunTime:0.000015s ]
INFO: [ app_init ] --END-- [ RunTime:0.000564s ]
INFO: [ app_begin ] --START--
INFO: Run Behavior\ReadHtmlCacheBehavior [ RunTime:0.000835s ]
INFO: [ app_begin ] --END-- [ RunTime:0.000886s ]
NOTIC: [8] Undefined index: HTTP_ACCEPT C:\wamp64\www\applicationServer\ThinkPHP\Library\Think\Controller\RestController.class.php 第 118 行.
NOTIC: [8] Undefined index: HTTP_ACCEPT C:\wamp64\www\applicationServer\ThinkPHP\Library\Think\Controller\RestController.class.php 第 118 行.
NOTIC: [8] Undefined index: HTTP_ACCEPT C:\wamp64\www\applicationServer\ThinkPHP\Library\Think\Controller\RestController.class.php 第 118 行.
NOTIC: [8] Undefined index: HTTP_ACCEPT C:\wamp64\www\applicationServer\ThinkPHP\Library\Think\Controller\RestController.class.php 第 118 行.
NOTIC: [8] Undefined index: HTTP_ACCEPT C:\wamp64\www\applicationServer\ThinkPHP\Library\Think\Controller\RestController.class.php 第 118 行.
NOTIC: [8] Undefined index: HTTP_ACCEPT C:\wamp64\www\applicationServer\ThinkPHP\Library\Think\Controller\RestController.class.php 第 118 行.
NOTIC: [8] Undefined index: HTTP_ACCEPT C:\wamp64\www\applicationServer\ThinkPHP\Library\Think\Controller\RestController.class.php 第 118 行.
NOTIC: [8] Undefined index: HTTP_ACCEPT C:\wamp64\www\applicationServer\ThinkPHP\Library\Think\Controller\RestController.class.php 第 118 行.
NOTIC: [8] Undefined index: HTTP_ACCEPT C:\wamp64\www\applicationServer\ThinkPHP\Library\Think\Controller\RestController.class.php 第 118 行.
NOTIC: [8] Undefined index: HTTP_ACCEPT C:\wamp64\www\applicationServer\ThinkPHP\Library\Think\Controller\RestController.class.php 第 118 行.
NOTIC: [8] Undefined index: HTTP_ACCEPT C:\wamp64\www\applicationServer\ThinkPHP\Library\Think\Controller\RestController.class.php 第 118 行.
NOTIC: [8] Undefined index: HTTP_ACCEPT C:\wamp64\www\applicationServer\ThinkPHP\Library\Think\Controller\RestController.class.php 第 118 行.
NOTIC: [8] Undefined index: HTTP_ACCEPT C:\wamp64\www\applicationServer\ThinkPHP\Library\Think\Controller\RestController.class.php 第 118 行.
NOTIC: [8] Undefined index: HTTP_ACCEPT C:\wamp64\www\applicationServer\ThinkPHP\Library\Think\Controller\RestController.class.php 第 118 行.
NOTIC: [8] Undefined index: HTTP_ACCEPT C:\wamp64\www\applicationServer\ThinkPHP\Library\Think\Controller\RestController.class.php 第 118 行.
NOTIC: [8] Undefined index: HTTP_ACCEPT C:\wamp64\www\applicationServer\ThinkPHP\Library\Think\Controller\RestController.class.php 第 118 行.
NOTIC: [8] Undefined index: HTTP_ACCEPT C:\wamp64\www\applicationServer\ThinkPHP\Library\Think\Controller\RestController.class.php 第 118 行.
NOTIC: [8] Undefined index: HTTP_ACCEPT C:\wamp64\www\applicationServer\ThinkPHP\Library\Think\Controller\RestController.class.php 第 118 行.
NOTIC: [8] Undefined index: HTTP_ACCEPT C:\wamp64\www\applicationServer\ThinkPHP\Library\Think\Controller\RestController.class.php 第 118 行.
NOTIC: [8] Undefined index: HTTP_ACCEPT C:\wamp64\www\applicationServer\ThinkPHP\Library\Think\Controller\RestController.class.php 第 118 行.
NOTIC: [8] Undefined index: HTTP_ACCEPT C:\wamp64\www\applicationServer\ThinkPHP\Library\Think\Controller\RestController.class.php 第 118 行.
NOTIC: [8] Undefined index: HTTP_ACCEPT C:\wamp64\www\applicationServer\ThinkPHP\Library\Think\Controller\RestController.class.php 第 118 行.
NOTIC: [8] Undefined index: HTTP_ACCEPT C:\wamp64\www\applicationServer\ThinkPHP\Library\Think\Controller\RestController.class.php 第 118 行.
NOTIC: [8] Undefined index: HTTP_ACCEPT C:\wamp64\www\applicationServer\ThinkPHP\Library\Think\Controller\RestController.class.php 第 118 行.
NOTIC: [8] Undefined index: HTTP_ACCEPT C:\wamp64\www\applicationServer\ThinkPHP\Library\Think\Controller\RestController.class.php 第 118 行.
NOTIC: [8] Undefined index: HTTP_ACCEPT C:\wamp64\www\applicationServer\ThinkPHP\Library\Think\Controller\RestController.class.php 第 118 行.
SQL: SHOW COLUMNS FROM `film` [ RunTime:0.0076s ]
SQL: SELECT * FROM `film` Right Join film_actor on film.film_id=film_actor.film_id  WHERE ( actor_id='182' ) LIMIT 5   [ RunTime:0.0085s ]

[ 2018-10-23T12:55:33+08:00 ] ::1 /applicationServer/Home/Film/GetFilmListByActor/190
INFO: [ app_init ] --START--
INFO: Run Behavior\BuildLiteBehavior [ RunTime:0.000012s ]
INFO: [ app_init ] --END-- [ RunTime:0.000574s ]
INFO: [ app_begin ] --START--
INFO: Run Behavior\ReadHtmlCacheBehavior [ RunTime:0.001392s ]
INFO: [ app_begin ] --END-- [ RunTime:0.001508s ]
NOTIC: [8] Undefined index: HTTP_ACCEPT C:\wamp64\www\applicationServer\ThinkPHP\Library\Think\Controller\RestController.class.php 第 118 行.
NOTIC: [8] Undefined index: HTTP_ACCEPT C:\wamp64\www\applicationServer\ThinkPHP\Library\Think\Controller\RestController.class.php 第 118 行.
NOTIC: [8] Undefined index: HTTP_ACCEPT C:\wamp64\www\applicationServer\ThinkPHP\Library\Think\Controller\RestController.class.php 第 118 行.
NOTIC: [8] Undefined index: HTTP_ACCEPT C:\wamp64\www\applicationServer\ThinkPHP\Library\Think\Controller\RestController.class.php 第 118 行.
NOTIC: [8] Undefined index: HTTP_ACCEPT C:\wamp64\www\applicationServer\ThinkPHP\Library\Think\Controller\RestController.class.php 第 118 行.
NOTIC: [8] Undefined index: HTTP_ACCEPT C:\wamp64\www\applicationServer\ThinkPHP\Library\Think\Controller\RestController.class.php 第 118 行.
NOTIC: [8] Undefined index: HTTP_ACCEPT C:\wamp64\www\applicationServer\ThinkPHP\Library\Think\Controller\RestController.class.php 第 118 行.
NOTIC: [8] Undefined index: HTTP_ACCEPT C:\wamp64\www\applicationServer\ThinkPHP\Library\Think\Controller\RestController.class.php 第 118 行.
NOTIC: [8] Undefined index: HTTP_ACCEPT C:\wamp64\www\applicationServer\ThinkPHP\Library\Think\Controller\RestController.class.php 第 118 行.
NOTIC: [8] Undefined index: HTTP_ACCEPT C:\wamp64\www\applicationServer\ThinkPHP\Library\Think\Controller\RestController.class.php 第 118 行.
NOTIC: [8] Undefined index: HTTP_ACCEPT C:\wamp64\www\applicationServer\ThinkPHP\Library\Think\Controller\RestController.class.php 第 118 行.
NOTIC: [8] Undefined index: HTTP_ACCEPT C:\wamp64\www\applicationServer\ThinkPHP\Library\Think\Controller\RestController.class.php 第 118 行.
NOTIC: [8] Undefined index: HTTP_ACCEPT C:\wamp64\www\applicationServer\ThinkPHP\Library\Think\Controller\RestController.class.php 第 118 行.
NOTIC: [8] Undefined index: HTTP_ACCEPT C:\wamp64\www\applicationServer\ThinkPHP\Library\Think\Controller\RestController.class.php 第 118 行.
NOTIC: [8] Undefined index: HTTP_ACCEPT C:\wamp64\www\applicationServer\ThinkPHP\Library\Think\Controller\RestController.class.php 第 118 行.
NOTIC: [8] Undefined index: HTTP_ACCEPT C:\wamp64\www\applicationServer\ThinkPHP\Library\Think\Controller\RestController.class.php 第 118 行.
NOTIC: [8] Undefined index: HTTP_ACCEPT C:\wamp64\www\applicationServer\ThinkPHP\Library\Think\Controller\RestController.class.php 第 118 行.
NOTIC: [8] Undefined index: HTTP_ACCEPT C:\wamp64\www\applicationServer\ThinkPHP\Library\Think\Controller\RestController.class.php 第 118 行.
NOTIC: [8] Undefined index: HTTP_ACCEPT C:\wamp64\www\applicationServer\ThinkPHP\Library\Think\Controller\RestController.class.php 第 118 行.
NOTIC: [8] Undefined index: HTTP_ACCEPT C:\wamp64\www\applicationServer\ThinkPHP\Library\Think\Controller\RestController.class.php 第 118 行.
NOTIC: [8] Undefined index: HTTP_ACCEPT C:\wamp64\www\applicationServer\ThinkPHP\Library\Think\Controller\RestController.class.php 第 118 行.
NOTIC: [8] Undefined index: HTTP_ACCEPT C:\wamp64\www\applicationServer\ThinkPHP\Library\Think\Controller\RestController.class.php 第 118 行.
NOTIC: [8] Undefined index: HTTP_ACCEPT C:\wamp64\www\applicationServer\ThinkPHP\Library\Think\Controller\RestController.class.php 第 118 行.
NOTIC: [8] Undefined index: HTTP_ACCEPT C:\wamp64\www\applicationServer\ThinkPHP\Library\Think\Controller\RestController.class.php 第 118 行.
NOTIC: [8] Undefined index: HTTP_ACCEPT C:\wamp64\www\applicationServer\ThinkPHP\Library\Think\Controller\RestController.class.php 第 118 行.
NOTIC: [8] Undefined index: HTTP_ACCEPT C:\wamp64\www\applicationServer\ThinkPHP\Library\Think\Controller\RestController.class.php 第 118 行.
SQL: SHOW COLUMNS FROM `film` [ RunTime:0.0114s ]
SQL: SELECT * FROM `film` Right Join film_actor on film.film_id=film_actor.film_id  WHERE ( actor_id='190' ) LIMIT 5   [ RunTime:0.0069s ]

[ 2018-10-23T12:55:54+08:00 ] ::1 /applicationServer/Home/Film/GetFilmListByActor/121
INFO: [ app_init ] --START--
INFO: Run Behavior\BuildLiteBehavior [ RunTime:0.000025s ]
INFO: [ app_init ] --END-- [ RunTime:0.003577s ]
INFO: [ app_begin ] --START--
INFO: Run Behavior\ReadHtmlCacheBehavior [ RunTime:0.002192s ]
INFO: [ app_begin ] --END-- [ RunTime:0.002331s ]
NOTIC: [8] Undefined index: HTTP_ACCEPT C:\wamp64\www\applicationServer\ThinkPHP\Library\Think\Controller\RestController.class.php 第 118 行.
NOTIC: [8] Undefined index: HTTP_ACCEPT C:\wamp64\www\applicationServer\ThinkPHP\Library\Think\Controller\RestController.class.php 第 118 行.
NOTIC: [8] Undefined index: HTTP_ACCEPT C:\wamp64\www\applicationServer\ThinkPHP\Library\Think\Controller\RestController.class.php 第 118 行.
NOTIC: [8] Undefined index: HTTP_ACCEPT C:\wamp64\www\applicationServer\ThinkPHP\Library\Think\Controller\RestController.class.php 第 118 行.
NOTIC: [8] Undefined index: HTTP_ACCEPT C:\wamp64\www\applicationServer\ThinkPHP\Library\Think\Controller\RestController.class.php 第 118 行.
NOTIC: [8] Undefined index: HTTP_ACCEPT C:\wamp64\www\applicationServer\ThinkPHP\Library\Think\Controller\RestController.class.php 第 118 行.
NOTIC: [8] Undefined index: HTTP_ACCEPT C:\wamp64\www\applicationServer\ThinkPHP\Library\Think\Controller\RestController.class.php 第 118 行.
NOTIC: [8] Undefined index: HTTP_ACCEPT C:\wamp64\www\applicationServer\ThinkPHP\Library\Think\Controller\RestController.class.php 第 118 行.
NOTIC: [8] Undefined index: HTTP_ACCEPT C:\wamp64\www\applicationServer\ThinkPHP\Library\Think\Controller\RestController.class.php 第 118 行.
NOTIC: [8] Undefined index: HTTP_ACCEPT C:\wamp64\www\applicationServer\ThinkPHP\Library\Think\Controller\RestController.class.php 第 118 行.
NOTIC: [8] Undefined index: HTTP_ACCEPT C:\wamp64\www\applicationServer\ThinkPHP\Library\Think\Controller\RestController.class.php 第 118 行.
NOTIC: [8] Undefined index: HTTP_ACCEPT C:\wamp64\www\applicationServer\ThinkPHP\Library\Think\Controller\RestController.class.php 第 118 行.
NOTIC: [8] Undefined index: HTTP_ACCEPT C:\wamp64\www\applicationServer\ThinkPHP\Library\Think\Controller\RestController.class.php 第 118 行.
NOTIC: [8] Undefined index: HTTP_ACCEPT C:\wamp64\www\applicationServer\ThinkPHP\Library\Think\Controller\RestController.class.php 第 118 行.
NOTIC: [8] Undefined index: HTTP_ACCEPT C:\wamp64\www\applicationServer\ThinkPHP\Library\Think\Controller\RestController.class.php 第 118 行.
NOTIC: [8] Undefined index: HTTP_ACCEPT C:\wamp64\www\applicationServer\ThinkPHP\Library\Think\Controller\RestController.class.php 第 118 行.
NOTIC: [8] Undefined index: HTTP_ACCEPT C:\wamp64\www\applicationServer\ThinkPHP\Library\Think\Controller\RestController.class.php 第 118 行.
NOTIC: [8] Undefined index: HTTP_ACCEPT C:\wamp64\www\applicationServer\ThinkPHP\Library\Think\Controller\RestController.class.php 第 118 行.
NOTIC: [8] Undefined index: HTTP_ACCEPT C:\wamp64\www\applicationServer\ThinkPHP\Library\Think\Controller\RestController.class.php 第 118 行.
NOTIC: [8] Undefined index: HTTP_ACCEPT C:\wamp64\www\applicationServer\ThinkPHP\Library\Think\Controller\RestController.class.php 第 118 行.
NOTIC: [8] Undefined index: HTTP_ACCEPT C:\wamp64\www\applicationServer\ThinkPHP\Library\Think\Controller\RestController.class.php 第 118 行.
NOTIC: [8] Undefined index: HTTP_ACCEPT C:\wamp64\www\applicationServer\ThinkPHP\Library\Think\Controller\RestController.class.php 第 118 行.
NOTIC: [8] Undefined index: HTTP_ACCEPT C:\wamp64\www\applicationServer\ThinkPHP\Library\Think\Controller\RestController.class.php 第 118 行.
NOTIC: [8] Undefined index: HTTP_ACCEPT C:\wamp64\www\applicationServer\ThinkPHP\Library\Think\Controller\RestController.class.php 第 118 行.
NOTIC: [8] Undefined index: HTTP_ACCEPT C:\wamp64\www\applicationServer\ThinkPHP\Library\Think\Controller\RestController.class.php 第 118 行.
NOTIC: [8] Undefined index: HTTP_ACCEPT C:\wamp64\www\applicationServer\ThinkPHP\Library\Think\Controller\RestController.class.php 第 118 行.
SQL: SHOW COLUMNS FROM `film` [ RunTime:0.0083s ]
SQL: SELECT * FROM `film` Right Join film_actor on film.film_id=film_actor.film_id  WHERE ( actor_id='121' ) LIMIT 5   [ RunTime:0.0069s ]

[ 2018-10-23T12:56:01+08:00 ] ::1 /applicationServer/Home/Film/GetFilmListByActor/39
INFO: [ app_init ] --START--
INFO: Run Behavior\BuildLiteBehavior [ RunTime:0.000012s ]
INFO: [ app_init ] --END-- [ RunTime:0.000461s ]
INFO: [ app_begin ] --START--
INFO: Run Behavior\ReadHtmlCacheBehavior [ RunTime:0.001544s ]
INFO: [ app_begin ] --END-- [ RunTime:0.001681s ]
NOTIC: [8] Undefined index: HTTP_ACCEPT C:\wamp64\www\applicationServer\ThinkPHP\Library\Think\Controller\RestController.class.php 第 118 行.
NOTIC: [8] Undefined index: HTTP_ACCEPT C:\wamp64\www\applicationServer\ThinkPHP\Library\Think\Controller\RestController.class.php 第 118 行.
NOTIC: [8] Undefined index: HTTP_ACCEPT C:\wamp64\www\applicationServer\ThinkPHP\Library\Think\Controller\RestController.class.php 第 118 行.
NOTIC: [8] Undefined index: HTTP_ACCEPT C:\wamp64\www\applicationServer\ThinkPHP\Library\Think\Controller\RestController.class.php 第 118 行.
NOTIC: [8] Undefined index: HTTP_ACCEPT C:\wamp64\www\applicationServer\ThinkPHP\Library\Think\Controller\RestController.class.php 第 118 行.
NOTIC: [8] Undefined index: HTTP_ACCEPT C:\wamp64\www\applicationServer\ThinkPHP\Library\Think\Controller\RestController.class.php 第 118 行.
NOTIC: [8] Undefined index: HTTP_ACCEPT C:\wamp64\www\applicationServer\ThinkPHP\Library\Think\Controller\RestController.class.php 第 118 行.
NOTIC: [8] Undefined index: HTTP_ACCEPT C:\wamp64\www\applicationServer\ThinkPHP\Library\Think\Controller\RestController.class.php 第 118 行.
NOTIC: [8] Undefined index: HTTP_ACCEPT C:\wamp64\www\applicationServer\ThinkPHP\Library\Think\Controller\RestController.class.php 第 118 行.
NOTIC: [8] Undefined index: HTTP_ACCEPT C:\wamp64\www\applicationServer\ThinkPHP\Library\Think\Controller\RestController.class.php 第 118 行.
NOTIC: [8] Undefined index: HTTP_ACCEPT C:\wamp64\www\applicationServer\ThinkPHP\Library\Think\Controller\RestController.class.php 第 118 行.
NOTIC: [8] Undefined index: HTTP_ACCEPT C:\wamp64\www\applicationServer\ThinkPHP\Library\Think\Controller\RestController.class.php 第 118 行.
NOTIC: [8] Undefined index: HTTP_ACCEPT C:\wamp64\www\applicationServer\ThinkPHP\Library\Think\Controller\RestController.class.php 第 118 行.
NOTIC: [8] Undefined index: HTTP_ACCEPT C:\wamp64\www\applicationServer\ThinkPHP\Library\Think\Controller\RestController.class.php 第 118 行.
NOTIC: [8] Undefined index: HTTP_ACCEPT C:\wamp64\www\applicationServer\ThinkPHP\Library\Think\Controller\RestController.class.php 第 118 行.
NOTIC: [8] Undefined index: HTTP_ACCEPT C:\wamp64\www\applicationServer\ThinkPHP\Library\Think\Controller\RestController.class.php 第 118 行.
NOTIC: [8] Undefined index: HTTP_ACCEPT C:\wamp64\www\applicationServer\ThinkPHP\Library\Think\Controller\RestController.class.php 第 118 行.
NOTIC: [8] Undefined index: HTTP_ACCEPT C:\wamp64\www\applicationServer\ThinkPHP\Library\Think\Controller\RestController.class.php 第 118 行.
NOTIC: [8] Undefined index: HTTP_ACCEPT C:\wamp64\www\applicationServer\ThinkPHP\Library\Think\Controller\RestController.class.php 第 118 行.
NOTIC: [8] Undefined index: HTTP_ACCEPT C:\wamp64\www\applicationServer\ThinkPHP\Library\Think\Controller\RestController.class.php 第 118 行.
NOTIC: [8] Undefined index: HTTP_ACCEPT C:\wamp64\www\applicationServer\ThinkPHP\Library\Think\Controller\RestController.class.php 第 118 行.
NOTIC: [8] Undefined index: HTTP_ACCEPT C:\wamp64\www\applicationServer\ThinkPHP\Library\Think\Controller\RestController.class.php 第 118 行.
NOTIC: [8] Undefined index: HTTP_ACCEPT C:\wamp64\www\applicationServer\ThinkPHP\Library\Think\Controller\RestController.class.php 第 118 行.
NOTIC: [8] Undefined index: HTTP_ACCEPT C:\wamp64\www\applicationServer\ThinkPHP\Library\Think\Controller\RestController.class.php 第 118 行.
NOTIC: [8] Undefined index: HTTP_ACCEPT C:\wamp64\www\applicationServer\ThinkPHP\Library\Think\Controller\RestController.class.php 第 118 行.
NOTIC: [8] Undefined index: HTTP_ACCEPT C:\wamp64\www\applicationServer\ThinkPHP\Library\Think\Controller\RestController.class.php 第 118 行.
SQL: SHOW COLUMNS FROM `film` [ RunTime:0.0075s ]
SQL: SELECT * FROM `film` Right Join film_actor on film.film_id=film_actor.film_id  WHERE ( actor_id='39' ) LIMIT 5   [ RunTime:0.0065s ]

[ 2018-10-23T12:56:05+08:00 ] ::1 /applicationServer/Home/Film/GetFilmListByActor/11
INFO: [ app_init ] --START--
INFO: Run Behavior\BuildLiteBehavior [ RunTime:0.000013s ]
INFO: [ app_init ] --END-- [ RunTime:0.000516s ]
INFO: [ app_begin ] --START--
INFO: Run Behavior\ReadHtmlCacheBehavior [ RunTime:0.000905s ]
INFO: [ app_begin ] --END-- [ RunTime:0.000968s ]
NOTIC: [8] Undefined index: HTTP_ACCEPT C:\wamp64\www\applicationServer\ThinkPHP\Library\Think\Controller\RestController.class.php 第 118 行.
NOTIC: [8] Undefined index: HTTP_ACCEPT C:\wamp64\www\applicationServer\ThinkPHP\Library\Think\Controller\RestController.class.php 第 118 行.
NOTIC: [8] Undefined index: HTTP_ACCEPT C:\wamp64\www\applicationServer\ThinkPHP\Library\Think\Controller\RestController.class.php 第 118 行.
NOTIC: [8] Undefined index: HTTP_ACCEPT C:\wamp64\www\applicationServer\ThinkPHP\Library\Think\Controller\RestController.class.php 第 118 行.
NOTIC: [8] Undefined index: HTTP_ACCEPT C:\wamp64\www\applicationServer\ThinkPHP\Library\Think\Controller\RestController.class.php 第 118 行.
NOTIC: [8] Undefined index: HTTP_ACCEPT C:\wamp64\www\applicationServer\ThinkPHP\Library\Think\Controller\RestController.class.php 第 118 行.
NOTIC: [8] Undefined index: HTTP_ACCEPT C:\wamp64\www\applicationServer\ThinkPHP\Library\Think\Controller\RestController.class.php 第 118 行.
NOTIC: [8] Undefined index: HTTP_ACCEPT C:\wamp64\www\applicationServer\ThinkPHP\Library\Think\Controller\RestController.class.php 第 118 行.
NOTIC: [8] Undefined index: HTTP_ACCEPT C:\wamp64\www\applicationServer\ThinkPHP\Library\Think\Controller\RestController.class.php 第 118 行.
NOTIC: [8] Undefined index: HTTP_ACCEPT C:\wamp64\www\applicationServer\ThinkPHP\Library\Think\Controller\RestController.class.php 第 118 行.
NOTIC: [8] Undefined index: HTTP_ACCEPT C:\wamp64\www\applicationServer\ThinkPHP\Library\Think\Controller\RestController.class.php 第 118 行.
NOTIC: [8] Undefined index: HTTP_ACCEPT C:\wamp64\www\applicationServer\ThinkPHP\Library\Think\Controller\RestController.class.php 第 118 行.
NOTIC: [8] Undefined index: HTTP_ACCEPT C:\wamp64\www\applicationServer\ThinkPHP\Library\Think\Controller\RestController.class.php 第 118 行.
NOTIC: [8] Undefined index: HTTP_ACCEPT C:\wamp64\www\applicationServer\ThinkPHP\Library\Think\Controller\RestController.class.php 第 118 行.
NOTIC: [8] Undefined index: HTTP_ACCEPT C:\wamp64\www\applicationServer\ThinkPHP\Library\Think\Controller\RestController.class.php 第 118 行.
NOTIC: [8] Undefined index: HTTP_ACCEPT C:\wamp64\www\applicationServer\ThinkPHP\Library\Think\Controller\RestController.class.php 第 118 行.
NOTIC: [8] Undefined index: HTTP_ACCEPT C:\wamp64\www\applicationServer\ThinkPHP\Library\Think\Controller\RestController.class.php 第 118 行.
NOTIC: [8] Undefined index: HTTP_ACCEPT C:\wamp64\www\applicationServer\ThinkPHP\Library\Think\Controller\RestController.class.php 第 118 行.
NOTIC: [8] Undefined index: HTTP_ACCEPT C:\wamp64\www\applicationServer\ThinkPHP\Library\Think\Controller\RestController.class.php 第 118 行.
NOTIC: [8] Undefined index: HTTP_ACCEPT C:\wamp64\www\applicationServer\ThinkPHP\Library\Think\Controller\RestController.class.php 第 118 行.
NOTIC: [8] Undefined index: HTTP_ACCEPT C:\wamp64\www\applicationServer\ThinkPHP\Library\Think\Controller\RestController.class.php 第 118 行.
NOTIC: [8] Undefined index: HTTP_ACCEPT C:\wamp64\www\applicationServer\ThinkPHP\Library\Think\Controller\RestController.class.php 第 118 行.
NOTIC: [8] Undefined index: HTTP_ACCEPT C:\wamp64\www\applicationServer\ThinkPHP\Library\Think\Controller\RestController.class.php 第 118 行.
NOTIC: [8] Undefined index: HTTP_ACCEPT C:\wamp64\www\applicationServer\ThinkPHP\Library\Think\Controller\RestController.class.php 第 118 行.
NOTIC: [8] Undefined index: HTTP_ACCEPT C:\wamp64\www\applicationServer\ThinkPHP\Library\Think\Controller\RestController.class.php 第 118 行.
NOTIC: [8] Undefined index: HTTP_ACCEPT C:\wamp64\www\applicationServer\ThinkPHP\Library\Think\Controller\RestController.class.php 第 118 行.
SQL: SHOW COLUMNS FROM `film` [ RunTime:0.0070s ]
SQL: SELECT * FROM `film` Right Join film_actor on film.film_id=film_actor.film_id  WHERE ( actor_id='11' ) LIMIT 5   [ RunTime:0.0066s ]

[ 2018-10-23T12:56:42+08:00 ] ::1 /applicationServer/Home/Actor/NewActor
INFO: [ app_init ] --START--
INFO: Run Behavior\BuildLiteBehavior [ RunTime:0.000023s ]
INFO: [ app_init ] --END-- [ RunTime:0.001645s ]
INFO: [ app_begin ] --START--
INFO: Run Behavior\ReadHtmlCacheBehavior [ RunTime:0.000952s ]
INFO: [ app_begin ] --END-- [ RunTime:0.001035s ]
NOTIC: [8] Undefined index: Content C:\wamp64\www\applicationServer\Application\Home\Controller\ActorController.class.php 第 18 行.
INFO: [ app_end ] --START--
INFO: Run Behavior\ShowPageTraceBehavior [ RunTime:0.002351s ]
INFO: [ app_end ] --END-- [ RunTime:0.002434s ]

[ 2018-10-23T12:57:14+08:00 ] ::1 /applicationServer/Home/Actor/GetActorList
INFO: [ app_init ] --START--
INFO: Run Behavior\BuildLiteBehavior [ RunTime:0.000019s ]
INFO: [ app_init ] --END-- [ RunTime:0.000874s ]
INFO: [ app_begin ] --START--
INFO: Run Behavior\ReadHtmlCacheBehavior [ RunTime:0.001523s ]
INFO: [ app_begin ] --END-- [ RunTime:0.001616s ]
NOTIC: [8] Undefined index: HTTP_ACCEPT C:\wamp64\www\applicationServer\ThinkPHP\Library\Think\Controller\RestController.class.php 第 118 行.
NOTIC: [8] Undefined index: HTTP_ACCEPT C:\wamp64\www\applicationServer\ThinkPHP\Library\Think\Controller\RestController.class.php 第 118 行.
NOTIC: [8] Undefined index: HTTP_ACCEPT C:\wamp64\www\applicationServer\ThinkPHP\Library\Think\Controller\RestController.class.php 第 118 行.
NOTIC: [8] Undefined index: HTTP_ACCEPT C:\wamp64\www\applicationServer\ThinkPHP\Library\Think\Controller\RestController.class.php 第 118 行.
NOTIC: [8] Undefined index: HTTP_ACCEPT C:\wamp64\www\applicationServer\ThinkPHP\Library\Think\Controller\RestController.class.php 第 118 行.
NOTIC: [8] Undefined index: HTTP_ACCEPT C:\wamp64\www\applicationServer\ThinkPHP\Library\Think\Controller\RestController.class.php 第 118 行.
NOTIC: [8] Undefined index: HTTP_ACCEPT C:\wamp64\www\applicationServer\ThinkPHP\Library\Think\Controller\RestController.class.php 第 118 行.
NOTIC: [8] Undefined index: HTTP_ACCEPT C:\wamp64\www\applicationServer\ThinkPHP\Library\Think\Controller\RestController.class.php 第 118 行.
NOTIC: [8] Undefined index: HTTP_ACCEPT C:\wamp64\www\applicationServer\ThinkPHP\Library\Think\Controller\RestController.class.php 第 118 行.
NOTIC: [8] Undefined index: HTTP_ACCEPT C:\wamp64\www\applicationServer\ThinkPHP\Library\Think\Controller\RestController.class.php 第 118 行.
NOTIC: [8] Undefined index: HTTP_ACCEPT C:\wamp64\www\applicationServer\ThinkPHP\Library\Think\Controller\RestController.class.php 第 118 行.
NOTIC: [8] Undefined index: HTTP_ACCEPT C:\wamp64\www\applicationServer\ThinkPHP\Library\Think\Controller\RestController.class.php 第 118 行.
NOTIC: [8] Undefined index: HTTP_ACCEPT C:\wamp64\www\applicationServer\ThinkPHP\Library\Think\Controller\RestController.class.php 第 118 行.
NOTIC: [8] Undefined index: HTTP_ACCEPT C:\wamp64\www\applicationServer\ThinkPHP\Library\Think\Controller\RestController.class.php 第 118 行.
NOTIC: [8] Undefined index: HTTP_ACCEPT C:\wamp64\www\applicationServer\ThinkPHP\Library\Think\Controller\RestController.class.php 第 118 行.
NOTIC: [8] Undefined index: HTTP_ACCEPT C:\wamp64\www\applicationServer\ThinkPHP\Library\Think\Controller\RestController.class.php 第 118 行.
NOTIC: [8] Undefined index: HTTP_ACCEPT C:\wamp64\www\applicationServer\ThinkPHP\Library\Think\Controller\RestController.class.php 第 118 行.
NOTIC: [8] Undefined index: HTTP_ACCEPT C:\wamp64\www\applicationServer\ThinkPHP\Library\Think\Controller\RestController.class.php 第 118 行.
NOTIC: [8] Undefined index: HTTP_ACCEPT C:\wamp64\www\applicationServer\ThinkPHP\Library\Think\Controller\RestController.class.php 第 118 行.
NOTIC: [8] Undefined index: HTTP_ACCEPT C:\wamp64\www\applicationServer\ThinkPHP\Library\Think\Controller\RestController.class.php 第 118 行.
NOTIC: [8] Undefined index: HTTP_ACCEPT C:\wamp64\www\applicationServer\ThinkPHP\Library\Think\Controller\RestController.class.php 第 118 行.
NOTIC: [8] Undefined index: HTTP_ACCEPT C:\wamp64\www\applicationServer\ThinkPHP\Library\Think\Controller\RestController.class.php 第 118 行.
NOTIC: [8] Undefined index: HTTP_ACCEPT C:\wamp64\www\applicationServer\ThinkPHP\Library\Think\Controller\RestController.class.php 第 118 行.
NOTIC: [8] Undefined index: HTTP_ACCEPT C:\wamp64\www\applicationServer\ThinkPHP\Library\Think\Controller\RestController.class.php 第 118 行.
NOTIC: [8] Undefined index: HTTP_ACCEPT C:\wamp64\www\applicationServer\ThinkPHP\Library\Think\Controller\RestController.class.php 第 118 行.
NOTIC: [8] Undefined index: HTTP_ACCEPT C:\wamp64\www\applicationServer\ThinkPHP\Library\Think\Controller\RestController.class.php 第 118 行.
SQL: SHOW COLUMNS FROM `Actor` [ RunTime:0.0089s ]
SQL: SELECT `actor_id`,`first_name`,`last_name` FROM `Actor` ORDER BY last_name  [ RunTime:0.0015s ]

[ 2018-10-23T12:57:15+08:00 ] ::1 /applicationServer/Home/Film/GetFilmListByActor/58
INFO: [ app_init ] --START--
INFO: Run Behavior\BuildLiteBehavior [ RunTime:0.000022s ]
INFO: [ app_init ] --END-- [ RunTime:0.000775s ]
INFO: [ app_begin ] --START--
INFO: Run Behavior\ReadHtmlCacheBehavior [ RunTime:0.001738s ]
INFO: [ app_begin ] --END-- [ RunTime:0.001838s ]
NOTIC: [8] Undefined index: HTTP_ACCEPT C:\wamp64\www\applicationServer\ThinkPHP\Library\Think\Controller\RestController.class.php 第 118 行.
NOTIC: [8] Undefined index: HTTP_ACCEPT C:\wamp64\www\applicationServer\ThinkPHP\Library\Think\Controller\RestController.class.php 第 118 行.
NOTIC: [8] Undefined index: HTTP_ACCEPT C:\wamp64\www\applicationServer\ThinkPHP\Library\Think\Controller\RestController.class.php 第 118 行.
NOTIC: [8] Undefined index: HTTP_ACCEPT C:\wamp64\www\applicationServer\ThinkPHP\Library\Think\Controller\RestController.class.php 第 118 行.
NOTIC: [8] Undefined index: HTTP_ACCEPT C:\wamp64\www\applicationServer\ThinkPHP\Library\Think\Controller\RestController.class.php 第 118 行.
NOTIC: [8] Undefined index: HTTP_ACCEPT C:\wamp64\www\applicationServer\ThinkPHP\Library\Think\Controller\RestController.class.php 第 118 行.
NOTIC: [8] Undefined index: HTTP_ACCEPT C:\wamp64\www\applicationServer\ThinkPHP\Library\Think\Controller\RestController.class.php 第 118 行.
NOTIC: [8] Undefined index: HTTP_ACCEPT C:\wamp64\www\applicationServer\ThinkPHP\Library\Think\Controller\RestController.class.php 第 118 行.
NOTIC: [8] Undefined index: HTTP_ACCEPT C:\wamp64\www\applicationServer\ThinkPHP\Library\Think\Controller\RestController.class.php 第 118 行.
NOTIC: [8] Undefined index: HTTP_ACCEPT C:\wamp64\www\applicationServer\ThinkPHP\Library\Think\Controller\RestController.class.php 第 118 行.
NOTIC: [8] Undefined index: HTTP_ACCEPT C:\wamp64\www\applicationServer\ThinkPHP\Library\Think\Controller\RestController.class.php 第 118 行.
NOTIC: [8] Undefined index: HTTP_ACCEPT C:\wamp64\www\applicationServer\ThinkPHP\Library\Think\Controller\RestController.class.php 第 118 行.
NOTIC: [8] Undefined index: HTTP_ACCEPT C:\wamp64\www\applicationServer\ThinkPHP\Library\Think\Controller\RestController.class.php 第 118 行.
NOTIC: [8] Undefined index: HTTP_ACCEPT C:\wamp64\www\applicationServer\ThinkPHP\Library\Think\Controller\RestController.class.php 第 118 行.
NOTIC: [8] Undefined index: HTTP_ACCEPT C:\wamp64\www\applicationServer\ThinkPHP\Library\Think\Controller\RestController.class.php 第 118 行.
NOTIC: [8] Undefined index: HTTP_ACCEPT C:\wamp64\www\applicationServer\ThinkPHP\Library\Think\Controller\RestController.class.php 第 118 行.
NOTIC: [8] Undefined index: HTTP_ACCEPT C:\wamp64\www\applicationServer\ThinkPHP\Library\Think\Controller\RestController.class.php 第 118 行.
NOTIC: [8] Undefined index: HTTP_ACCEPT C:\wamp64\www\applicationServer\ThinkPHP\Library\Think\Controller\RestController.class.php 第 118 行.
NOTIC: [8] Undefined index: HTTP_ACCEPT C:\wamp64\www\applicationServer\ThinkPHP\Library\Think\Controller\RestController.class.php 第 118 行.
NOTIC: [8] Undefined index: HTTP_ACCEPT C:\wamp64\www\applicationServer\ThinkPHP\Library\Think\Controller\RestController.class.php 第 118 行.
NOTIC: [8] Undefined index: HTTP_ACCEPT C:\wamp64\www\applicationServer\ThinkPHP\Library\Think\Controller\RestController.class.php 第 118 行.
NOTIC: [8] Undefined index: HTTP_ACCEPT C:\wamp64\www\applicationServer\ThinkPHP\Library\Think\Controller\RestController.class.php 第 118 行.
NOTIC: [8] Undefined index: HTTP_ACCEPT C:\wamp64\www\applicationServer\ThinkPHP\Library\Think\Controller\RestController.class.php 第 118 行.
NOTIC: [8] Undefined index: HTTP_ACCEPT C:\wamp64\www\applicationServer\ThinkPHP\Library\Think\Controller\RestController.class.php 第 118 行.
NOTIC: [8] Undefined index: HTTP_ACCEPT C:\wamp64\www\applicationServer\ThinkPHP\Library\Think\Controller\RestController.class.php 第 118 行.
NOTIC: [8] Undefined index: HTTP_ACCEPT C:\wamp64\www\applicationServer\ThinkPHP\Library\Think\Controller\RestController.class.php 第 118 行.
SQL: SHOW COLUMNS FROM `film` [ RunTime:0.0237s ]
SQL: SELECT * FROM `film` Right Join film_actor on film.film_id=film_actor.film_id  WHERE ( actor_id='58' ) LIMIT 5   [ RunTime:0.0060s ]

[ 2018-10-23T12:57:18+08:00 ] ::1 /applicationServer/Home/Film/GetFilmListByActor/92
INFO: [ app_init ] --START--
INFO: Run Behavior\BuildLiteBehavior [ RunTime:0.000021s ]
INFO: [ app_init ] --END-- [ RunTime:0.001041s ]
INFO: [ app_begin ] --START--
INFO: Run Behavior\ReadHtmlCacheBehavior [ RunTime:0.001625s ]
INFO: [ app_begin ] --END-- [ RunTime:0.001756s ]
NOTIC: [8] Undefined index: HTTP_ACCEPT C:\wamp64\www\applicationServer\ThinkPHP\Library\Think\Controller\RestController.class.php 第 118 行.
NOTIC: [8] Undefined index: HTTP_ACCEPT C:\wamp64\www\applicationServer\ThinkPHP\Library\Think\Controller\RestController.class.php 第 118 行.
NOTIC: [8] Undefined index: HTTP_ACCEPT C:\wamp64\www\applicationServer\ThinkPHP\Library\Think\Controller\RestController.class.php 第 118 行.
NOTIC: [8] Undefined index: HTTP_ACCEPT C:\wamp64\www\applicationServer\ThinkPHP\Library\Think\Controller\RestController.class.php 第 118 行.
NOTIC: [8] Undefined index: HTTP_ACCEPT C:\wamp64\www\applicationServer\ThinkPHP\Library\Think\Controller\RestController.class.php 第 118 行.
NOTIC: [8] Undefined index: HTTP_ACCEPT C:\wamp64\www\applicationServer\ThinkPHP\Library\Think\Controller\RestController.class.php 第 118 行.
NOTIC: [8] Undefined index: HTTP_ACCEPT C:\wamp64\www\applicationServer\ThinkPHP\Library\Think\Controller\RestController.class.php 第 118 行.
NOTIC: [8] Undefined index: HTTP_ACCEPT C:\wamp64\www\applicationServer\ThinkPHP\Library\Think\Controller\RestController.class.php 第 118 行.
NOTIC: [8] Undefined index: HTTP_ACCEPT C:\wamp64\www\applicationServer\ThinkPHP\Library\Think\Controller\RestController.class.php 第 118 行.
NOTIC: [8] Undefined index: HTTP_ACCEPT C:\wamp64\www\applicationServer\ThinkPHP\Library\Think\Controller\RestController.class.php 第 118 行.
NOTIC: [8] Undefined index: HTTP_ACCEPT C:\wamp64\www\applicationServer\ThinkPHP\Library\Think\Controller\RestController.class.php 第 118 行.
NOTIC: [8] Undefined index: HTTP_ACCEPT C:\wamp64\www\applicationServer\ThinkPHP\Library\Think\Controller\RestController.class.php 第 118 行.
NOTIC: [8] Undefined index: HTTP_ACCEPT C:\wamp64\www\applicationServer\ThinkPHP\Library\Think\Controller\RestController.class.php 第 118 行.
NOTIC: [8] Undefined index: HTTP_ACCEPT C:\wamp64\www\applicationServer\ThinkPHP\Library\Think\Controller\RestController.class.php 第 118 行.
NOTIC: [8] Undefined index: HTTP_ACCEPT C:\wamp64\www\applicationServer\ThinkPHP\Library\Think\Controller\RestController.class.php 第 118 行.
NOTIC: [8] Undefined index: HTTP_ACCEPT C:\wamp64\www\applicationServer\ThinkPHP\Library\Think\Controller\RestController.class.php 第 118 行.
NOTIC: [8] Undefined index: HTTP_ACCEPT C:\wamp64\www\applicationServer\ThinkPHP\Library\Think\Controller\RestController.class.php 第 118 行.
NOTIC: [8] Undefined index: HTTP_ACCEPT C:\wamp64\www\applicationServer\ThinkPHP\Library\Think\Controller\RestController.class.php 第 118 行.
NOTIC: [8] Undefined index: HTTP_ACCEPT C:\wamp64\www\applicationServer\ThinkPHP\Library\Think\Controller\RestController.class.php 第 118 行.
NOTIC: [8] Undefined index: HTTP_ACCEPT C:\wamp64\www\applicationServer\ThinkPHP\Library\Think\Controller\RestController.class.php 第 118 行.
NOTIC: [8] Undefined index: HTTP_ACCEPT C:\wamp64\www\applicationServer\ThinkPHP\Library\Think\Controller\RestController.class.php 第 118 行.
NOTIC: [8] Undefined index: HTTP_ACCEPT C:\wamp64\www\applicationServer\ThinkPHP\Library\Think\Controller\RestController.class.php 第 118 行.
NOTIC: [8] Undefined index: HTTP_ACCEPT C:\wamp64\www\applicationServer\ThinkPHP\Library\Think\Controller\RestController.class.php 第 118 行.
NOTIC: [8] Undefined index: HTTP_ACCEPT C:\wamp64\www\applicationServer\ThinkPHP\Library\Think\Controller\RestController.class.php 第 118 行.
NOTIC: [8] Undefined index: HTTP_ACCEPT C:\wamp64\www\applicationServer\ThinkPHP\Library\Think\Controller\RestController.class.php 第 118 行.
NOTIC: [8] Undefined index: HTTP_ACCEPT C:\wamp64\www\applicationServer\ThinkPHP\Library\Think\Controller\RestController.class.php 第 118 行.
SQL: SHOW COLUMNS FROM `film` [ RunTime:0.0108s ]
SQL: SELECT * FROM `film` Right Join film_actor on film.film_id=film_actor.film_id  WHERE ( actor_id='92' ) LIMIT 5   [ RunTime:0.0087s ]

[ 2018-10-23T12:58:03+08:00 ] ::1 /applicationServer/Home/Actor/GetActorList
INFO: [ app_init ] --START--
INFO: Run Behavior\BuildLiteBehavior [ RunTime:0.000015s ]
INFO: [ app_init ] --END-- [ RunTime:0.000880s ]
INFO: [ app_begin ] --START--
INFO: Run Behavior\ReadHtmlCacheBehavior [ RunTime:0.001727s ]
INFO: [ app_begin ] --END-- [ RunTime:0.001801s ]
NOTIC: [8] Undefined index: HTTP_ACCEPT C:\wamp64\www\applicationServer\ThinkPHP\Library\Think\Controller\RestController.class.php 第 118 行.
NOTIC: [8] Undefined index: HTTP_ACCEPT C:\wamp64\www\applicationServer\ThinkPHP\Library\Think\Controller\RestController.class.php 第 118 行.
NOTIC: [8] Undefined index: HTTP_ACCEPT C:\wamp64\www\applicationServer\ThinkPHP\Library\Think\Controller\RestController.class.php 第 118 行.
NOTIC: [8] Undefined index: HTTP_ACCEPT C:\wamp64\www\applicationServer\ThinkPHP\Library\Think\Controller\RestController.class.php 第 118 行.
NOTIC: [8] Undefined index: HTTP_ACCEPT C:\wamp64\www\applicationServer\ThinkPHP\Library\Think\Controller\RestController.class.php 第 118 行.
NOTIC: [8] Undefined index: HTTP_ACCEPT C:\wamp64\www\applicationServer\ThinkPHP\Library\Think\Controller\RestController.class.php 第 118 行.
NOTIC: [8] Undefined index: HTTP_ACCEPT C:\wamp64\www\applicationServer\ThinkPHP\Library\Think\Controller\RestController.class.php 第 118 行.
NOTIC: [8] Undefined index: HTTP_ACCEPT C:\wamp64\www\applicationServer\ThinkPHP\Library\Think\Controller\RestController.class.php 第 118 行.
NOTIC: [8] Undefined index: HTTP_ACCEPT C:\wamp64\www\applicationServer\ThinkPHP\Library\Think\Controller\RestController.class.php 第 118 行.
NOTIC: [8] Undefined index: HTTP_ACCEPT C:\wamp64\www\applicationServer\ThinkPHP\Library\Think\Controller\RestController.class.php 第 118 行.
NOTIC: [8] Undefined index: HTTP_ACCEPT C:\wamp64\www\applicationServer\ThinkPHP\Library\Think\Controller\RestController.class.php 第 118 行.
NOTIC: [8] Undefined index: HTTP_ACCEPT C:\wamp64\www\applicationServer\ThinkPHP\Library\Think\Controller\RestController.class.php 第 118 行.
NOTIC: [8] Undefined index: HTTP_ACCEPT C:\wamp64\www\applicationServer\ThinkPHP\Library\Think\Controller\RestController.class.php 第 118 行.
NOTIC: [8] Undefined index: HTTP_ACCEPT C:\wamp64\www\applicationServer\ThinkPHP\Library\Think\Controller\RestController.class.php 第 118 行.
NOTIC: [8] Undefined index: HTTP_ACCEPT C:\wamp64\www\applicationServer\ThinkPHP\Library\Think\Controller\RestController.class.php 第 118 行.
NOTIC: [8] Undefined index: HTTP_ACCEPT C:\wamp64\www\applicationServer\ThinkPHP\Library\Think\Controller\RestController.class.php 第 118 行.
NOTIC: [8] Undefined index: HTTP_ACCEPT C:\wamp64\www\applicationServer\ThinkPHP\Library\Think\Controller\RestController.class.php 第 118 行.
NOTIC: [8] Undefined index: HTTP_ACCEPT C:\wamp64\www\applicationServer\ThinkPHP\Library\Think\Controller\RestController.class.php 第 118 行.
NOTIC: [8] Undefined index: HTTP_ACCEPT C:\wamp64\www\applicationServer\ThinkPHP\Library\Think\Controller\RestController.class.php 第 118 行.
NOTIC: [8] Undefined index: HTTP_ACCEPT C:\wamp64\www\applicationServer\ThinkPHP\Library\Think\Controller\RestController.class.php 第 118 行.
NOTIC: [8] Undefined index: HTTP_ACCEPT C:\wamp64\www\applicationServer\ThinkPHP\Library\Think\Controller\RestController.class.php 第 118 行.
NOTIC: [8] Undefined index: HTTP_ACCEPT C:\wamp64\www\applicationServer\ThinkPHP\Library\Think\Controller\RestController.class.php 第 118 行.
NOTIC: [8] Undefined index: HTTP_ACCEPT C:\wamp64\www\applicationServer\ThinkPHP\Library\Think\Controller\RestController.class.php 第 118 行.
NOTIC: [8] Undefined index: HTTP_ACCEPT C:\wamp64\www\applicationServer\ThinkPHP\Library\Think\Controller\RestController.class.php 第 118 行.
NOTIC: [8] Undefined index: HTTP_ACCEPT C:\wamp64\www\applicationServer\ThinkPHP\Library\Think\Controller\RestController.class.php 第 118 行.
NOTIC: [8] Undefined index: HTTP_ACCEPT C:\wamp64\www\applicationServer\ThinkPHP\Library\Think\Controller\RestController.class.php 第 118 行.
SQL: SHOW COLUMNS FROM `Actor` [ RunTime:0.0022s ]
SQL: SELECT `actor_id`,`first_name`,`last_name` FROM `Actor` ORDER BY last_name  [ RunTime:0.0010s ]

[ 2018-10-23T12:58:03+08:00 ] ::1 /applicationServer/Home/Film/GetFilmListByActor/58
INFO: [ app_init ] --START--
INFO: Run Behavior\BuildLiteBehavior [ RunTime:0.000012s ]
INFO: [ app_init ] --END-- [ RunTime:0.000446s ]
INFO: [ app_begin ] --START--
INFO: Run Behavior\ReadHtmlCacheBehavior [ RunTime:0.000887s ]
INFO: [ app_begin ] --END-- [ RunTime:0.000946s ]
NOTIC: [8] Undefined index: HTTP_ACCEPT C:\wamp64\www\applicationServer\ThinkPHP\Library\Think\Controller\RestController.class.php 第 118 行.
NOTIC: [8] Undefined index: HTTP_ACCEPT C:\wamp64\www\applicationServer\ThinkPHP\Library\Think\Controller\RestController.class.php 第 118 行.
NOTIC: [8] Undefined index: HTTP_ACCEPT C:\wamp64\www\applicationServer\ThinkPHP\Library\Think\Controller\RestController.class.php 第 118 行.
NOTIC: [8] Undefined index: HTTP_ACCEPT C:\wamp64\www\applicationServer\ThinkPHP\Library\Think\Controller\RestController.class.php 第 118 行.
NOTIC: [8] Undefined index: HTTP_ACCEPT C:\wamp64\www\applicationServer\ThinkPHP\Library\Think\Controller\RestController.class.php 第 118 行.
NOTIC: [8] Undefined index: HTTP_ACCEPT C:\wamp64\www\applicationServer\ThinkPHP\Library\Think\Controller\RestController.class.php 第 118 行.
NOTIC: [8] Undefined index: HTTP_ACCEPT C:\wamp64\www\applicationServer\ThinkPHP\Library\Think\Controller\RestController.class.php 第 118 行.
NOTIC: [8] Undefined index: HTTP_ACCEPT C:\wamp64\www\applicationServer\ThinkPHP\Library\Think\Controller\RestController.class.php 第 118 行.
NOTIC: [8] Undefined index: HTTP_ACCEPT C:\wamp64\www\applicationServer\ThinkPHP\Library\Think\Controller\RestController.class.php 第 118 行.
NOTIC: [8] Undefined index: HTTP_ACCEPT C:\wamp64\www\applicationServer\ThinkPHP\Library\Think\Controller\RestController.class.php 第 118 行.
NOTIC: [8] Undefined index: HTTP_ACCEPT C:\wamp64\www\applicationServer\ThinkPHP\Library\Think\Controller\RestController.class.php 第 118 行.
NOTIC: [8] Undefined index: HTTP_ACCEPT C:\wamp64\www\applicationServer\ThinkPHP\Library\Think\Controller\RestController.class.php 第 118 行.
NOTIC: [8] Undefined index: HTTP_ACCEPT C:\wamp64\www\applicationServer\ThinkPHP\Library\Think\Controller\RestController.class.php 第 118 行.
NOTIC: [8] Undefined index: HTTP_ACCEPT C:\wamp64\www\applicationServer\ThinkPHP\Library\Think\Controller\RestController.class.php 第 118 行.
NOTIC: [8] Undefined index: HTTP_ACCEPT C:\wamp64\www\applicationServer\ThinkPHP\Library\Think\Controller\RestController.class.php 第 118 行.
NOTIC: [8] Undefined index: HTTP_ACCEPT C:\wamp64\www\applicationServer\ThinkPHP\Library\Think\Controller\RestController.class.php 第 118 行.
NOTIC: [8] Undefined index: HTTP_ACCEPT C:\wamp64\www\applicationServer\ThinkPHP\Library\Think\Controller\RestController.class.php 第 118 行.
NOTIC: [8] Undefined index: HTTP_ACCEPT C:\wamp64\www\applicationServer\ThinkPHP\Library\Think\Controller\RestController.class.php 第 118 行.
NOTIC: [8] Undefined index: HTTP_ACCEPT C:\wamp64\www\applicationServer\ThinkPHP\Library\Think\Controller\RestController.class.php 第 118 行.
NOTIC: [8] Undefined index: HTTP_ACCEPT C:\wamp64\www\applicationServer\ThinkPHP\Library\Think\Controller\RestController.class.php 第 118 行.
NOTIC: [8] Undefined index: HTTP_ACCEPT C:\wamp64\www\applicationServer\ThinkPHP\Library\Think\Controller\RestController.class.php 第 118 行.
NOTIC: [8] Undefined index: HTTP_ACCEPT C:\wamp64\www\applicationServer\ThinkPHP\Library\Think\Controller\RestController.class.php 第 118 行.
NOTIC: [8] Undefined index: HTTP_ACCEPT C:\wamp64\www\applicationServer\ThinkPHP\Library\Think\Controller\RestController.class.php 第 118 行.
NOTIC: [8] Undefined index: HTTP_ACCEPT C:\wamp64\www\applicationServer\ThinkPHP\Library\Think\Controller\RestController.class.php 第 118 行.
NOTIC: [8] Undefined index: HTTP_ACCEPT C:\wamp64\www\applicationServer\ThinkPHP\Library\Think\Controller\RestController.class.php 第 118 行.
NOTIC: [8] Undefined index: HTTP_ACCEPT C:\wamp64\www\applicationServer\ThinkPHP\Library\Think\Controller\RestController.class.php 第 118 行.
SQL: SHOW COLUMNS FROM `film` [ RunTime:0.0007s ]
SQL: SELECT * FROM `film` Right Join film_actor on film.film_id=film_actor.film_id  WHERE ( actor_id='58' ) LIMIT 5   [ RunTime:0.0007s ]

[ 2018-10-23T12:58:06+08:00 ] ::1 /applicationServer/Home/Film/GetFilmListByActor/118
INFO: [ app_init ] --START--
INFO: Run Behavior\BuildLiteBehavior [ RunTime:0.000019s ]
INFO: [ app_init ] --END-- [ RunTime:0.000883s ]
INFO: [ app_begin ] --START--
INFO: Run Behavior\ReadHtmlCacheBehavior [ RunTime:0.000978s ]
INFO: [ app_begin ] --END-- [ RunTime:0.001036s ]
NOTIC: [8] Undefined index: HTTP_ACCEPT C:\wamp64\www\applicationServer\ThinkPHP\Library\Think\Controller\RestController.class.php 第 118 行.
NOTIC: [8] Undefined index: HTTP_ACCEPT C:\wamp64\www\applicationServer\ThinkPHP\Library\Think\Controller\RestController.class.php 第 118 行.
NOTIC: [8] Undefined index: HTTP_ACCEPT C:\wamp64\www\applicationServer\ThinkPHP\Library\Think\Controller\RestController.class.php 第 118 行.
NOTIC: [8] Undefined index: HTTP_ACCEPT C:\wamp64\www\applicationServer\ThinkPHP\Library\Think\Controller\RestController.class.php 第 118 行.
NOTIC: [8] Undefined index: HTTP_ACCEPT C:\wamp64\www\applicationServer\ThinkPHP\Library\Think\Controller\RestController.class.php 第 118 行.
NOTIC: [8] Undefined index: HTTP_ACCEPT C:\wamp64\www\applicationServer\ThinkPHP\Library\Think\Controller\RestController.class.php 第 118 行.
NOTIC: [8] Undefined index: HTTP_ACCEPT C:\wamp64\www\applicationServer\ThinkPHP\Library\Think\Controller\RestController.class.php 第 118 行.
NOTIC: [8] Undefined index: HTTP_ACCEPT C:\wamp64\www\applicationServer\ThinkPHP\Library\Think\Controller\RestController.class.php 第 118 行.
NOTIC: [8] Undefined index: HTTP_ACCEPT C:\wamp64\www\applicationServer\ThinkPHP\Library\Think\Controller\RestController.class.php 第 118 行.
NOTIC: [8] Undefined index: HTTP_ACCEPT C:\wamp64\www\applicationServer\ThinkPHP\Library\Think\Controller\RestController.class.php 第 118 行.
NOTIC: [8] Undefined index: HTTP_ACCEPT C:\wamp64\www\applicationServer\ThinkPHP\Library\Think\Controller\RestController.class.php 第 118 行.
NOTIC: [8] Undefined index: HTTP_ACCEPT C:\wamp64\www\applicationServer\ThinkPHP\Library\Think\Controller\RestController.class.php 第 118 行.
NOTIC: [8] Undefined index: HTTP_ACCEPT C:\wamp64\www\applicationServer\ThinkPHP\Library\Think\Controller\RestController.class.php 第 118 行.
NOTIC: [8] Undefined index: HTTP_ACCEPT C:\wamp64\www\applicationServer\ThinkPHP\Library\Think\Controller\RestController.class.php 第 118 行.
NOTIC: [8] Undefined index: HTTP_ACCEPT C:\wamp64\www\applicationServer\ThinkPHP\Library\Think\Controller\RestController.class.php 第 118 行.
NOTIC: [8] Undefined index: HTTP_ACCEPT C:\wamp64\www\applicationServer\ThinkPHP\Library\Think\Controller\RestController.class.php 第 118 行.
NOTIC: [8] Undefined index: HTTP_ACCEPT C:\wamp64\www\applicationServer\ThinkPHP\Library\Think\Controller\RestController.class.php 第 118 行.
NOTIC: [8] Undefined index: HTTP_ACCEPT C:\wamp64\www\applicationServer\ThinkPHP\Library\Think\Controller\RestController.class.php 第 118 行.
NOTIC: [8] Undefined index: HTTP_ACCEPT C:\wamp64\www\applicationServer\ThinkPHP\Library\Think\Controller\RestController.class.php 第 118 行.
NOTIC: [8] Undefined index: HTTP_ACCEPT C:\wamp64\www\applicationServer\ThinkPHP\Library\Think\Controller\RestController.class.php 第 118 行.
NOTIC: [8] Undefined index: HTTP_ACCEPT C:\wamp64\www\applicationServer\ThinkPHP\Library\Think\Controller\RestController.class.php 第 118 行.
NOTIC: [8] Undefined index: HTTP_ACCEPT C:\wamp64\www\applicationServer\ThinkPHP\Library\Think\Controller\RestController.class.php 第 118 行.
NOTIC: [8] Undefined index: HTTP_ACCEPT C:\wamp64\www\applicationServer\ThinkPHP\Library\Think\Controller\RestController.class.php 第 118 行.
NOTIC: [8] Undefined index: HTTP_ACCEPT C:\wamp64\www\applicationServer\ThinkPHP\Library\Think\Controller\RestController.class.php 第 118 行.
NOTIC: [8] Undefined index: HTTP_ACCEPT C:\wamp64\www\applicationServer\ThinkPHP\Library\Think\Controller\RestController.class.php 第 118 行.
NOTIC: [8] Undefined index: HTTP_ACCEPT C:\wamp64\www\applicationServer\ThinkPHP\Library\Think\Controller\RestController.class.php 第 118 行.
SQL: SHOW COLUMNS FROM `film` [ RunTime:0.0069s ]
SQL: SELECT * FROM `film` Right Join film_actor on film.film_id=film_actor.film_id  WHERE ( actor_id='118' ) LIMIT 5   [ RunTime:0.0065s ]

[ 2018-10-23T12:58:15+08:00 ] ::1 /applicationServer/Home/Actor/NewActor
INFO: [ app_init ] --START--
INFO: Run Behavior\BuildLiteBehavior [ RunTime:0.000013s ]
INFO: [ app_init ] --END-- [ RunTime:0.000542s ]
INFO: [ app_begin ] --START--
INFO: Run Behavior\ReadHtmlCacheBehavior [ RunTime:0.001278s ]
INFO: [ app_begin ] --END-- [ RunTime:0.001350s ]
NOTIC: [8] Undefined index: HTTP_ACCEPT C:\wamp64\www\applicationServer\ThinkPHP\Library\Think\Controller\RestController.class.php 第 118 行.
NOTIC: [8] Undefined index: HTTP_ACCEPT C:\wamp64\www\applicationServer\ThinkPHP\Library\Think\Controller\RestController.class.php 第 118 行.
NOTIC: [8] Undefined index: HTTP_ACCEPT C:\wamp64\www\applicationServer\ThinkPHP\Library\Think\Controller\RestController.class.php 第 118 行.
NOTIC: [8] Undefined index: HTTP_ACCEPT C:\wamp64\www\applicationServer\ThinkPHP\Library\Think\Controller\RestController.class.php 第 118 行.
NOTIC: [8] Undefined index: HTTP_ACCEPT C:\wamp64\www\applicationServer\ThinkPHP\Library\Think\Controller\RestController.class.php 第 118 行.
NOTIC: [8] Undefined index: HTTP_ACCEPT C:\wamp64\www\applicationServer\ThinkPHP\Library\Think\Controller\RestController.class.php 第 118 行.
NOTIC: [8] Undefined index: HTTP_ACCEPT C:\wamp64\www\applicationServer\ThinkPHP\Library\Think\Controller\RestController.class.php 第 118 行.
NOTIC: [8] Undefined index: HTTP_ACCEPT C:\wamp64\www\applicationServer\ThinkPHP\Library\Think\Controller\RestController.class.php 第 118 行.
NOTIC: [8] Undefined index: HTTP_ACCEPT C:\wamp64\www\applicationServer\ThinkPHP\Library\Think\Controller\RestController.class.php 第 118 行.
NOTIC: [8] Undefined index: HTTP_ACCEPT C:\wamp64\www\applicationServer\ThinkPHP\Library\Think\Controller\RestController.class.php 第 118 行.
NOTIC: [8] Undefined index: HTTP_ACCEPT C:\wamp64\www\applicationServer\ThinkPHP\Library\Think\Controller\RestController.class.php 第 118 行.
NOTIC: [8] Undefined index: HTTP_ACCEPT C:\wamp64\www\applicationServer\ThinkPHP\Library\Think\Controller\RestController.class.php 第 118 行.
NOTIC: [8] Undefined index: HTTP_ACCEPT C:\wamp64\www\applicationServer\ThinkPHP\Library\Think\Controller\RestController.class.php 第 118 行.
NOTIC: [8] Undefined index: HTTP_ACCEPT C:\wamp64\www\applicationServer\ThinkPHP\Library\Think\Controller\RestController.class.php 第 118 行.
NOTIC: [8] Undefined index: HTTP_ACCEPT C:\wamp64\www\applicationServer\ThinkPHP\Library\Think\Controller\RestController.class.php 第 118 行.
NOTIC: [8] Undefined index: HTTP_ACCEPT C:\wamp64\www\applicationServer\ThinkPHP\Library\Think\Controller\RestController.class.php 第 118 行.
NOTIC: [8] Undefined index: HTTP_ACCEPT C:\wamp64\www\applicationServer\ThinkPHP\Library\Think\Controller\RestController.class.php 第 118 行.
NOTIC: [8] Undefined index: HTTP_ACCEPT C:\wamp64\www\applicationServer\ThinkPHP\Library\Think\Controller\RestController.class.php 第 118 行.
NOTIC: [8] Undefined index: HTTP_ACCEPT C:\wamp64\www\applicationServer\ThinkPHP\Library\Think\Controller\RestController.class.php 第 118 行.
NOTIC: [8] Undefined index: HTTP_ACCEPT C:\wamp64\www\applicationServer\ThinkPHP\Library\Think\Controller\RestController.class.php 第 118 行.
NOTIC: [8] Undefined index: HTTP_ACCEPT C:\wamp64\www\applicationServer\ThinkPHP\Library\Think\Controller\RestController.class.php 第 118 行.
NOTIC: [8] Undefined index: HTTP_ACCEPT C:\wamp64\www\applicationServer\ThinkPHP\Library\Think\Controller\RestController.class.php 第 118 行.
NOTIC: [8] Undefined index: HTTP_ACCEPT C:\wamp64\www\applicationServer\ThinkPHP\Library\Think\Controller\RestController.class.php 第 118 行.
NOTIC: [8] Undefined index: HTTP_ACCEPT C:\wamp64\www\applicationServer\ThinkPHP\Library\Think\Controller\RestController.class.php 第 118 行.
NOTIC: [8] Undefined index: HTTP_ACCEPT C:\wamp64\www\applicationServer\ThinkPHP\Library\Think\Controller\RestController.class.php 第 118 行.
NOTIC: [8] Undefined index: HTTP_ACCEPT C:\wamp64\www\applicationServer\ThinkPHP\Library\Think\Controller\RestController.class.php 第 118 行.
INFO: [ app_end ] --START--
INFO: Run Behavior\ShowPageTraceBehavior [ RunTime:0.002391s ]
INFO: [ app_end ] --END-- [ RunTime:0.002466s ]

[ 2018-10-23T12:58:42+08:00 ] ::1 /applicationServer/Home/Actor/NewActor
INFO: [ app_init ] --START--
INFO: Run Behavior\BuildLiteBehavior [ RunTime:0.000018s ]
INFO: [ app_init ] --END-- [ RunTime:0.000585s ]
INFO: [ app_begin ] --START--
INFO: Run Behavior\ReadHtmlCacheBehavior [ RunTime:0.001073s ]
INFO: [ app_begin ] --END-- [ RunTime:0.001159s ]
NOTIC: [8] Undefined index: HTTP_ACCEPT C:\wamp64\www\applicationServer\ThinkPHP\Library\Think\Controller\RestController.class.php 第 118 行.
NOTIC: [8] Undefined index: HTTP_ACCEPT C:\wamp64\www\applicationServer\ThinkPHP\Library\Think\Controller\RestController.class.php 第 118 行.
NOTIC: [8] Undefined index: HTTP_ACCEPT C:\wamp64\www\applicationServer\ThinkPHP\Library\Think\Controller\RestController.class.php 第 118 行.
NOTIC: [8] Undefined index: HTTP_ACCEPT C:\wamp64\www\applicationServer\ThinkPHP\Library\Think\Controller\RestController.class.php 第 118 行.
NOTIC: [8] Undefined index: HTTP_ACCEPT C:\wamp64\www\applicationServer\ThinkPHP\Library\Think\Controller\RestController.class.php 第 118 行.
NOTIC: [8] Undefined index: HTTP_ACCEPT C:\wamp64\www\applicationServer\ThinkPHP\Library\Think\Controller\RestController.class.php 第 118 行.
NOTIC: [8] Undefined index: HTTP_ACCEPT C:\wamp64\www\applicationServer\ThinkPHP\Library\Think\Controller\RestController.class.php 第 118 行.
NOTIC: [8] Undefined index: HTTP_ACCEPT C:\wamp64\www\applicationServer\ThinkPHP\Library\Think\Controller\RestController.class.php 第 118 行.
NOTIC: [8] Undefined index: HTTP_ACCEPT C:\wamp64\www\applicationServer\ThinkPHP\Library\Think\Controller\RestController.class.php 第 118 行.
NOTIC: [8] Undefined index: HTTP_ACCEPT C:\wamp64\www\applicationServer\ThinkPHP\Library\Think\Controller\RestController.class.php 第 118 行.
NOTIC: [8] Undefined index: HTTP_ACCEPT C:\wamp64\www\applicationServer\ThinkPHP\Library\Think\Controller\RestController.class.php 第 118 行.
NOTIC: [8] Undefined index: HTTP_ACCEPT C:\wamp64\www\applicationServer\ThinkPHP\Library\Think\Controller\RestController.class.php 第 118 行.
NOTIC: [8] Undefined index: HTTP_ACCEPT C:\wamp64\www\applicationServer\ThinkPHP\Library\Think\Controller\RestController.class.php 第 118 行.
NOTIC: [8] Undefined index: HTTP_ACCEPT C:\wamp64\www\applicationServer\ThinkPHP\Library\Think\Controller\RestController.class.php 第 118 行.
NOTIC: [8] Undefined index: HTTP_ACCEPT C:\wamp64\www\applicationServer\ThinkPHP\Library\Think\Controller\RestController.class.php 第 118 行.
NOTIC: [8] Undefined index: HTTP_ACCEPT C:\wamp64\www\applicationServer\ThinkPHP\Library\Think\Controller\RestController.class.php 第 118 行.
NOTIC: [8] Undefined index: HTTP_ACCEPT C:\wamp64\www\applicationServer\ThinkPHP\Library\Think\Controller\RestController.class.php 第 118 行.
NOTIC: [8] Undefined index: HTTP_ACCEPT C:\wamp64\www\applicationServer\ThinkPHP\Library\Think\Controller\RestController.class.php 第 118 行.
NOTIC: [8] Undefined index: HTTP_ACCEPT C:\wamp64\www\applicationServer\ThinkPHP\Library\Think\Controller\RestController.class.php 第 118 行.
NOTIC: [8] Undefined index: HTTP_ACCEPT C:\wamp64\www\applicationServer\ThinkPHP\Library\Think\Controller\RestController.class.php 第 118 行.
NOTIC: [8] Undefined index: HTTP_ACCEPT C:\wamp64\www\applicationServer\ThinkPHP\Library\Think\Controller\RestController.class.php 第 118 行.
NOTIC: [8] Undefined index: HTTP_ACCEPT C:\wamp64\www\applicationServer\ThinkPHP\Library\Think\Controller\RestController.class.php 第 118 行.
NOTIC: [8] Undefined index: HTTP_ACCEPT C:\wamp64\www\applicationServer\ThinkPHP\Library\Think\Controller\RestController.class.php 第 118 行.
NOTIC: [8] Undefined index: HTTP_ACCEPT C:\wamp64\www\applicationServer\ThinkPHP\Library\Think\Controller\RestController.class.php 第 118 行.
NOTIC: [8] Undefined index: HTTP_ACCEPT C:\wamp64\www\applicationServer\ThinkPHP\Library\Think\Controller\RestController.class.php 第 118 行.
NOTIC: [8] Undefined index: HTTP_ACCEPT C:\wamp64\www\applicationServer\ThinkPHP\Library\Think\Controller\RestController.class.php 第 118 行.
NOTIC: [8] Undefined index: Content C:\wamp64\www\applicationServer\Application\Home\Controller\ActorController.class.php 第 18 行.
INFO: [ app_end ] --START--
INFO: Run Behavior\ShowPageTraceBehavior [ RunTime:0.001022s ]
INFO: [ app_end ] --END-- [ RunTime:0.001064s ]

